#
# There is insufficient memory for the Java Runtime Environment to continue.
# Native memory allocation (mmap) failed to map 65536 bytes for Failed to commit metaspace.
# Possible reasons:
#   The system is out of physical RAM or swap space
#   The process is running with CompressedOops enabled, and the Java Heap may be blocking the growth of the native heap
# Possible solutions:
#   Reduce memory load on the system
#   Increase physical memory or swap space
#   Check if swap backing store is full
#   Decrease Java heap size (-Xmx/-Xms)
#   Decrease number of Java threads
#   Decrease Java thread stack sizes (-Xss)
#   Set larger code cache with -XX:ReservedCodeCacheSize=
#   JVM is running with Unscaled Compressed Oops mode in which the Java heap is
#     placed in the first 4GB address space. The Java Heap base address is the
#     maximum limit for the native heap growth. Please use -XX:HeapBaseMinAddress
#     to set the Java Heap base and to place the Java Heap above 4GB virtual address.
# This output file may be truncated or incomplete.
#
#  Out of Memory Error (virtualSpaceNode.cpp:112), pid=7924, tid=5996
#
# JRE version: Java(TM) SE Runtime Environment (21.0.1+12) (build 21.0.1+12-LTS-29)
# Java VM: Java HotSpot(TM) 64-Bit Server VM (21.0.1+12-LTS-29, mixed mode, sharing, tiered, compressed oops, compressed class ptrs, g1 gc, windows-amd64)
# No core dump will be written. Minidumps are not enabled by default on client versions of Windows
#

---------------  S U M M A R Y ------------

Command Line: --enable-preview -XX:+ShowCodeDetailsInExceptionMessages searchRoom

Host: Intel(R) Core(TM) i5-10500H CPU @ 2.50GHz, 12 cores, 7G,  Windows 11 , 64 bit Build 22621 (10.0.22621.3235)
Time: Wed Mar 27 16:14:25 2024 India Standard Time elapsed time: 0.331257 seconds (0d 0h 0m 0s)

---------------  T H R E A D  ---------------

Current thread (0x0000019c3ff7a000):  JavaThread "main"             [_thread_in_vm, id=5996, stack(0x0000000203e00000,0x0000000203f00000) (1024K)]

Stack: [0x0000000203e00000,0x0000000203f00000]
Native frames: (J=compiled Java code, j=interpreted, Vv=VM code, C=native code)
V  [jvm.dll+0x6c9029]
V  [jvm.dll+0x854b81]
V  [jvm.dll+0x856e5e]
V  [jvm.dll+0x857543]
V  [jvm.dll+0x280c06]
V  [jvm.dll+0x8508ae]
V  [jvm.dll+0x66ca45]
V  [jvm.dll+0x66caaa]
V  [jvm.dll+0x66f2a6]
V  [jvm.dll+0x66f172]
V  [jvm.dll+0x66d41e]
V  [jvm.dll+0x217f0e]
V  [jvm.dll+0x2189b1]
V  [jvm.dll+0x20dc4e]
V  [jvm.dll+0x5ac6dc]
V  [jvm.dll+0x21f67a]
V  [jvm.dll+0x7ccde1]
V  [jvm.dll+0x7cde45]
V  [jvm.dll+0x7ce3ef]
V  [jvm.dll+0x7ce098]
V  [jvm.dll+0x26ebdb]
V  [jvm.dll+0x26ee0a]
V  [jvm.dll+0x5cf3e7]
V  [jvm.dll+0x5d239f]
V  [jvm.dll+0x3d7360]
V  [jvm.dll+0x3d69dd]
C  0x0000019c51c496f5

The last pc belongs to invokestatic (printed below).
Java frames: (J=compiled Java code, j=interpreted, Vv=VM code)
j  sun.java2d.d3d.D3DGraphicsDevice.getDeviceCaps(I)Lsun/java2d/pipe/hw/ContextCapabilities;+2 java.desktop@21.0.1
j  sun.java2d.d3d.D3DGraphicsDevice.createDevice(I)Lsun/java2d/d3d/D3DGraphicsDevice;+9 java.desktop@21.0.1
j  sun.awt.Win32GraphicsEnvironment.makeScreenDevice(I)Ljava/awt/GraphicsDevice;+9 java.desktop@21.0.1
j  sun.java2d.SunGraphicsEnvironment.getScreenDevices()[Ljava/awt/GraphicsDevice;+30 java.desktop@21.0.1
j  sun.awt.Win32GraphicsEnvironment.getDefaultScreenDevice()Ljava/awt/GraphicsDevice;+1 java.desktop@21.0.1
j  java.awt.Window.initGC(Ljava/awt/GraphicsConfiguration;)Ljava/awt/GraphicsConfiguration;+10 java.desktop@21.0.1
j  java.awt.Window.init(Ljava/awt/GraphicsConfiguration;)V+45 java.desktop@21.0.1
j  java.awt.Window.<init>()V+114 java.desktop@21.0.1
j  java.awt.Frame.<init>(Ljava/lang/String;)V+1 java.desktop@21.0.1
j  java.awt.Frame.<init>()V+3 java.desktop@21.0.1
j  javax.swing.JFrame.<init>()V+1 java.desktop@21.0.1
j  searchRoom.<init>()V+1
j  searchRoom.main([Ljava/lang/String;)V+3
v  ~StubRoutines::call_stub 0x0000019c51c3100d
invokestatic  184 invokestatic  [0x0000019c51c49640, 0x0000019c51c498e8]  680 bytes
[MachCode]
  0x0000019c51c49640: 4883 ec08 | c5fa 1104 | 24eb 1f48 | 83ec 10c5 | fb11 0424 | eb14 4883 | ec10 4889 | 0424 48c7 
  0x0000019c51c49660: 4424 0800 | 0000 00eb | 0150 4c89 | 6dc0 410f | b755 0148 | 8b4d d0c1 | e202 8b5c | d138 c1eb 
  0x0000019c51c49680: 1081 e3ff | 0000 0081 | fbb8 0000 | 000f 84b4 | 0000 00bb | b800 0000 | e805 0000 | 00e9 9900 
  0x0000019c51c496a0: 0000 488b | d348 8d44 | 2408 4c89 | 6dc0 498b | cfc5 f877 | 4989 afa8 | 0300 0049 | 8987 9803 
  0x0000019c51c496c0: 0000 4883 | ec20 40f6 | c40f 0f84 | 1900 0000 | 4883 ec08 | 48b8 7069 | bce4 fe7f | 0000 ffd0 
  0x0000019c51c496e0: 4883 c408 | e90c 0000 | 0048 b870 | 69bc e4fe | 7f00 00ff | d048 83c4 | 2049 c787 | 9803 0000 
  0x0000019c51c49700: 0000 0000 | 49c7 87a8 | 0300 0000 | 0000 0049 | c787 a003 | 0000 0000 | 0000 c5f8 | 7749 837f 
  0x0000019c51c49720: 0800 0f84 | 0500 0000 | e9d3 77fe | ff4c 8b6d | c04c 8b75 | c84e 8d74 | f500 c341 | 0fb7 5501 
  0x0000019c51c49740: 488b 4dd0 | c1e2 0248 | 8b5c d140 | 488b 5b08 | 488b 5b08 | 488b 5b18 | 80bb 2001 | 0000 050f 
  0x0000019c51c49760: 840d 0000 | 004c 3bbb | 3001 0000 | 0f85 21ff | ffff 488b | 5cd1 408b | 54d1 50c1 | ea1c 49ba 
  0x0000019c51c49780: 909e 43e5 | fe7f 0000 | 498b 14d2 | 5248 8b45 | d848 85c0 | 0f84 1200 | 0000 4883 | 4008 0148 
  0x0000019c51c497a0: 8358 0800 | 4883 c010 | 4889 45d8 | 488b 45d8 | 4885 c00f | 8423 0100 | 0080 78f0 | 0a0f 8519 
  0x0000019c51c497c0: 0100 0048 | 83c0 084c | 8b68 f841 | 83ed 0041 | 83fd 020f | 8cf8 0000 | 004c 8b6b | 0845 0fb7 
  0x0000019c51c497e0: 6d2e 4c2b | 2841 83ed | 014e 8b6c | ec08 4d85 | ed75 0748 | 8348 0801 | eb4a 458b | 6d08 49ba 
  0x0000019c51c49800: 0000 0060 | 9c01 0000 | 4d03 ea4c | 3368 0849 | f7c5 fcff | ffff 742c | 41f6 c502 | 7526 4883 
  0x0000019c51c49820: 7808 0074 | 1b48 8378 | 0801 7414 | 4c33 6808 | 49f7 c5fc | ffff ff74 | 0b48 8348 | 0802 eb04 
  0x0000019c51c49840: 4c89 6808 | 4883 c010 | 4c8b 68e8 | 4183 ed02 | 4183 fd02 | 0f8c 7700 | 0000 4c8b | 6b08 450f 
  0x0000019c51c49860: b76d 2e4c | 2b28 4183 | ed01 4e8b | 6cec 084d | 85ed 7507 | 4883 4808 | 01eb 4a45 | 8b6d 0849 
  0x0000019c51c49880: ba00 0000 | 609c 0100 | 004d 03ea | 4c33 6808 | 49f7 c5fc | ffff ff74 | 2c41 f6c5 | 0275 2648 
  0x0000019c51c498a0: 8378 0800 | 741b 4883 | 7808 0174 | 144c 3368 | 0849 f7c5 | fcff ffff | 740b 4883 | 4808 02eb 
  0x0000019c51c498c0: 044c 8968 | 0848 83c0 | 104c 8b68 | d841 83ed | 0441 c1e5 | 0349 03c5 | 4889 45d8 | 4c8d 6c24 
  0x0000019c51c498e0: 084c 896d | f0ff 6350 
[/MachCode]

---------------  P R O C E S S  ---------------

Threads class SMR info:
_java_thread_list=0x0000019c5f4a75c0, length=14, elements={
0x0000019c3ff7a000, 0x0000019c5f013a60, 0x0000019c5f014620, 0x0000019c5f016680,
0x0000019c5f017360, 0x0000019c5f01ff00, 0x0000019c5f0233d0, 0x0000019c5f02fd70,
0x0000019c5f050a30, 0x0000019c5f28fe70, 0x0000019c5f295d20, 0x0000019c5f4bc050,
0x0000019c5f4c29e0, 0x0000019c5f4c8e10
}

Java Threads: ( => current thread )
=>0x0000019c3ff7a000 JavaThread "main"                              [_thread_in_vm, id=5996, stack(0x0000000203e00000,0x0000000203f00000) (1024K)]
  0x0000019c5f013a60 JavaThread "Reference Handler"          daemon [_thread_blocked, id=20144, stack(0x0000000204600000,0x0000000204700000) (1024K)]
  0x0000019c5f014620 JavaThread "Finalizer"                  daemon [_thread_blocked, id=34452, stack(0x0000000204700000,0x0000000204800000) (1024K)]
  0x0000019c5f016680 JavaThread "Signal Dispatcher"          daemon [_thread_blocked, id=2420, stack(0x0000000204800000,0x0000000204900000) (1024K)]
  0x0000019c5f017360 JavaThread "Attach Listener"            daemon [_thread_blocked, id=17872, stack(0x0000000204900000,0x0000000204a00000) (1024K)]
  0x0000019c5f01ff00 JavaThread "Service Thread"             daemon [_thread_blocked, id=4156, stack(0x0000000204a00000,0x0000000204b00000) (1024K)]
  0x0000019c5f0233d0 JavaThread "Monitor Deflation Thread"   daemon [_thread_blocked, id=10980, stack(0x0000000204b00000,0x0000000204c00000) (1024K)]
  0x0000019c5f02fd70 JavaThread "C2 CompilerThread0"         daemon [_thread_blocked, id=7784, stack(0x0000000204c00000,0x0000000204d00000) (1024K)]
  0x0000019c5f050a30 JavaThread "C1 CompilerThread0"         daemon [_thread_blocked, id=26116, stack(0x0000000204d00000,0x0000000204e00000) (1024K)]
  0x0000019c5f28fe70 JavaThread "Notification Thread"        daemon [_thread_blocked, id=1768, stack(0x0000000204e00000,0x0000000204f00000) (1024K)]
  0x0000019c5f295d20 JavaThread "Common-Cleaner"             daemon [_thread_blocked, id=27444, stack(0x0000000204f00000,0x0000000205000000) (1024K)]
  0x0000019c5f4bc050 JavaThread "Java2D Disposer"            daemon [_thread_blocked, id=4896, stack(0x0000000205000000,0x0000000205100000) (1024K)]
  0x0000019c5f4c29e0 JavaThread "AWT-Shutdown"                      [_thread_blocked, id=12864, stack(0x0000000205100000,0x0000000205200000) (1024K)]
  0x0000019c5f4c8e10 JavaThread "AWT-Windows"                daemon [_thread_in_native, id=18400, stack(0x0000000205200000,0x0000000205300000) (1024K)]
Total: 14

Other Threads:
  0x0000019c5eff3950 VMThread "VM Thread"                           [id=26700, stack(0x0000000204500000,0x0000000204600000) (1024K)]
  0x0000019c5efdd760 WatcherThread "VM Periodic Task Thread"        [id=12328, stack(0x0000000204400000,0x0000000204500000) (1024K)]
  0x0000019c422ff490 WorkerThread "GC Thread#0"                     [id=9260, stack(0x0000000203f00000,0x0000000204000000) (1024K)]
  0x0000019c42310780 ConcurrentGCThread "G1 Main Marker"            [id=33896, stack(0x0000000204000000,0x0000000204100000) (1024K)]
  0x0000019c42311330 WorkerThread "G1 Conc#0"                       [id=13820, stack(0x0000000204100000,0x0000000204200000) (1024K)]
  0x0000019c4236e8e0 ConcurrentGCThread "G1 Refine#0"               [id=32096, stack(0x0000000204200000,0x0000000204300000) (1024K)]
  0x0000019c5eeb1550 ConcurrentGCThread "G1 Service"                [id=25396, stack(0x0000000204300000,0x0000000204400000) (1024K)]
Total: 7

Threads with active compile tasks:
Total: 0

VM state: not at safepoint (normal execution)

VM Mutex/Monitor currently owned by a thread:  ([mutex/lock_event])
[0x00007ffee5428578] Metaspace_lock - owner thread: 0x0000019c3ff7a000

Heap address: 0x0000000082000000, size: 2016 MB, Compressed Oops mode: 32-bit

CDS archive(s) mapped at: [0x0000019c60000000-0x0000019c60c90000-0x0000019c60c90000), size 13172736, SharedBaseAddress: 0x0000019c60000000, ArchiveRelocationMode: 1.
Compressed class space mapped at: 0x0000019c61000000-0x0000019ca1000000, reserved size: 1073741824
Narrow klass base: 0x0000019c60000000, Narrow klass shift: 0, Narrow klass range: 0x100000000

GC Precious Log:
 CardTable entry size: 512
 Card Set container configuration: InlinePtr #cards 5 size 8 Array Of Cards #cards 12 size 40 Howl #buckets 4 coarsen threshold 1843 Howl Bitmap #cards 512 size 80 coarsen threshold 460 Card regions per heap region 1 cards per card region 2048
 CPUs: 12 total, 12 available
 Memory: 8059M
 Large Page Support: Disabled
 NUMA Support: Disabled
 Compressed Oops: Enabled (32-bit)
 Heap Region Size: 1M
 Heap Min Capacity: 8M
 Heap Initial Capacity: 126M
 Heap Max Capacity: 2016M
 Pre-touch: Disabled
 Parallel Workers: 10
 Concurrent Workers: 3
 Concurrent Refinement Workers: 10
 Periodic GC: Disabled

Heap:
 garbage-first heap   total 129024K, used 3072K [0x0000000082000000, 0x0000000100000000)
  region size 1024K, 4 young (4096K), 0 survivors (0K)
 Metaspace       used 3275K, committed 3392K, reserved 1114112K
  class space    used 333K, committed 384K, reserved 1048576K

Heap Regions: E=young(eden), S=young(survivor), O=old, HS=humongous(starts), HC=humongous(continues), CS=collection set, F=free, TAMS=top-at-mark-start, PB=parsable bottom
|   0|0x0000000082000000, 0x0000000082000000, 0x0000000082100000|  0%| F|  |TAMS 0x0000000082000000| PB 0x0000000082000000| Untracked 
|   1|0x0000000082100000, 0x0000000082100000, 0x0000000082200000|  0%| F|  |TAMS 0x0000000082100000| PB 0x0000000082100000| Untracked 
|   2|0x0000000082200000, 0x0000000082200000, 0x0000000082300000|  0%| F|  |TAMS 0x0000000082200000| PB 0x0000000082200000| Untracked 
|   3|0x0000000082300000, 0x0000000082300000, 0x0000000082400000|  0%| F|  |TAMS 0x0000000082300000| PB 0x0000000082300000| Untracked 
|   4|0x0000000082400000, 0x0000000082400000, 0x0000000082500000|  0%| F|  |TAMS 0x0000000082400000| PB 0x0000000082400000| Untracked 
|   5|0x0000000082500000, 0x0000000082500000, 0x0000000082600000|  0%| F|  |TAMS 0x0000000082500000| PB 0x0000000082500000| Untracked 
|   6|0x0000000082600000, 0x0000000082600000, 0x0000000082700000|  0%| F|  |TAMS 0x0000000082600000| PB 0x0000000082600000| Untracked 
|   7|0x0000000082700000, 0x0000000082700000, 0x0000000082800000|  0%| F|  |TAMS 0x0000000082700000| PB 0x0000000082700000| Untracked 
|   8|0x0000000082800000, 0x0000000082800000, 0x0000000082900000|  0%| F|  |TAMS 0x0000000082800000| PB 0x0000000082800000| Untracked 
|   9|0x0000000082900000, 0x0000000082900000, 0x0000000082a00000|  0%| F|  |TAMS 0x0000000082900000| PB 0x0000000082900000| Untracked 
|  10|0x0000000082a00000, 0x0000000082a00000, 0x0000000082b00000|  0%| F|  |TAMS 0x0000000082a00000| PB 0x0000000082a00000| Untracked 
|  11|0x0000000082b00000, 0x0000000082b00000, 0x0000000082c00000|  0%| F|  |TAMS 0x0000000082b00000| PB 0x0000000082b00000| Untracked 
|  12|0x0000000082c00000, 0x0000000082c00000, 0x0000000082d00000|  0%| F|  |TAMS 0x0000000082c00000| PB 0x0000000082c00000| Untracked 
|  13|0x0000000082d00000, 0x0000000082d00000, 0x0000000082e00000|  0%| F|  |TAMS 0x0000000082d00000| PB 0x0000000082d00000| Untracked 
|  14|0x0000000082e00000, 0x0000000082e00000, 0x0000000082f00000|  0%| F|  |TAMS 0x0000000082e00000| PB 0x0000000082e00000| Untracked 
|  15|0x0000000082f00000, 0x0000000082f00000, 0x0000000083000000|  0%| F|  |TAMS 0x0000000082f00000| PB 0x0000000082f00000| Untracked 
|  16|0x0000000083000000, 0x0000000083000000, 0x0000000083100000|  0%| F|  |TAMS 0x0000000083000000| PB 0x0000000083000000| Untracked 
|  17|0x0000000083100000, 0x0000000083100000, 0x0000000083200000|  0%| F|  |TAMS 0x0000000083100000| PB 0x0000000083100000| Untracked 
|  18|0x0000000083200000, 0x0000000083200000, 0x0000000083300000|  0%| F|  |TAMS 0x0000000083200000| PB 0x0000000083200000| Untracked 
|  19|0x0000000083300000, 0x0000000083300000, 0x0000000083400000|  0%| F|  |TAMS 0x0000000083300000| PB 0x0000000083300000| Untracked 
|  20|0x0000000083400000, 0x0000000083400000, 0x0000000083500000|  0%| F|  |TAMS 0x0000000083400000| PB 0x0000000083400000| Untracked 
|  21|0x0000000083500000, 0x0000000083500000, 0x0000000083600000|  0%| F|  |TAMS 0x0000000083500000| PB 0x0000000083500000| Untracked 
|  22|0x0000000083600000, 0x0000000083600000, 0x0000000083700000|  0%| F|  |TAMS 0x0000000083600000| PB 0x0000000083600000| Untracked 
|  23|0x0000000083700000, 0x0000000083700000, 0x0000000083800000|  0%| F|  |TAMS 0x0000000083700000| PB 0x0000000083700000| Untracked 
|  24|0x0000000083800000, 0x0000000083800000, 0x0000000083900000|  0%| F|  |TAMS 0x0000000083800000| PB 0x0000000083800000| Untracked 
|  25|0x0000000083900000, 0x0000000083900000, 0x0000000083a00000|  0%| F|  |TAMS 0x0000000083900000| PB 0x0000000083900000| Untracked 
|  26|0x0000000083a00000, 0x0000000083a00000, 0x0000000083b00000|  0%| F|  |TAMS 0x0000000083a00000| PB 0x0000000083a00000| Untracked 
|  27|0x0000000083b00000, 0x0000000083b00000, 0x0000000083c00000|  0%| F|  |TAMS 0x0000000083b00000| PB 0x0000000083b00000| Untracked 
|  28|0x0000000083c00000, 0x0000000083c00000, 0x0000000083d00000|  0%| F|  |TAMS 0x0000000083c00000| PB 0x0000000083c00000| Untracked 
|  29|0x0000000083d00000, 0x0000000083d00000, 0x0000000083e00000|  0%| F|  |TAMS 0x0000000083d00000| PB 0x0000000083d00000| Untracked 
|  30|0x0000000083e00000, 0x0000000083e00000, 0x0000000083f00000|  0%| F|  |TAMS 0x0000000083e00000| PB 0x0000000083e00000| Untracked 
|  31|0x0000000083f00000, 0x0000000083f00000, 0x0000000084000000|  0%| F|  |TAMS 0x0000000083f00000| PB 0x0000000083f00000| Untracked 
|  32|0x0000000084000000, 0x0000000084000000, 0x0000000084100000|  0%| F|  |TAMS 0x0000000084000000| PB 0x0000000084000000| Untracked 
|  33|0x0000000084100000, 0x0000000084100000, 0x0000000084200000|  0%| F|  |TAMS 0x0000000084100000| PB 0x0000000084100000| Untracked 
|  34|0x0000000084200000, 0x0000000084200000, 0x0000000084300000|  0%| F|  |TAMS 0x0000000084200000| PB 0x0000000084200000| Untracked 
|  35|0x0000000084300000, 0x0000000084300000, 0x0000000084400000|  0%| F|  |TAMS 0x0000000084300000| PB 0x0000000084300000| Untracked 
|  36|0x0000000084400000, 0x0000000084400000, 0x0000000084500000|  0%| F|  |TAMS 0x0000000084400000| PB 0x0000000084400000| Untracked 
|  37|0x0000000084500000, 0x0000000084500000, 0x0000000084600000|  0%| F|  |TAMS 0x0000000084500000| PB 0x0000000084500000| Untracked 
|  38|0x0000000084600000, 0x0000000084600000, 0x0000000084700000|  0%| F|  |TAMS 0x0000000084600000| PB 0x0000000084600000| Untracked 
|  39|0x0000000084700000, 0x0000000084700000, 0x0000000084800000|  0%| F|  |TAMS 0x0000000084700000| PB 0x0000000084700000| Untracked 
|  40|0x0000000084800000, 0x0000000084800000, 0x0000000084900000|  0%| F|  |TAMS 0x0000000084800000| PB 0x0000000084800000| Untracked 
|  41|0x0000000084900000, 0x0000000084900000, 0x0000000084a00000|  0%| F|  |TAMS 0x0000000084900000| PB 0x0000000084900000| Untracked 
|  42|0x0000000084a00000, 0x0000000084a00000, 0x0000000084b00000|  0%| F|  |TAMS 0x0000000084a00000| PB 0x0000000084a00000| Untracked 
|  43|0x0000000084b00000, 0x0000000084b00000, 0x0000000084c00000|  0%| F|  |TAMS 0x0000000084b00000| PB 0x0000000084b00000| Untracked 
|  44|0x0000000084c00000, 0x0000000084c00000, 0x0000000084d00000|  0%| F|  |TAMS 0x0000000084c00000| PB 0x0000000084c00000| Untracked 
|  45|0x0000000084d00000, 0x0000000084d00000, 0x0000000084e00000|  0%| F|  |TAMS 0x0000000084d00000| PB 0x0000000084d00000| Untracked 
|  46|0x0000000084e00000, 0x0000000084e00000, 0x0000000084f00000|  0%| F|  |TAMS 0x0000000084e00000| PB 0x0000000084e00000| Untracked 
|  47|0x0000000084f00000, 0x0000000084f00000, 0x0000000085000000|  0%| F|  |TAMS 0x0000000084f00000| PB 0x0000000084f00000| Untracked 
|  48|0x0000000085000000, 0x0000000085000000, 0x0000000085100000|  0%| F|  |TAMS 0x0000000085000000| PB 0x0000000085000000| Untracked 
|  49|0x0000000085100000, 0x0000000085100000, 0x0000000085200000|  0%| F|  |TAMS 0x0000000085100000| PB 0x0000000085100000| Untracked 
|  50|0x0000000085200000, 0x0000000085200000, 0x0000000085300000|  0%| F|  |TAMS 0x0000000085200000| PB 0x0000000085200000| Untracked 
|  51|0x0000000085300000, 0x0000000085300000, 0x0000000085400000|  0%| F|  |TAMS 0x0000000085300000| PB 0x0000000085300000| Untracked 
|  52|0x0000000085400000, 0x0000000085400000, 0x0000000085500000|  0%| F|  |TAMS 0x0000000085400000| PB 0x0000000085400000| Untracked 
|  53|0x0000000085500000, 0x0000000085500000, 0x0000000085600000|  0%| F|  |TAMS 0x0000000085500000| PB 0x0000000085500000| Untracked 
|  54|0x0000000085600000, 0x0000000085600000, 0x0000000085700000|  0%| F|  |TAMS 0x0000000085600000| PB 0x0000000085600000| Untracked 
|  55|0x0000000085700000, 0x0000000085700000, 0x0000000085800000|  0%| F|  |TAMS 0x0000000085700000| PB 0x0000000085700000| Untracked 
|  56|0x0000000085800000, 0x0000000085800000, 0x0000000085900000|  0%| F|  |TAMS 0x0000000085800000| PB 0x0000000085800000| Untracked 
|  57|0x0000000085900000, 0x0000000085900000, 0x0000000085a00000|  0%| F|  |TAMS 0x0000000085900000| PB 0x0000000085900000| Untracked 
|  58|0x0000000085a00000, 0x0000000085a00000, 0x0000000085b00000|  0%| F|  |TAMS 0x0000000085a00000| PB 0x0000000085a00000| Untracked 
|  59|0x0000000085b00000, 0x0000000085b00000, 0x0000000085c00000|  0%| F|  |TAMS 0x0000000085b00000| PB 0x0000000085b00000| Untracked 
|  60|0x0000000085c00000, 0x0000000085c00000, 0x0000000085d00000|  0%| F|  |TAMS 0x0000000085c00000| PB 0x0000000085c00000| Untracked 
|  61|0x0000000085d00000, 0x0000000085d00000, 0x0000000085e00000|  0%| F|  |TAMS 0x0000000085d00000| PB 0x0000000085d00000| Untracked 
|  62|0x0000000085e00000, 0x0000000085e00000, 0x0000000085f00000|  0%| F|  |TAMS 0x0000000085e00000| PB 0x0000000085e00000| Untracked 
|  63|0x0000000085f00000, 0x0000000085f00000, 0x0000000086000000|  0%| F|  |TAMS 0x0000000085f00000| PB 0x0000000085f00000| Untracked 
|  64|0x0000000086000000, 0x0000000086000000, 0x0000000086100000|  0%| F|  |TAMS 0x0000000086000000| PB 0x0000000086000000| Untracked 
|  65|0x0000000086100000, 0x0000000086100000, 0x0000000086200000|  0%| F|  |TAMS 0x0000000086100000| PB 0x0000000086100000| Untracked 
|  66|0x0000000086200000, 0x0000000086200000, 0x0000000086300000|  0%| F|  |TAMS 0x0000000086200000| PB 0x0000000086200000| Untracked 
|  67|0x0000000086300000, 0x0000000086300000, 0x0000000086400000|  0%| F|  |TAMS 0x0000000086300000| PB 0x0000000086300000| Untracked 
|  68|0x0000000086400000, 0x0000000086400000, 0x0000000086500000|  0%| F|  |TAMS 0x0000000086400000| PB 0x0000000086400000| Untracked 
|  69|0x0000000086500000, 0x0000000086500000, 0x0000000086600000|  0%| F|  |TAMS 0x0000000086500000| PB 0x0000000086500000| Untracked 
|  70|0x0000000086600000, 0x0000000086600000, 0x0000000086700000|  0%| F|  |TAMS 0x0000000086600000| PB 0x0000000086600000| Untracked 
|  71|0x0000000086700000, 0x0000000086700000, 0x0000000086800000|  0%| F|  |TAMS 0x0000000086700000| PB 0x0000000086700000| Untracked 
|  72|0x0000000086800000, 0x0000000086800000, 0x0000000086900000|  0%| F|  |TAMS 0x0000000086800000| PB 0x0000000086800000| Untracked 
|  73|0x0000000086900000, 0x0000000086900000, 0x0000000086a00000|  0%| F|  |TAMS 0x0000000086900000| PB 0x0000000086900000| Untracked 
|  74|0x0000000086a00000, 0x0000000086a00000, 0x0000000086b00000|  0%| F|  |TAMS 0x0000000086a00000| PB 0x0000000086a00000| Untracked 
|  75|0x0000000086b00000, 0x0000000086b00000, 0x0000000086c00000|  0%| F|  |TAMS 0x0000000086b00000| PB 0x0000000086b00000| Untracked 
|  76|0x0000000086c00000, 0x0000000086c00000, 0x0000000086d00000|  0%| F|  |TAMS 0x0000000086c00000| PB 0x0000000086c00000| Untracked 
|  77|0x0000000086d00000, 0x0000000086d00000, 0x0000000086e00000|  0%| F|  |TAMS 0x0000000086d00000| PB 0x0000000086d00000| Untracked 
|  78|0x0000000086e00000, 0x0000000086e00000, 0x0000000086f00000|  0%| F|  |TAMS 0x0000000086e00000| PB 0x0000000086e00000| Untracked 
|  79|0x0000000086f00000, 0x0000000086f00000, 0x0000000087000000|  0%| F|  |TAMS 0x0000000086f00000| PB 0x0000000086f00000| Untracked 
|  80|0x0000000087000000, 0x0000000087000000, 0x0000000087100000|  0%| F|  |TAMS 0x0000000087000000| PB 0x0000000087000000| Untracked 
|  81|0x0000000087100000, 0x0000000087100000, 0x0000000087200000|  0%| F|  |TAMS 0x0000000087100000| PB 0x0000000087100000| Untracked 
|  82|0x0000000087200000, 0x0000000087200000, 0x0000000087300000|  0%| F|  |TAMS 0x0000000087200000| PB 0x0000000087200000| Untracked 
|  83|0x0000000087300000, 0x0000000087300000, 0x0000000087400000|  0%| F|  |TAMS 0x0000000087300000| PB 0x0000000087300000| Untracked 
|  84|0x0000000087400000, 0x0000000087400000, 0x0000000087500000|  0%| F|  |TAMS 0x0000000087400000| PB 0x0000000087400000| Untracked 
|  85|0x0000000087500000, 0x0000000087500000, 0x0000000087600000|  0%| F|  |TAMS 0x0000000087500000| PB 0x0000000087500000| Untracked 
|  86|0x0000000087600000, 0x0000000087600000, 0x0000000087700000|  0%| F|  |TAMS 0x0000000087600000| PB 0x0000000087600000| Untracked 
|  87|0x0000000087700000, 0x0000000087700000, 0x0000000087800000|  0%| F|  |TAMS 0x0000000087700000| PB 0x0000000087700000| Untracked 
|  88|0x0000000087800000, 0x0000000087800000, 0x0000000087900000|  0%| F|  |TAMS 0x0000000087800000| PB 0x0000000087800000| Untracked 
|  89|0x0000000087900000, 0x0000000087900000, 0x0000000087a00000|  0%| F|  |TAMS 0x0000000087900000| PB 0x0000000087900000| Untracked 
|  90|0x0000000087a00000, 0x0000000087a00000, 0x0000000087b00000|  0%| F|  |TAMS 0x0000000087a00000| PB 0x0000000087a00000| Untracked 
|  91|0x0000000087b00000, 0x0000000087b00000, 0x0000000087c00000|  0%| F|  |TAMS 0x0000000087b00000| PB 0x0000000087b00000| Untracked 
|  92|0x0000000087c00000, 0x0000000087c00000, 0x0000000087d00000|  0%| F|  |TAMS 0x0000000087c00000| PB 0x0000000087c00000| Untracked 
|  93|0x0000000087d00000, 0x0000000087d00000, 0x0000000087e00000|  0%| F|  |TAMS 0x0000000087d00000| PB 0x0000000087d00000| Untracked 
|  94|0x0000000087e00000, 0x0000000087e00000, 0x0000000087f00000|  0%| F|  |TAMS 0x0000000087e00000| PB 0x0000000087e00000| Untracked 
|  95|0x0000000087f00000, 0x0000000087f00000, 0x0000000088000000|  0%| F|  |TAMS 0x0000000087f00000| PB 0x0000000087f00000| Untracked 
|  96|0x0000000088000000, 0x0000000088000000, 0x0000000088100000|  0%| F|  |TAMS 0x0000000088000000| PB 0x0000000088000000| Untracked 
|  97|0x0000000088100000, 0x0000000088100000, 0x0000000088200000|  0%| F|  |TAMS 0x0000000088100000| PB 0x0000000088100000| Untracked 
|  98|0x0000000088200000, 0x0000000088200000, 0x0000000088300000|  0%| F|  |TAMS 0x0000000088200000| PB 0x0000000088200000| Untracked 
|  99|0x0000000088300000, 0x0000000088300000, 0x0000000088400000|  0%| F|  |TAMS 0x0000000088300000| PB 0x0000000088300000| Untracked 
| 100|0x0000000088400000, 0x0000000088400000, 0x0000000088500000|  0%| F|  |TAMS 0x0000000088400000| PB 0x0000000088400000| Untracked 
| 101|0x0000000088500000, 0x0000000088500000, 0x0000000088600000|  0%| F|  |TAMS 0x0000000088500000| PB 0x0000000088500000| Untracked 
| 102|0x0000000088600000, 0x0000000088600000, 0x0000000088700000|  0%| F|  |TAMS 0x0000000088600000| PB 0x0000000088600000| Untracked 
| 103|0x0000000088700000, 0x0000000088700000, 0x0000000088800000|  0%| F|  |TAMS 0x0000000088700000| PB 0x0000000088700000| Untracked 
| 104|0x0000000088800000, 0x0000000088800000, 0x0000000088900000|  0%| F|  |TAMS 0x0000000088800000| PB 0x0000000088800000| Untracked 
| 105|0x0000000088900000, 0x0000000088900000, 0x0000000088a00000|  0%| F|  |TAMS 0x0000000088900000| PB 0x0000000088900000| Untracked 
| 106|0x0000000088a00000, 0x0000000088a00000, 0x0000000088b00000|  0%| F|  |TAMS 0x0000000088a00000| PB 0x0000000088a00000| Untracked 
| 107|0x0000000088b00000, 0x0000000088b00000, 0x0000000088c00000|  0%| F|  |TAMS 0x0000000088b00000| PB 0x0000000088b00000| Untracked 
| 108|0x0000000088c00000, 0x0000000088c00000, 0x0000000088d00000|  0%| F|  |TAMS 0x0000000088c00000| PB 0x0000000088c00000| Untracked 
| 109|0x0000000088d00000, 0x0000000088d00000, 0x0000000088e00000|  0%| F|  |TAMS 0x0000000088d00000| PB 0x0000000088d00000| Untracked 
| 110|0x0000000088e00000, 0x0000000088e00000, 0x0000000088f00000|  0%| F|  |TAMS 0x0000000088e00000| PB 0x0000000088e00000| Untracked 
| 111|0x0000000088f00000, 0x0000000088f00000, 0x0000000089000000|  0%| F|  |TAMS 0x0000000088f00000| PB 0x0000000088f00000| Untracked 
| 112|0x0000000089000000, 0x0000000089000000, 0x0000000089100000|  0%| F|  |TAMS 0x0000000089000000| PB 0x0000000089000000| Untracked 
| 113|0x0000000089100000, 0x0000000089100000, 0x0000000089200000|  0%| F|  |TAMS 0x0000000089100000| PB 0x0000000089100000| Untracked 
| 114|0x0000000089200000, 0x0000000089200000, 0x0000000089300000|  0%| F|  |TAMS 0x0000000089200000| PB 0x0000000089200000| Untracked 
| 115|0x0000000089300000, 0x0000000089300000, 0x0000000089400000|  0%| F|  |TAMS 0x0000000089300000| PB 0x0000000089300000| Untracked 
| 116|0x0000000089400000, 0x0000000089400000, 0x0000000089500000|  0%| F|  |TAMS 0x0000000089400000| PB 0x0000000089400000| Untracked 
| 117|0x0000000089500000, 0x0000000089500000, 0x0000000089600000|  0%| F|  |TAMS 0x0000000089500000| PB 0x0000000089500000| Untracked 
| 118|0x0000000089600000, 0x0000000089600000, 0x0000000089700000|  0%| F|  |TAMS 0x0000000089600000| PB 0x0000000089600000| Untracked 
| 119|0x0000000089700000, 0x0000000089700000, 0x0000000089800000|  0%| F|  |TAMS 0x0000000089700000| PB 0x0000000089700000| Untracked 
| 120|0x0000000089800000, 0x0000000089800000, 0x0000000089900000|  0%| F|  |TAMS 0x0000000089800000| PB 0x0000000089800000| Untracked 
| 121|0x0000000089900000, 0x0000000089900000, 0x0000000089a00000|  0%| F|  |TAMS 0x0000000089900000| PB 0x0000000089900000| Untracked 
| 122|0x0000000089a00000, 0x0000000089b00000, 0x0000000089b00000|100%| E|  |TAMS 0x0000000089a00000| PB 0x0000000089a00000| Complete 
| 123|0x0000000089b00000, 0x0000000089c00000, 0x0000000089c00000|100%| E|CS|TAMS 0x0000000089b00000| PB 0x0000000089b00000| Complete 
| 124|0x0000000089c00000, 0x0000000089d00000, 0x0000000089d00000|100%| E|CS|TAMS 0x0000000089c00000| PB 0x0000000089c00000| Complete 
| 125|0x0000000089d00000, 0x0000000089e00000, 0x0000000089e00000|100%| E|CS|TAMS 0x0000000089d00000| PB 0x0000000089d00000| Complete 

Card table byte_map: [0x0000019c5a050000,0x0000019c5a440000] _byte_map_base: 0x0000019c59c40000

Marking Bits: (CMBitMap*) 0x0000019c422ffa90
 Bits: [0x0000019c5a440000, 0x0000019c5c3c0000)

Polling page: 0x0000019c401e0000

Metaspace:

Usage:
  Non-class:      2.87 MB used.
      Class:    333.78 KB used.
       Both:      3.20 MB used.

Virtual space:
  Non-class space:       64.00 MB reserved,       2.94 MB (  5%) committed,  1 nodes.
      Class space:        1.00 GB reserved,     384.00 KB ( <1%) committed,  1 nodes.
             Both:        1.06 GB reserved,       3.31 MB ( <1%) committed. 

Chunk freelists:
   Non-Class:  11.91 MB
       Class:  15.57 MB
        Both:  27.49 MB

MaxMetaspaceSize: unlimited
CompressedClassSpaceSize: 1.00 GB
Initial GC threshold: 21.00 MB
Current GC threshold: 21.00 MB
CDS: on
 - commit_granule_bytes: 65536.
 - commit_granule_words: 8192.
 - virtual_space_node_default_size: 8388608.
 - enlarge_chunks_in_place: 1.
 - use_allocation_guard: 0.


Internal statistics:

num_allocs_failed_limit: 0.
num_arena_births: 90.
num_arena_deaths: 0.
num_vsnodes_births: 2.
num_vsnodes_deaths: 0.
num_space_committed: 53.
num_space_uncommitted: 0.
num_chunks_returned_to_freelist: 0.
num_chunks_taken_from_freelist: 108.
num_chunk_merges: 0.
num_chunk_splits: 65.
num_chunks_enlarged: 24.
num_inconsistent_stats: 0.

CodeHeap 'non-profiled nmethods': size=120000Kb used=107Kb max_used=107Kb free=119892Kb
 bounds [0x0000019c521d0000, 0x0000019c52440000, 0x0000019c59700000]
CodeHeap 'profiled nmethods': size=120000Kb used=459Kb max_used=459Kb free=119540Kb
 bounds [0x0000019c4a700000, 0x0000019c4a970000, 0x0000019c51c30000]
CodeHeap 'non-nmethods': size=5760Kb used=1380Kb max_used=1393Kb free=4379Kb
 bounds [0x0000019c51c30000, 0x0000019c51ea0000, 0x0000019c521d0000]
 total_blobs=825 nmethods=344 adapters=386
 compilation: enabled
              stopped_count=0, restarted_count=0
 full_count=0

Compilation events (20 events):
Event: 0.319 Thread 0x0000019c5f050a30  335       3       jdk.internal.misc.Unsafe::allocateUninitializedArray0 (90 bytes)
Event: 0.320 Thread 0x0000019c5f050a30 nmethod 335 0x0000019c4a76c010 code [0x0000019c4a76c240, 0x0000019c4a76cb80]
Event: 0.320 Thread 0x0000019c5f050a30  336       3       java.lang.invoke.MethodType::genericMethodType (95 bytes)
Event: 0.320 Thread 0x0000019c5f050a30 nmethod 336 0x0000019c4a76cd10 code [0x0000019c4a76cfc0, 0x0000019c4a76dcb8]
Event: 0.320 Thread 0x0000019c5f050a30  334       3       java.lang.Class::getName (18 bytes)
Event: 0.320 Thread 0x0000019c5f050a30 nmethod 334 0x0000019c4a76e090 code [0x0000019c4a76e240, 0x0000019c4a76e3d8]
Event: 0.326 Thread 0x0000019c5f050a30  337       3       java.lang.reflect.Modifier::isProtected (12 bytes)
Event: 0.326 Thread 0x0000019c5f050a30 nmethod 337 0x0000019c4a76e490 code [0x0000019c4a76e620, 0x0000019c4a76e770]
Event: 0.326 Thread 0x0000019c5f050a30  338       3       java.lang.invoke.MethodHandle::<init> (37 bytes)
Event: 0.326 Thread 0x0000019c5f050a30 nmethod 338 0x0000019c4a76e810 code [0x0000019c4a76ea20, 0x0000019c4a76efb0]
Event: 0.326 Thread 0x0000019c5f050a30  341       3       java.lang.invoke.MethodType$ConcurrentWeakInternSet::add (66 bytes)
Event: 0.326 Thread 0x0000019c5f050a30 nmethod 341 0x0000019c4a76f210 code [0x0000019c4a76f480, 0x0000019c4a7700e0]
Event: 0.327 Thread 0x0000019c5f050a30  342       3       java.lang.invoke.MemberName::getMethodOrFieldType (72 bytes)
Event: 0.327 Thread 0x0000019c5f02fd70  344       4       java.lang.invoke.MethodType::parameterType (7 bytes)
Event: 0.327 Thread 0x0000019c5f050a30 nmethod 342 0x0000019c4a770490 code [0x0000019c4a7707e0, 0x0000019c4a7715f8]
Event: 0.327 Thread 0x0000019c5f050a30  339       3       java.lang.invoke.LambdaForm::prepare (108 bytes)
Event: 0.327 Thread 0x0000019c5f02fd70 nmethod 344 0x0000019c521eab10 code [0x0000019c521eaca0, 0x0000019c521ead70]
Event: 0.327 Thread 0x0000019c5f050a30 nmethod 339 0x0000019c4a771b10 code [0x0000019c4a771d60, 0x0000019c4a772578]
Event: 0.327 Thread 0x0000019c5f050a30  340       3       java.lang.invoke.MethodTypeForm::canonicalize (59 bytes)
Event: 0.327 Thread 0x0000019c5f050a30 nmethod 340 0x0000019c4a772890 code [0x0000019c4a772a80, 0x0000019c4a772da0]

GC Heap History (0 events):
No events

Dll operation events (7 events):
Event: 0.006 Loaded shared library C:\Program Files\Java\jdk-21\bin\java.dll
Event: 0.159 Loaded shared library C:\Program Files\Java\jdk-21\bin\jsvml.dll
Event: 0.243 Loaded shared library C:\Program Files\Java\jdk-21\bin\jimage.dll
Event: 0.247 Loaded shared library C:\Program Files\Java\jdk-21\bin\net.dll
Event: 0.248 Loaded shared library C:\Program Files\Java\jdk-21\bin\nio.dll
Event: 0.260 Loaded shared library C:\Program Files\Java\jdk-21\bin\zip.dll
Event: 0.271 Loaded shared library C:\Program Files\Java\jdk-21\bin\awt.dll

Deoptimization events (0 events):
No events

Classes loaded (20 events):
Event: 0.317 Loading class sun/awt/util/PerformanceLogger done
Event: 0.317 Loading class sun/awt/util/PerformanceLogger$TimeData
Event: 0.317 Loading class sun/awt/util/PerformanceLogger$TimeData done
Event: 0.317 Loading class sun/awt/windows/WToolkit$ToolkitDisposer
Event: 0.317 Loading class sun/java2d/DisposerRecord
Event: 0.317 Loading class sun/java2d/DisposerRecord done
Event: 0.317 Loading class sun/awt/windows/WToolkit$ToolkitDisposer done
Event: 0.317 Loading class sun/java2d/Disposer
Event: 0.317 Loading class sun/java2d/Disposer done
Event: 0.317 Loading class sun/java2d/Disposer$1
Event: 0.317 Loading class sun/java2d/Disposer$1 done
Event: 0.318 Loading class sun/awt/util/ThreadGroupUtils
Event: 0.318 Loading class sun/awt/util/ThreadGroupUtils done
Event: 0.318 Loading class java/util/concurrent/ConcurrentLinkedDeque
Event: 0.318 Loading class java/util/concurrent/ConcurrentLinkedDeque done
Event: 0.318 Loading class java/util/concurrent/ConcurrentLinkedDeque$Node
Event: 0.318 Loading class java/util/concurrent/ConcurrentLinkedDeque$Node done
Event: 0.318 Loading class sun/awt/AWTAutoShutdown
Event: 0.318 Loading class sun/awt/AWTAutoShutdown done
Event: 0.327 Loading class sun/java2d/d3d/D3DRenderQueue

Classes unloaded (0 events):
No events

Classes redefined (0 events):
No events

Internal exceptions (3 events):
Event: 0.264 Thread 0x0000019c3ff7a000 Exception <a 'java/lang/ClassNotFoundException'{0x0000000089b1da50}: sun/awt/resources/spi/awtProvider> (0x0000000089b1da50) 
thrown [s\open\src\hotspot\share\classfile\systemDictionary.cpp, line 312]
Event: 0.280 Thread 0x0000019c3ff7a000 Exception <a 'java/io/FileNotFoundException'{0x0000000089b773a8}> (0x0000000089b773a8) 
thrown [s\open\src\hotspot\share\prims\jni.cpp, line 520]
Event: 0.284 Thread 0x0000019c3ff7a000 Exception <a 'java/io/FileNotFoundException'{0x0000000089ba15f0}> (0x0000000089ba15f0) 
thrown [s\open\src\hotspot\share\prims\jni.cpp, line 520]

ZGC Phase Switch (0 events):
No events

VM Operations (2 events):
Event: 0.231 Executing VM operation: HandshakeAllThreads (Deoptimize)
Event: 0.231 Executing VM operation: HandshakeAllThreads (Deoptimize) done

Events (14 events):
Event: 0.148 Thread 0x0000019c3ff7a000 Thread added: 0x0000019c3ff7a000
Event: 0.158 Thread 0x0000019c5f013a60 Thread added: 0x0000019c5f013a60
Event: 0.158 Thread 0x0000019c5f014620 Thread added: 0x0000019c5f014620
Event: 0.158 Thread 0x0000019c5f016680 Thread added: 0x0000019c5f016680
Event: 0.158 Thread 0x0000019c5f017360 Thread added: 0x0000019c5f017360
Event: 0.158 Thread 0x0000019c5f01ff00 Thread added: 0x0000019c5f01ff00
Event: 0.158 Thread 0x0000019c5f0233d0 Thread added: 0x0000019c5f0233d0
Event: 0.158 Thread 0x0000019c5f02fd70 Thread added: 0x0000019c5f02fd70
Event: 0.158 Thread 0x0000019c5f050a30 Thread added: 0x0000019c5f050a30
Event: 0.186 Thread 0x0000019c5f28fe70 Thread added: 0x0000019c5f28fe70
Event: 0.200 Thread 0x0000019c5f295d20 Thread added: 0x0000019c5f295d20
Event: 0.318 Thread 0x0000019c5f4bc050 Thread added: 0x0000019c5f4bc050
Event: 0.319 Thread 0x0000019c5f4c29e0 Thread added: 0x0000019c5f4c29e0
Event: 0.320 Thread 0x0000019c5f4c8e10 Thread added: 0x0000019c5f4c8e10


Dynamic libraries:
0x00007ff79f490000 - 0x00007ff79f4a0000 	C:\Program Files\Java\jdk-21\bin\java.exe
0x00007fff5ea90000 - 0x00007fff5eca6000 	C:\WINDOWS\SYSTEM32\ntdll.dll
0x00007fff5d220000 - 0x00007fff5d2e4000 	C:\WINDOWS\System32\KERNEL32.DLL
0x00007fff5c080000 - 0x00007fff5c426000 	C:\WINDOWS\System32\KERNELBASE.dll
0x00007fff5c430000 - 0x00007fff5c541000 	C:\WINDOWS\System32\ucrtbase.dll
0x00007fff54ee0000 - 0x00007fff54efb000 	C:\Program Files\Java\jdk-21\bin\VCRUNTIME140.dll
0x00007ffef14f0000 - 0x00007ffef1509000 	C:\Program Files\Java\jdk-21\bin\jli.dll
0x00007fff5c840000 - 0x00007fff5c8f2000 	C:\WINDOWS\System32\ADVAPI32.dll
0x00007fff5dd10000 - 0x00007fff5ddb7000 	C:\WINDOWS\System32\msvcrt.dll
0x00007fff5d2f0000 - 0x00007fff5d398000 	C:\WINDOWS\System32\sechost.dll
0x00007fff5c550000 - 0x00007fff5c578000 	C:\WINDOWS\System32\bcrypt.dll
0x00007fff5e230000 - 0x00007fff5e345000 	C:\WINDOWS\System32\RPCRT4.dll
0x00007fff5d4c0000 - 0x00007fff5d66d000 	C:\WINDOWS\System32\USER32.dll
0x00007fff3a390000 - 0x00007fff3a623000 	C:\WINDOWS\WinSxS\amd64_microsoft.windows.common-controls_6595b64144ccf1df_6.0.22621.3235_none_270f74e173860f98\COMCTL32.dll
0x00007fff5c6a0000 - 0x00007fff5c6c6000 	C:\WINDOWS\System32\win32u.dll
0x00007fff5daf0000 - 0x00007fff5db19000 	C:\WINDOWS\System32\GDI32.dll
0x00007fff5c580000 - 0x00007fff5c698000 	C:\WINDOWS\System32\gdi32full.dll
0x00007fff5c740000 - 0x00007fff5c7da000 	C:\WINDOWS\System32\msvcp_win.dll
0x00007fff536a0000 - 0x00007fff536aa000 	C:\WINDOWS\SYSTEM32\VERSION.dll
0x00007fff5df30000 - 0x00007fff5df61000 	C:\WINDOWS\System32\IMM32.DLL
0x00007fff56e70000 - 0x00007fff56e7c000 	C:\Program Files\Java\jdk-21\bin\vcruntime140_1.dll
0x00007ffeec8a0000 - 0x00007ffeec92e000 	C:\Program Files\Java\jdk-21\bin\msvcp140.dll
0x00007ffee47f0000 - 0x00007ffee5505000 	C:\Program Files\Java\jdk-21\bin\server\jvm.dll
0x00007fff5d430000 - 0x00007fff5d4a1000 	C:\WINDOWS\System32\WS2_32.dll
0x00007fff5ac20000 - 0x00007fff5ac6d000 	C:\WINDOWS\SYSTEM32\POWRPROF.dll
0x00007fff54120000 - 0x00007fff54154000 	C:\WINDOWS\SYSTEM32\WINMM.dll
0x00007fff5ac00000 - 0x00007fff5ac13000 	C:\WINDOWS\SYSTEM32\UMPDC.dll
0x00007fff5ae60000 - 0x00007fff5ae78000 	C:\WINDOWS\SYSTEM32\kernel.appcore.dll
0x00007fff54ed0000 - 0x00007fff54eda000 	C:\Program Files\Java\jdk-21\bin\jimage.dll
0x00007fff59350000 - 0x00007fff59583000 	C:\WINDOWS\SYSTEM32\DBGHELP.DLL
0x00007fff5e6c0000 - 0x00007fff5ea48000 	C:\WINDOWS\System32\combase.dll
0x00007fff5de50000 - 0x00007fff5df27000 	C:\WINDOWS\System32\OLEAUT32.dll
0x00007fff42790000 - 0x00007fff427c2000 	C:\WINDOWS\SYSTEM32\dbgcore.DLL
0x00007fff5be90000 - 0x00007fff5bf0a000 	C:\WINDOWS\System32\bcryptPrimitives.dll
0x00007ffef0f40000 - 0x00007ffef0f5f000 	C:\Program Files\Java\jdk-21\bin\java.dll
0x00007fff5c990000 - 0x00007fff5d1ed000 	C:\WINDOWS\System32\SHELL32.dll
0x00007fff59cf0000 - 0x00007fff5a5e8000 	C:\WINDOWS\SYSTEM32\windows.storage.dll
0x00007fff59bb0000 - 0x00007fff59cee000 	C:\WINDOWS\SYSTEM32\wintypes.dll
0x00007fff5df70000 - 0x00007fff5e063000 	C:\WINDOWS\System32\SHCORE.dll
0x00007fff5c900000 - 0x00007fff5c95e000 	C:\WINDOWS\System32\shlwapi.dll
0x00007fff5bd00000 - 0x00007fff5bd26000 	C:\WINDOWS\SYSTEM32\profapi.dll
0x00007ffeec980000 - 0x00007ffeeca57000 	C:\Program Files\Java\jdk-21\bin\jsvml.dll
0x00007fff55da0000 - 0x00007fff55db0000 	C:\Program Files\Java\jdk-21\bin\net.dll
0x00007fff54d80000 - 0x00007fff54eb7000 	C:\WINDOWS\SYSTEM32\WINHTTP.dll
0x00007fff5b360000 - 0x00007fff5b3c9000 	C:\WINDOWS\system32\mswsock.dll
0x00007fff55d80000 - 0x00007fff55d96000 	C:\Program Files\Java\jdk-21\bin\nio.dll
0x00007ffeee5d0000 - 0x00007ffeee5e8000 	C:\Program Files\Java\jdk-21\bin\zip.dll
0x00007ffeec710000 - 0x00007ffeec89f000 	C:\Program Files\Java\jdk-21\bin\awt.dll
0x00007fff58af0000 - 0x00007fff58b87000 	C:\WINDOWS\SYSTEM32\apphelp.dll
0x00007fff58e70000 - 0x00007fff58e9b000 	C:\WINDOWS\system32\DWMAPI.DLL
0x00007fff58bf0000 - 0x00007fff58c9b000 	C:\WINDOWS\system32\uxtheme.dll
0x00007fff3b3d0000 - 0x00007fff3b4d0000 	C:\WINDOWS\system32\opengl32.dll
0x00007fff46aa0000 - 0x00007fff46acd000 	C:\WINDOWS\SYSTEM32\GLU32.dll
0x00007fff59140000 - 0x00007fff59179000 	C:\WINDOWS\SYSTEM32\dxcore.dll
0x00007fff5e560000 - 0x00007fff5e6b4000 	C:\WINDOWS\System32\MSCTF.dll
0x00007fff5db70000 - 0x00007fff5dd0f000 	C:\WINDOWS\System32\ole32.dll

dbghelp: loaded successfully - version: 4.0.5 - missing functions: none
symbol engine: initialized successfully - sym options: 0x614 - pdb path: .;C:\Program Files\Java\jdk-21\bin;C:\WINDOWS\SYSTEM32;C:\WINDOWS\WinSxS\amd64_microsoft.windows.common-controls_6595b64144ccf1df_6.0.22621.3235_none_270f74e173860f98;C:\Program Files\Java\jdk-21\bin\server

VM Arguments:
jvm_args: --enable-preview -XX:+ShowCodeDetailsInExceptionMessages 
java_command: searchRoom
java_class_path (initial): C:\Users\itsri\AppData\Roaming\Code\User\workspaceStorage\d5a2d59c3014620bdd5f7d2f23333fe2\redhat.java\jdt_ws\Hotem management system_1a399c48\bin;c:\Program Files (x86)\MySQL\mysql-connector-j-8.0.33\mysql-connector-j-8.0.33.jar;c:\Users\itsri\Downloads\rs2xml.jar
Launcher Type: SUN_STANDARD

[Global flags]
     intx CICompilerCount                          = 4                                         {product} {ergonomic}
     uint ConcGCThreads                            = 3                                         {product} {ergonomic}
     uint G1ConcRefinementThreads                  = 10                                        {product} {ergonomic}
   size_t G1HeapRegionSize                         = 1048576                                   {product} {ergonomic}
    uintx GCDrainStackTargetSize                   = 64                                        {product} {ergonomic}
   size_t InitialHeapSize                          = 132120576                                 {product} {ergonomic}
   size_t MarkStackSize                            = 4194304                                   {product} {ergonomic}
   size_t MaxHeapSize                              = 2113929216                                {product} {ergonomic}
   size_t MaxNewSize                               = 1267728384                                {product} {ergonomic}
   size_t MinHeapDeltaBytes                        = 1048576                                   {product} {ergonomic}
   size_t MinHeapSize                              = 8388608                                   {product} {ergonomic}
    uintx NonNMethodCodeHeapSize                   = 5839372                                {pd product} {ergonomic}
    uintx NonProfiledCodeHeapSize                  = 122909434                              {pd product} {ergonomic}
    uintx ProfiledCodeHeapSize                     = 122909434                              {pd product} {ergonomic}
    uintx ReservedCodeCacheSize                    = 251658240                              {pd product} {ergonomic}
     bool SegmentedCodeCache                       = true                                      {product} {ergonomic}
     bool ShowCodeDetailsInExceptionMessages       = true                                   {manageable} {command line}
   size_t SoftMaxHeapSize                          = 2113929216                             {manageable} {ergonomic}
     bool UseCompressedOops                        = true                           {product lp64_product} {ergonomic}
     bool UseG1GC                                  = true                                      {product} {ergonomic}
     bool UseLargePagesIndividualAllocation        = false                                  {pd product} {ergonomic}

Logging:
Log output configuration:
 #0: stdout all=warning uptime,level,tags foldmultilines=false
 #1: stderr all=off uptime,level,tags foldmultilines=false

Environment Variables:
JAVA_HOME=C:\Program Files\Java\jdk-21
PATH=C:\Program Files\Python312\Scripts\;C:\Program Files\Python312\;C:\Program Files\Common Files\Oracle\Java\javapath;C:\Program Files\Microsoft\jdk-21.0.1.12-hotspot\bin;C:\Windows\system32;C:\Windows;C:\Windows\System32\Wbem;C:\Windows\System32\WindowsPowerShell\v1.0\;C:\Windows\System32\OpenSSH\;C:\Program Files (x86)\NVIDIA Corporation\PhysX\Common;C:\Program Files\NVIDIA Corporation\NVIDIA NvDLISR;C:\WINDOWS\system32;C:\WINDOWS;C:\WINDOWS\System32\Wbem;C:\WINDOWS\System32\WindowsPowerShell\v1.0\;C:\WINDOWS\System32\OpenSSH\;C:\Program Files\MySQL\MySQL Server 8.0\bin;C:\Program Files\Java\jdk-21\bin;C:\Program Files\Common Files\Oracle\Java\javapath;C:\Program Files\MySQL\MySQL Shell 8.0\bin\;C:\Users\itsri\AppData\Local\Microsoft\WindowsApps;C:\Users\itsri\AppData\Local\Programs\Microsoft VS Code\bin;C:\Program Files\JetBrains\IntelliJ IDEA Community Edition 2023.3.2\bin;C:\Program Files\JetBrains\PyCharm 2023.3.3\bin;
USERNAME=itsri
LANG=en_US.UTF-8
OS=Windows_NT
PROCESSOR_IDENTIFIER=Intel64 Family 6 Model 165 Stepping 2, GenuineIntel
TMP=C:\Users\itsri\AppData\Local\Temp
TEMP=C:\Users\itsri\AppData\Local\Temp




Periodic native trim disabled

---------------  S Y S T E M  ---------------

OS:
 Windows 11 , 64 bit Build 22621 (10.0.22621.3235)
OS uptime: 0 days 21:24 hours
Hyper-V role detected

CPU: total 12 (initial active 12) (6 cores per cpu, 2 threads per core) family 6 model 165 stepping 2 microcode 0xea, cx8, cmov, fxsr, ht, mmx, 3dnowpref, sse, sse2, sse3, ssse3, sse4.1, sse4.2, popcnt, lzcnt, tsc, tscinvbit, avx, avx2, aes, erms, clmul, bmi1, bmi2, adx, fma, vzeroupper, clflush, clflushopt, hv, rdtscp, f16c
Processor Information for all 12 processors :
  Max Mhz: 2496, Current Mhz: 2496, Mhz Limit: 2496

Memory: 4k page, system-wide physical 8059M (320M free)
TotalPageFile size 32635M (AvailPageFile size 0M)
current process WorkingSet (physical memory assigned to process): 46M, peak: 46M
current process commit charge ("private bytes"): 216M, peak: 216M

vm_info: Java HotSpot(TM) 64-Bit Server VM (21.0.1+12-LTS-29) for windows-amd64 JRE (21.0.1+12-LTS-29), built on 2023-10-05T13:27:09Z by "mach5one" with MS VC++ 17.1 (VS2022)

END.
