#
# There is insufficient memory for the Java Runtime Environment to continue.
# Native memory allocation (mmap) failed to map 279969792 bytes for G1 virtual space
# Possible reasons:
#   The system is out of physical RAM or swap space
#   The process is running with CompressedOops enabled, and the Java Heap may be blocking the growth of the native heap
# Possible solutions:
#   Reduce memory load on the system
#   Increase physical memory or swap space
#   Check if swap backing store is full
#   Decrease Java heap size (-Xmx/-Xms)
#   Decrease number of Java threads
#   Decrease Java thread stack sizes (-Xss)
#   Set larger code cache with -XX:ReservedCodeCacheSize=
#   JVM is running with Unscaled Compressed Oops mode in which the Java heap is
#     placed in the first 4GB address space. The Java Heap base address is the
#     maximum limit for the native heap growth. Please use -XX:HeapBaseMinAddress
#     to set the Java Heap base and to place the Java Heap above 4GB virtual address.
# This output file may be truncated or incomplete.
#
#  Out of Memory Error (os_windows.cpp:3600), pid=30592, tid=25008
#
# JRE version: Java(TM) SE Runtime Environment (21.0.1+12) (build 21.0.1+12-LTS-29)
# Java VM: Java HotSpot(TM) 64-Bit Server VM (21.0.1+12-LTS-29, mixed mode, sharing, tiered, compressed oops, compressed class ptrs, g1 gc, windows-amd64)
# No core dump will be written. Minidumps are not enabled by default on client versions of Windows
#

---------------  S U M M A R Y ------------

Command Line: --enable-preview -XX:+ShowCodeDetailsInExceptionMessages Daseboard

Host: Intel(R) Core(TM) i5-10500H CPU @ 2.50GHz, 12 cores, 7G,  Windows 11 , 64 bit Build 22621 (10.0.22621.3235)
Time: Sat Mar 23 15:21:48 2024 India Standard Time elapsed time: 8.284867 seconds (0d 0h 0m 8s)

---------------  T H R E A D  ---------------

Current thread (0x0000020f628c3270):  VMThread "VM Thread"          [id=25008, stack(0x000000b554f00000,0x000000b555000000) (1024K)]

Stack: [0x000000b554f00000,0x000000b555000000]
Native frames: (J=compiled Java code, j=interpreted, Vv=VM code, C=native code)
V  [jvm.dll+0x6c9029]
V  [jvm.dll+0x854b81]
V  [jvm.dll+0x856e5e]
V  [jvm.dll+0x857543]
V  [jvm.dll+0x280c06]
V  [jvm.dll+0x6c5715]
V  [jvm.dll+0x6ba10a]
V  [jvm.dll+0x3557ea]
V  [jvm.dll+0x35d436]
V  [jvm.dll+0x3ae1be]
V  [jvm.dll+0x3ae468]
V  [jvm.dll+0x3291fc]
V  [jvm.dll+0x329287]
V  [jvm.dll+0x36db3c]
V  [jvm.dll+0x36c33d]
V  [jvm.dll+0x328971]
V  [jvm.dll+0x36bd68]
V  [jvm.dll+0x85d048]
V  [jvm.dll+0x85e144]
V  [jvm.dll+0x85e680]
V  [jvm.dll+0x85e923]
V  [jvm.dll+0x7fd728]
V  [jvm.dll+0x6c777d]
C  [ucrtbase.dll+0x29363]
C  [KERNEL32.DLL+0x1257d]
C  [ntdll.dll+0x5aa58]

VM_Operation (0x000000b555dfdf78): G1TryInitiateConcMark, mode: safepoint, requested by thread 0x0000020f67bfec50


---------------  P R O C E S S  ---------------

Threads class SMR info:
_java_thread_list=0x0000020f67c3e5c0, length=16, elements={
0x0000020f628e20f0, 0x0000020f628e2fc0, 0x0000020f628e61e0, 0x0000020f628e70d0,
0x0000020f628efcf0, 0x0000020f628f0a30, 0x0000020f628f6f40, 0x0000020f628f9b20,
0x0000020f62b83100, 0x0000020f62b85b90, 0x0000020f62d41030, 0x0000020f62d4d700,
0x0000020f62dd6260, 0x0000020f62dd68d0, 0x0000020f45b89680, 0x0000020f67bfec50
}

Java Threads: ( => current thread )
  0x0000020f628e20f0 JavaThread "Reference Handler"          daemon [_thread_blocked, id=6332, stack(0x000000b555000000,0x000000b555100000) (1024K)]
  0x0000020f628e2fc0 JavaThread "Finalizer"                  daemon [_thread_blocked, id=24924, stack(0x000000b555100000,0x000000b555200000) (1024K)]
  0x0000020f628e61e0 JavaThread "Signal Dispatcher"          daemon [_thread_blocked, id=22600, stack(0x000000b555200000,0x000000b555300000) (1024K)]
  0x0000020f628e70d0 JavaThread "Attach Listener"            daemon [_thread_blocked, id=20056, stack(0x000000b555300000,0x000000b555400000) (1024K)]
  0x0000020f628efcf0 JavaThread "Service Thread"             daemon [_thread_blocked, id=27348, stack(0x000000b555400000,0x000000b555500000) (1024K)]
  0x0000020f628f0a30 JavaThread "Monitor Deflation Thread"   daemon [_thread_blocked, id=23256, stack(0x000000b555500000,0x000000b555600000) (1024K)]
  0x0000020f628f6f40 JavaThread "C2 CompilerThread0"         daemon [_thread_blocked, id=32560, stack(0x000000b555600000,0x000000b555700000) (1024K)]
  0x0000020f628f9b20 JavaThread "C1 CompilerThread0"         daemon [_thread_blocked, id=32784, stack(0x000000b555700000,0x000000b555800000) (1024K)]
  0x0000020f62b83100 JavaThread "Notification Thread"        daemon [_thread_blocked, id=18480, stack(0x000000b555800000,0x000000b555900000) (1024K)]
  0x0000020f62b85b90 JavaThread "Common-Cleaner"             daemon [_thread_blocked, id=34164, stack(0x000000b555900000,0x000000b555a00000) (1024K)]
  0x0000020f62d41030 JavaThread "Java2D Disposer"            daemon [_thread_blocked, id=28088, stack(0x000000b555a00000,0x000000b555b00000) (1024K)]
  0x0000020f62d4d700 JavaThread "AWT-Windows"                daemon [_thread_in_native, id=22728, stack(0x000000b555c00000,0x000000b555d00000) (1024K)]
  0x0000020f62dd6260 JavaThread "AWT-Shutdown"                      [_thread_blocked, id=20476, stack(0x000000b556700000,0x000000b556800000) (1024K)]
  0x0000020f62dd68d0 JavaThread "AWT-EventQueue-0"                  [_thread_blocked, id=5660, stack(0x000000b556800000,0x000000b556900000) (1024K)]
  0x0000020f45b89680 JavaThread "DestroyJavaVM"                     [_thread_blocked, id=7256, stack(0x000000b554800000,0x000000b554900000) (1024K)]
  0x0000020f67bfec50 JavaThread "Image Fetcher 0"            daemon [_thread_blocked, id=22848, stack(0x000000b555d00000,0x000000b555e00000) (1024K)]
Total: 16

Other Threads:
=>0x0000020f628c3270 VMThread "VM Thread"                           [id=25008, stack(0x000000b554f00000,0x000000b555000000) (1024K)]
  0x0000020f628ade20 WatcherThread "VM Periodic Task Thread"        [id=21152, stack(0x000000b554e00000,0x000000b554f00000) (1024K)]
  0x0000020f45bdd3e0 WorkerThread "GC Thread#0"                     [id=28264, stack(0x000000b554900000,0x000000b554a00000) (1024K)]
  0x0000020f62e3e620 WorkerThread "GC Thread#1"                     [id=27992, stack(0x000000b555e00000,0x000000b555f00000) (1024K)]
  0x0000020f62e3e9c0 WorkerThread "GC Thread#2"                     [id=32176, stack(0x000000b555f00000,0x000000b556000000) (1024K)]
  0x0000020f679b0450 WorkerThread "GC Thread#3"                     [id=360, stack(0x000000b556000000,0x000000b556100000) (1024K)]
  0x0000020f679b17d0 WorkerThread "GC Thread#4"                     [id=19700, stack(0x000000b556100000,0x000000b556200000) (1024K)]
  0x0000020f679b1b70 WorkerThread "GC Thread#5"                     [id=23032, stack(0x000000b556200000,0x000000b556300000) (1024K)]
  0x0000020f67a2b5f0 WorkerThread "GC Thread#6"                     [id=25072, stack(0x000000b556300000,0x000000b556400000) (1024K)]
  0x0000020f67a2b990 WorkerThread "GC Thread#7"                     [id=15500, stack(0x000000b556400000,0x000000b556500000) (1024K)]
  0x0000020f67a2e7f0 WorkerThread "GC Thread#8"                     [id=7304, stack(0x000000b556500000,0x000000b556600000) (1024K)]
  0x0000020f67ad2250 WorkerThread "GC Thread#9"                     [id=13076, stack(0x000000b556900000,0x000000b556a00000) (1024K)]
  0x0000020f45beeb50 ConcurrentGCThread "G1 Main Marker"            [id=19116, stack(0x000000b554a00000,0x000000b554b00000) (1024K)]
  0x0000020f45bef700 WorkerThread "G1 Conc#0"                       [id=32300, stack(0x000000b554b00000,0x000000b554c00000) (1024K)]
  0x0000020f67ad1eb0 WorkerThread "G1 Conc#1"                       [id=12964, stack(0x000000b555b00000,0x000000b555c00000) (1024K)]
  0x0000020f67ad25f0 WorkerThread "G1 Conc#2"                       [id=30868, stack(0x000000b556600000,0x000000b556700000) (1024K)]
  0x0000020f45c4e7a0 ConcurrentGCThread "G1 Refine#0"               [id=31524, stack(0x000000b554c00000,0x000000b554d00000) (1024K)]
  0x0000020f627813b0 ConcurrentGCThread "G1 Service"                [id=31068, stack(0x000000b554d00000,0x000000b554e00000) (1024K)]
Total: 18

Threads with active compile tasks:
Total: 0

VM state: at safepoint (normal execution)

VM Mutex/Monitor currently owned by a thread:  ([mutex/lock_event])
[0x00007ff9aa2ca5f8] Threads_lock - owner thread: 0x0000020f628c3270
[0x00007ff9aa2ca6f8] Heap_lock - owner thread: 0x0000020f67bfec50

Heap address: 0x0000000082000000, size: 2016 MB, Compressed Oops mode: 32-bit

CDS archive(s) mapped at: [0x0000020f00000000-0x0000020f00c90000-0x0000020f00c90000), size 13172736, SharedBaseAddress: 0x0000020f00000000, ArchiveRelocationMode: 1.
Compressed class space mapped at: 0x0000020f01000000-0x0000020f41000000, reserved size: 1073741824
Narrow klass base: 0x0000020f00000000, Narrow klass shift: 0, Narrow klass range: 0x100000000

GC Precious Log:
 CardTable entry size: 512
 Card Set container configuration: InlinePtr #cards 5 size 8 Array Of Cards #cards 12 size 40 Howl #buckets 4 coarsen threshold 1843 Howl Bitmap #cards 512 size 80 coarsen threshold 460 Card regions per heap region 1 cards per card region 2048
 CPUs: 12 total, 12 available
 Memory: 8059M
 Large Page Support: Disabled
 NUMA Support: Disabled
 Compressed Oops: Enabled (32-bit)
 Heap Region Size: 1M
 Heap Min Capacity: 8M
 Heap Initial Capacity: 126M
 Heap Max Capacity: 2016M
 Pre-touch: Disabled
 Parallel Workers: 10
 Concurrent Workers: 3
 Concurrent Refinement Workers: 10
 Periodic GC: Disabled

Heap:
 garbage-first heap   total 273408K, used 161079K [0x0000000082000000, 0x0000000100000000)
  region size 1024K, 2 young (2048K), 2 survivors (2048K)
 Metaspace       used 8124K, committed 8384K, reserved 1114112K
  class space    used 915K, committed 1024K, reserved 1048576K

Heap Regions: E=young(eden), S=young(survivor), O=old, HS=humongous(starts), HC=humongous(continues), CS=collection set, F=free, TAMS=top-at-mark-start, PB=parsable bottom
|   0|0x0000000082000000, 0x0000000082100000, 0x0000000082100000|100%| O|  |TAMS 0x0000000082100000| PB 0x0000000082000000| Untracked 
|   1|0x0000000082100000, 0x0000000082200000, 0x0000000082200000|100%| O|  |TAMS 0x0000000082200000| PB 0x0000000082100000| Untracked 
|   2|0x0000000082200000, 0x0000000082299300, 0x0000000082300000| 59%| O|  |TAMS 0x0000000082299300| PB 0x0000000082200000| Untracked 
|   3|0x0000000082300000, 0x0000000082400000, 0x0000000082400000|100%|HS|  |TAMS 0x0000000082400000| PB 0x0000000082300000| Complete 
|   4|0x0000000082400000, 0x0000000082500000, 0x0000000082500000|100%|HC|  |TAMS 0x0000000082500000| PB 0x0000000082400000| Complete 
|   5|0x0000000082500000, 0x0000000082600000, 0x0000000082600000|100%|HC|  |TAMS 0x0000000082600000| PB 0x0000000082500000| Complete 
|   6|0x0000000082600000, 0x0000000082700000, 0x0000000082700000|100%|HC|  |TAMS 0x0000000082700000| PB 0x0000000082600000| Complete 
|   7|0x0000000082700000, 0x0000000082800000, 0x0000000082800000|100%|HC|  |TAMS 0x0000000082800000| PB 0x0000000082700000| Complete 
|   8|0x0000000082800000, 0x0000000082900000, 0x0000000082900000|100%|HS|  |TAMS 0x0000000082900000| PB 0x0000000082800000| Complete 
|   9|0x0000000082900000, 0x0000000082a00000, 0x0000000082a00000|100%|HC|  |TAMS 0x0000000082a00000| PB 0x0000000082900000| Complete 
|  10|0x0000000082a00000, 0x0000000082b00000, 0x0000000082b00000|100%|HC|  |TAMS 0x0000000082b00000| PB 0x0000000082a00000| Complete 
|  11|0x0000000082b00000, 0x0000000082c00000, 0x0000000082c00000|100%|HC|  |TAMS 0x0000000082c00000| PB 0x0000000082b00000| Complete 
|  12|0x0000000082c00000, 0x0000000082d00000, 0x0000000082d00000|100%|HC|  |TAMS 0x0000000082d00000| PB 0x0000000082c00000| Complete 
|  13|0x0000000082d00000, 0x0000000082e00000, 0x0000000082e00000|100%|HC|  |TAMS 0x0000000082e00000| PB 0x0000000082d00000| Complete 
|  14|0x0000000082e00000, 0x0000000082f00000, 0x0000000082f00000|100%|HC|  |TAMS 0x0000000082f00000| PB 0x0000000082e00000| Complete 
|  15|0x0000000082f00000, 0x0000000083000000, 0x0000000083000000|100%|HC|  |TAMS 0x0000000083000000| PB 0x0000000082f00000| Complete 
|  16|0x0000000083000000, 0x0000000083100000, 0x0000000083100000|100%|HS|  |TAMS 0x0000000083100000| PB 0x0000000083000000| Complete 
|  17|0x0000000083100000, 0x0000000083200000, 0x0000000083200000|100%|HC|  |TAMS 0x0000000083200000| PB 0x0000000083100000| Complete 
|  18|0x0000000083200000, 0x0000000083200000, 0x0000000083300000|  0%| F|  |TAMS 0x0000000083200000| PB 0x0000000083200000| Untracked 
|  19|0x0000000083300000, 0x0000000083300000, 0x0000000083400000|  0%| F|  |TAMS 0x0000000083300000| PB 0x0000000083300000| Untracked 
|  20|0x0000000083400000, 0x0000000083400000, 0x0000000083500000|  0%| F|  |TAMS 0x0000000083400000| PB 0x0000000083400000| Untracked 
|  21|0x0000000083500000, 0x0000000083500000, 0x0000000083600000|  0%| F|  |TAMS 0x0000000083500000| PB 0x0000000083500000| Untracked 
|  22|0x0000000083600000, 0x0000000083600000, 0x0000000083700000|  0%| F|  |TAMS 0x0000000083600000| PB 0x0000000083600000| Untracked 
|  23|0x0000000083700000, 0x0000000083700000, 0x0000000083800000|  0%| F|  |TAMS 0x0000000083700000| PB 0x0000000083700000| Untracked 
|  24|0x0000000083800000, 0x0000000083800000, 0x0000000083900000|  0%| F|  |TAMS 0x0000000083800000| PB 0x0000000083800000| Untracked 
|  25|0x0000000083900000, 0x0000000083900000, 0x0000000083a00000|  0%| F|  |TAMS 0x0000000083900000| PB 0x0000000083900000| Untracked 
|  26|0x0000000083a00000, 0x0000000083a00000, 0x0000000083b00000|  0%| F|  |TAMS 0x0000000083a00000| PB 0x0000000083a00000| Untracked 
|  27|0x0000000083b00000, 0x0000000083b00000, 0x0000000083c00000|  0%| F|  |TAMS 0x0000000083b00000| PB 0x0000000083b00000| Untracked 
|  28|0x0000000083c00000, 0x0000000083c00000, 0x0000000083d00000|  0%| F|  |TAMS 0x0000000083c00000| PB 0x0000000083c00000| Untracked 
|  29|0x0000000083d00000, 0x0000000083d00000, 0x0000000083e00000|  0%| F|  |TAMS 0x0000000083d00000| PB 0x0000000083d00000| Untracked 
|  30|0x0000000083e00000, 0x0000000083e00000, 0x0000000083f00000|  0%| F|  |TAMS 0x0000000083e00000| PB 0x0000000083e00000| Untracked 
|  31|0x0000000083f00000, 0x0000000083f00000, 0x0000000084000000|  0%| F|  |TAMS 0x0000000083f00000| PB 0x0000000083f00000| Untracked 
|  32|0x0000000084000000, 0x0000000084000000, 0x0000000084100000|  0%| F|  |TAMS 0x0000000084000000| PB 0x0000000084000000| Untracked 
|  33|0x0000000084100000, 0x0000000084100000, 0x0000000084200000|  0%| F|  |TAMS 0x0000000084100000| PB 0x0000000084100000| Untracked 
|  34|0x0000000084200000, 0x0000000084200000, 0x0000000084300000|  0%| F|  |TAMS 0x0000000084200000| PB 0x0000000084200000| Untracked 
|  35|0x0000000084300000, 0x0000000084300000, 0x0000000084400000|  0%| F|  |TAMS 0x0000000084300000| PB 0x0000000084300000| Untracked 
|  36|0x0000000084400000, 0x0000000084400000, 0x0000000084500000|  0%| F|  |TAMS 0x0000000084400000| PB 0x0000000084400000| Untracked 
|  37|0x0000000084500000, 0x0000000084500000, 0x0000000084600000|  0%| F|  |TAMS 0x0000000084500000| PB 0x0000000084500000| Untracked 
|  38|0x0000000084600000, 0x0000000084600000, 0x0000000084700000|  0%| F|  |TAMS 0x0000000084600000| PB 0x0000000084600000| Untracked 
|  39|0x0000000084700000, 0x0000000084700000, 0x0000000084800000|  0%| F|  |TAMS 0x0000000084700000| PB 0x0000000084700000| Untracked 
|  40|0x0000000084800000, 0x0000000084800000, 0x0000000084900000|  0%| F|  |TAMS 0x0000000084800000| PB 0x0000000084800000| Untracked 
|  41|0x0000000084900000, 0x0000000084900000, 0x0000000084a00000|  0%| F|  |TAMS 0x0000000084900000| PB 0x0000000084900000| Untracked 
|  42|0x0000000084a00000, 0x0000000084a00000, 0x0000000084b00000|  0%| F|  |TAMS 0x0000000084a00000| PB 0x0000000084a00000| Untracked 
|  43|0x0000000084b00000, 0x0000000084b00000, 0x0000000084c00000|  0%| F|  |TAMS 0x0000000084b00000| PB 0x0000000084b00000| Untracked 
|  44|0x0000000084c00000, 0x0000000084c00000, 0x0000000084d00000|  0%| F|  |TAMS 0x0000000084c00000| PB 0x0000000084c00000| Untracked 
|  45|0x0000000084d00000, 0x0000000084d00000, 0x0000000084e00000|  0%| F|  |TAMS 0x0000000084d00000| PB 0x0000000084d00000| Untracked 
|  46|0x0000000084e00000, 0x0000000084e00000, 0x0000000084f00000|  0%| F|  |TAMS 0x0000000084e00000| PB 0x0000000084e00000| Untracked 
|  47|0x0000000084f00000, 0x0000000084f00000, 0x0000000085000000|  0%| F|  |TAMS 0x0000000084f00000| PB 0x0000000084f00000| Untracked 
|  48|0x0000000085000000, 0x0000000085000000, 0x0000000085100000|  0%| F|  |TAMS 0x0000000085000000| PB 0x0000000085000000| Untracked 
|  49|0x0000000085100000, 0x0000000085100000, 0x0000000085200000|  0%| F|  |TAMS 0x0000000085100000| PB 0x0000000085100000| Untracked 
|  50|0x0000000085200000, 0x0000000085200000, 0x0000000085300000|  0%| F|  |TAMS 0x0000000085200000| PB 0x0000000085200000| Untracked 
|  51|0x0000000085300000, 0x0000000085300000, 0x0000000085400000|  0%| F|  |TAMS 0x0000000085300000| PB 0x0000000085300000| Untracked 
|  52|0x0000000085400000, 0x0000000085400000, 0x0000000085500000|  0%| F|  |TAMS 0x0000000085400000| PB 0x0000000085400000| Untracked 
|  53|0x0000000085500000, 0x0000000085500000, 0x0000000085600000|  0%| F|  |TAMS 0x0000000085500000| PB 0x0000000085500000| Untracked 
|  54|0x0000000085600000, 0x0000000085600000, 0x0000000085700000|  0%| F|  |TAMS 0x0000000085600000| PB 0x0000000085600000| Untracked 
|  55|0x0000000085700000, 0x0000000085700000, 0x0000000085800000|  0%| F|  |TAMS 0x0000000085700000| PB 0x0000000085700000| Untracked 
|  56|0x0000000085800000, 0x0000000085800000, 0x0000000085900000|  0%| F|  |TAMS 0x0000000085800000| PB 0x0000000085800000| Untracked 
|  57|0x0000000085900000, 0x0000000085900000, 0x0000000085a00000|  0%| F|  |TAMS 0x0000000085900000| PB 0x0000000085900000| Untracked 
|  58|0x0000000085a00000, 0x0000000085a00000, 0x0000000085b00000|  0%| F|  |TAMS 0x0000000085a00000| PB 0x0000000085a00000| Untracked 
|  59|0x0000000085b00000, 0x0000000085b00000, 0x0000000085c00000|  0%| F|  |TAMS 0x0000000085b00000| PB 0x0000000085b00000| Untracked 
|  60|0x0000000085c00000, 0x0000000085c00000, 0x0000000085d00000|  0%| F|  |TAMS 0x0000000085c00000| PB 0x0000000085c00000| Untracked 
|  61|0x0000000085d00000, 0x0000000085d00000, 0x0000000085e00000|  0%| F|  |TAMS 0x0000000085d00000| PB 0x0000000085d00000| Untracked 
|  62|0x0000000085e00000, 0x0000000085e00000, 0x0000000085f00000|  0%| F|  |TAMS 0x0000000085e00000| PB 0x0000000085e00000| Untracked 
|  63|0x0000000085f00000, 0x0000000085f00000, 0x0000000086000000|  0%| F|  |TAMS 0x0000000085f00000| PB 0x0000000085f00000| Untracked 
|  64|0x0000000086000000, 0x0000000086000000, 0x0000000086100000|  0%| F|  |TAMS 0x0000000086000000| PB 0x0000000086000000| Untracked 
|  65|0x0000000086100000, 0x0000000086100000, 0x0000000086200000|  0%| F|  |TAMS 0x0000000086100000| PB 0x0000000086100000| Untracked 
|  66|0x0000000086200000, 0x0000000086200000, 0x0000000086300000|  0%| F|  |TAMS 0x0000000086200000| PB 0x0000000086200000| Untracked 
|  67|0x0000000086300000, 0x0000000086300000, 0x0000000086400000|  0%| F|  |TAMS 0x0000000086300000| PB 0x0000000086300000| Untracked 
|  68|0x0000000086400000, 0x0000000086400000, 0x0000000086500000|  0%| F|  |TAMS 0x0000000086400000| PB 0x0000000086400000| Untracked 
|  69|0x0000000086500000, 0x0000000086500000, 0x0000000086600000|  0%| F|  |TAMS 0x0000000086500000| PB 0x0000000086500000| Untracked 
|  70|0x0000000086600000, 0x0000000086600000, 0x0000000086700000|  0%| F|  |TAMS 0x0000000086600000| PB 0x0000000086600000| Untracked 
|  71|0x0000000086700000, 0x0000000086700000, 0x0000000086800000|  0%| F|  |TAMS 0x0000000086700000| PB 0x0000000086700000| Untracked 
|  72|0x0000000086800000, 0x0000000086800000, 0x0000000086900000|  0%| F|  |TAMS 0x0000000086800000| PB 0x0000000086800000| Untracked 
|  73|0x0000000086900000, 0x0000000086900000, 0x0000000086a00000|  0%| F|  |TAMS 0x0000000086900000| PB 0x0000000086900000| Untracked 
|  74|0x0000000086a00000, 0x0000000086a00000, 0x0000000086b00000|  0%| F|  |TAMS 0x0000000086a00000| PB 0x0000000086a00000| Untracked 
|  75|0x0000000086b00000, 0x0000000086b00000, 0x0000000086c00000|  0%| F|  |TAMS 0x0000000086b00000| PB 0x0000000086b00000| Untracked 
|  76|0x0000000086c00000, 0x0000000086c00000, 0x0000000086d00000|  0%| F|  |TAMS 0x0000000086c00000| PB 0x0000000086c00000| Untracked 
|  77|0x0000000086d00000, 0x0000000086d00000, 0x0000000086e00000|  0%| F|  |TAMS 0x0000000086d00000| PB 0x0000000086d00000| Untracked 
|  78|0x0000000086e00000, 0x0000000086e00000, 0x0000000086f00000|  0%| F|  |TAMS 0x0000000086e00000| PB 0x0000000086e00000| Untracked 
|  79|0x0000000086f00000, 0x0000000086f00000, 0x0000000087000000|  0%| F|  |TAMS 0x0000000086f00000| PB 0x0000000086f00000| Untracked 
|  80|0x0000000087000000, 0x0000000087000000, 0x0000000087100000|  0%| F|  |TAMS 0x0000000087000000| PB 0x0000000087000000| Untracked 
|  81|0x0000000087100000, 0x0000000087100000, 0x0000000087200000|  0%| F|  |TAMS 0x0000000087100000| PB 0x0000000087100000| Untracked 
|  82|0x0000000087200000, 0x0000000087200000, 0x0000000087300000|  0%| F|  |TAMS 0x0000000087200000| PB 0x0000000087200000| Untracked 
|  83|0x0000000087300000, 0x0000000087300000, 0x0000000087400000|  0%| F|  |TAMS 0x0000000087300000| PB 0x0000000087300000| Untracked 
|  84|0x0000000087400000, 0x0000000087400000, 0x0000000087500000|  0%| F|  |TAMS 0x0000000087400000| PB 0x0000000087400000| Untracked 
|  85|0x0000000087500000, 0x0000000087500000, 0x0000000087600000|  0%| F|  |TAMS 0x0000000087500000| PB 0x0000000087500000| Untracked 
|  86|0x0000000087600000, 0x0000000087600000, 0x0000000087700000|  0%| F|  |TAMS 0x0000000087600000| PB 0x0000000087600000| Untracked 
|  87|0x0000000087700000, 0x0000000087700000, 0x0000000087800000|  0%| F|  |TAMS 0x0000000087700000| PB 0x0000000087700000| Untracked 
|  88|0x0000000087800000, 0x0000000087800000, 0x0000000087900000|  0%| F|  |TAMS 0x0000000087800000| PB 0x0000000087800000| Untracked 
|  89|0x0000000087900000, 0x0000000087900000, 0x0000000087a00000|  0%| F|  |TAMS 0x0000000087900000| PB 0x0000000087900000| Untracked 
|  90|0x0000000087a00000, 0x0000000087a00000, 0x0000000087b00000|  0%| F|  |TAMS 0x0000000087a00000| PB 0x0000000087a00000| Untracked 
|  91|0x0000000087b00000, 0x0000000087b00000, 0x0000000087c00000|  0%| F|  |TAMS 0x0000000087b00000| PB 0x0000000087b00000| Untracked 
|  92|0x0000000087c00000, 0x0000000087c00000, 0x0000000087d00000|  0%| F|  |TAMS 0x0000000087c00000| PB 0x0000000087c00000| Untracked 
|  93|0x0000000087d00000, 0x0000000087d00000, 0x0000000087e00000|  0%| F|  |TAMS 0x0000000087d00000| PB 0x0000000087d00000| Untracked 
|  94|0x0000000087e00000, 0x0000000087e00000, 0x0000000087f00000|  0%| F|  |TAMS 0x0000000087e00000| PB 0x0000000087e00000| Untracked 
|  95|0x0000000087f00000, 0x0000000087f00000, 0x0000000088000000|  0%| F|  |TAMS 0x0000000087f00000| PB 0x0000000087f00000| Untracked 
|  96|0x0000000088000000, 0x0000000088000000, 0x0000000088100000|  0%| F|  |TAMS 0x0000000088000000| PB 0x0000000088000000| Untracked 
|  97|0x0000000088100000, 0x0000000088100000, 0x0000000088200000|  0%| F|  |TAMS 0x0000000088100000| PB 0x0000000088100000| Untracked 
|  98|0x0000000088200000, 0x0000000088200000, 0x0000000088300000|  0%| F|  |TAMS 0x0000000088200000| PB 0x0000000088200000| Untracked 
|  99|0x0000000088300000, 0x0000000088300000, 0x0000000088400000|  0%| F|  |TAMS 0x0000000088300000| PB 0x0000000088300000| Untracked 
| 100|0x0000000088400000, 0x0000000088400000, 0x0000000088500000|  0%| F|  |TAMS 0x0000000088400000| PB 0x0000000088400000| Untracked 
| 101|0x0000000088500000, 0x0000000088500000, 0x0000000088600000|  0%| F|  |TAMS 0x0000000088500000| PB 0x0000000088500000| Untracked 
| 102|0x0000000088600000, 0x0000000088600000, 0x0000000088700000|  0%| F|  |TAMS 0x0000000088600000| PB 0x0000000088600000| Untracked 
| 103|0x0000000088700000, 0x0000000088700000, 0x0000000088800000|  0%| F|  |TAMS 0x0000000088700000| PB 0x0000000088700000| Untracked 
| 104|0x0000000088800000, 0x0000000088800000, 0x0000000088900000|  0%| F|  |TAMS 0x0000000088800000| PB 0x0000000088800000| Untracked 
| 105|0x0000000088900000, 0x0000000088900000, 0x0000000088a00000|  0%| F|  |TAMS 0x0000000088900000| PB 0x0000000088900000| Untracked 
| 106|0x0000000088a00000, 0x0000000088a00000, 0x0000000088b00000|  0%| F|  |TAMS 0x0000000088a00000| PB 0x0000000088a00000| Untracked 
| 107|0x0000000088b00000, 0x0000000088b00000, 0x0000000088c00000|  0%| F|  |TAMS 0x0000000088b00000| PB 0x0000000088b00000| Untracked 
| 108|0x0000000088c00000, 0x0000000088c00000, 0x0000000088d00000|  0%| F|  |TAMS 0x0000000088c00000| PB 0x0000000088c00000| Untracked 
| 109|0x0000000088d00000, 0x0000000088d00000, 0x0000000088e00000|  0%| F|  |TAMS 0x0000000088d00000| PB 0x0000000088d00000| Untracked 
| 110|0x0000000088e00000, 0x0000000088e00000, 0x0000000088f00000|  0%| F|  |TAMS 0x0000000088e00000| PB 0x0000000088e00000| Untracked 
| 111|0x0000000088f00000, 0x0000000088f00000, 0x0000000089000000|  0%| F|  |TAMS 0x0000000088f00000| PB 0x0000000088f00000| Untracked 
| 112|0x0000000089000000, 0x0000000089000000, 0x0000000089100000|  0%| F|  |TAMS 0x0000000089000000| PB 0x0000000089000000| Untracked 
| 113|0x0000000089100000, 0x0000000089100000, 0x0000000089200000|  0%| F|  |TAMS 0x0000000089100000| PB 0x0000000089100000| Untracked 
| 114|0x0000000089200000, 0x0000000089200000, 0x0000000089300000|  0%| F|  |TAMS 0x0000000089200000| PB 0x0000000089200000| Untracked 
| 115|0x0000000089300000, 0x0000000089300000, 0x0000000089400000|  0%| F|  |TAMS 0x0000000089300000| PB 0x0000000089300000| Untracked 
| 116|0x0000000089400000, 0x0000000089400000, 0x0000000089500000|  0%| F|  |TAMS 0x0000000089400000| PB 0x0000000089400000| Untracked 
| 117|0x0000000089500000, 0x0000000089500000, 0x0000000089600000|  0%| F|  |TAMS 0x0000000089500000| PB 0x0000000089500000| Untracked 
| 118|0x0000000089600000, 0x0000000089700000, 0x0000000089700000|100%|HS|  |TAMS 0x0000000089700000| PB 0x0000000089600000| Complete 
| 119|0x0000000089700000, 0x0000000089800000, 0x0000000089800000|100%|HC|  |TAMS 0x0000000089800000| PB 0x0000000089700000| Complete 
| 120|0x0000000089800000, 0x0000000089900000, 0x0000000089900000|100%|HC|  |TAMS 0x0000000089900000| PB 0x0000000089800000| Complete 
| 121|0x0000000089900000, 0x0000000089a00000, 0x0000000089a00000|100%|HC|  |TAMS 0x0000000089a00000| PB 0x0000000089900000| Complete 
| 122|0x0000000089a00000, 0x0000000089b00000, 0x0000000089b00000|100%|HC|  |TAMS 0x0000000089b00000| PB 0x0000000089a00000| Complete 
| 123|0x0000000089b00000, 0x0000000089c00000, 0x0000000089c00000|100%|HC|  |TAMS 0x0000000089c00000| PB 0x0000000089b00000| Complete 
| 124|0x0000000089c00000, 0x0000000089d00000, 0x0000000089d00000|100%|HC|  |TAMS 0x0000000089d00000| PB 0x0000000089c00000| Complete 
| 125|0x0000000089d00000, 0x0000000089e00000, 0x0000000089e00000|100%|HC|  |TAMS 0x0000000089e00000| PB 0x0000000089d00000| Complete 
| 126|0x0000000089e00000, 0x0000000089f00000, 0x0000000089f00000|100%|HC|  |TAMS 0x0000000089f00000| PB 0x0000000089e00000| Complete 
| 127|0x0000000089f00000, 0x000000008a000000, 0x000000008a000000|100%|HC|  |TAMS 0x000000008a000000| PB 0x0000000089f00000| Complete 
| 128|0x000000008a000000, 0x000000008a100000, 0x000000008a100000|100%|HC|  |TAMS 0x000000008a100000| PB 0x000000008a000000| Complete 
| 129|0x000000008a100000, 0x000000008a200000, 0x000000008a200000|100%|HC|  |TAMS 0x000000008a200000| PB 0x000000008a100000| Complete 
| 130|0x000000008a200000, 0x000000008a300000, 0x000000008a300000|100%|HC|  |TAMS 0x000000008a300000| PB 0x000000008a200000| Complete 
| 131|0x000000008a300000, 0x000000008a400000, 0x000000008a400000|100%|HC|  |TAMS 0x000000008a400000| PB 0x000000008a300000| Complete 
| 132|0x000000008a400000, 0x000000008a500000, 0x000000008a500000|100%|HC|  |TAMS 0x000000008a500000| PB 0x000000008a400000| Complete 
| 133|0x000000008a500000, 0x000000008a600000, 0x000000008a600000|100%|HC|  |TAMS 0x000000008a600000| PB 0x000000008a500000| Complete 
| 134|0x000000008a600000, 0x000000008a700000, 0x000000008a700000|100%|HC|  |TAMS 0x000000008a700000| PB 0x000000008a600000| Complete 
| 135|0x000000008a700000, 0x000000008a800000, 0x000000008a800000|100%|HC|  |TAMS 0x000000008a800000| PB 0x000000008a700000| Complete 
| 136|0x000000008a800000, 0x000000008a900000, 0x000000008a900000|100%|HC|  |TAMS 0x000000008a900000| PB 0x000000008a800000| Complete 
| 137|0x000000008a900000, 0x000000008aa00000, 0x000000008aa00000|100%|HC|  |TAMS 0x000000008aa00000| PB 0x000000008a900000| Complete 
| 138|0x000000008aa00000, 0x000000008ab00000, 0x000000008ab00000|100%|HC|  |TAMS 0x000000008ab00000| PB 0x000000008aa00000| Complete 
| 139|0x000000008ab00000, 0x000000008ac00000, 0x000000008ac00000|100%|HC|  |TAMS 0x000000008ac00000| PB 0x000000008ab00000| Complete 
| 140|0x000000008ac00000, 0x000000008ad00000, 0x000000008ad00000|100%|HC|  |TAMS 0x000000008ad00000| PB 0x000000008ac00000| Complete 
| 141|0x000000008ad00000, 0x000000008ae00000, 0x000000008ae00000|100%|HC|  |TAMS 0x000000008ae00000| PB 0x000000008ad00000| Complete 
| 142|0x000000008ae00000, 0x000000008af00000, 0x000000008af00000|100%|HC|  |TAMS 0x000000008af00000| PB 0x000000008ae00000| Complete 
| 143|0x000000008af00000, 0x000000008b000000, 0x000000008b000000|100%|HC|  |TAMS 0x000000008b000000| PB 0x000000008af00000| Complete 
| 144|0x000000008b000000, 0x000000008b100000, 0x000000008b100000|100%|HC|  |TAMS 0x000000008b100000| PB 0x000000008b000000| Complete 
| 145|0x000000008b100000, 0x000000008b200000, 0x000000008b200000|100%|HC|  |TAMS 0x000000008b200000| PB 0x000000008b100000| Complete 
| 146|0x000000008b200000, 0x000000008b300000, 0x000000008b300000|100%|HC|  |TAMS 0x000000008b300000| PB 0x000000008b200000| Complete 
| 147|0x000000008b300000, 0x000000008b400000, 0x000000008b400000|100%|HC|  |TAMS 0x000000008b400000| PB 0x000000008b300000| Complete 
| 148|0x000000008b400000, 0x000000008b500000, 0x000000008b500000|100%|HC|  |TAMS 0x000000008b500000| PB 0x000000008b400000| Complete 
| 149|0x000000008b500000, 0x000000008b600000, 0x000000008b600000|100%|HC|  |TAMS 0x000000008b600000| PB 0x000000008b500000| Complete 
| 150|0x000000008b600000, 0x000000008b700000, 0x000000008b700000|100%|HC|  |TAMS 0x000000008b700000| PB 0x000000008b600000| Complete 
| 151|0x000000008b700000, 0x000000008b800000, 0x000000008b800000|100%|HC|  |TAMS 0x000000008b800000| PB 0x000000008b700000| Complete 
| 152|0x000000008b800000, 0x000000008b900000, 0x000000008b900000|100%|HC|  |TAMS 0x000000008b900000| PB 0x000000008b800000| Complete 
| 153|0x000000008b900000, 0x000000008ba00000, 0x000000008ba00000|100%|HC|  |TAMS 0x000000008ba00000| PB 0x000000008b900000| Complete 
| 154|0x000000008ba00000, 0x000000008bb00000, 0x000000008bb00000|100%|HC|  |TAMS 0x000000008bb00000| PB 0x000000008ba00000| Complete 
| 155|0x000000008bb00000, 0x000000008bc00000, 0x000000008bc00000|100%|HC|  |TAMS 0x000000008bc00000| PB 0x000000008bb00000| Complete 
| 156|0x000000008bc00000, 0x000000008bd00000, 0x000000008bd00000|100%|HC|  |TAMS 0x000000008bd00000| PB 0x000000008bc00000| Complete 
| 157|0x000000008bd00000, 0x000000008be00000, 0x000000008be00000|100%|HC|  |TAMS 0x000000008be00000| PB 0x000000008bd00000| Complete 
| 158|0x000000008be00000, 0x000000008bf00000, 0x000000008bf00000|100%|HC|  |TAMS 0x000000008bf00000| PB 0x000000008be00000| Complete 
| 159|0x000000008bf00000, 0x000000008c000000, 0x000000008c000000|100%|HC|  |TAMS 0x000000008c000000| PB 0x000000008bf00000| Complete 
| 160|0x000000008c000000, 0x000000008c100000, 0x000000008c100000|100%|HC|  |TAMS 0x000000008c100000| PB 0x000000008c000000| Complete 
| 161|0x000000008c100000, 0x000000008c200000, 0x000000008c200000|100%|HC|  |TAMS 0x000000008c200000| PB 0x000000008c100000| Complete 
| 162|0x000000008c200000, 0x000000008c300000, 0x000000008c300000|100%|HC|  |TAMS 0x000000008c300000| PB 0x000000008c200000| Complete 
| 163|0x000000008c300000, 0x000000008c400000, 0x000000008c400000|100%|HC|  |TAMS 0x000000008c400000| PB 0x000000008c300000| Complete 
| 164|0x000000008c400000, 0x000000008c500000, 0x000000008c500000|100%|HC|  |TAMS 0x000000008c500000| PB 0x000000008c400000| Complete 
| 165|0x000000008c500000, 0x000000008c600000, 0x000000008c600000|100%|HC|  |TAMS 0x000000008c600000| PB 0x000000008c500000| Complete 
| 166|0x000000008c600000, 0x000000008c700000, 0x000000008c700000|100%|HC|  |TAMS 0x000000008c700000| PB 0x000000008c600000| Complete 
| 167|0x000000008c700000, 0x000000008c800000, 0x000000008c800000|100%|HC|  |TAMS 0x000000008c800000| PB 0x000000008c700000| Complete 
| 168|0x000000008c800000, 0x000000008c900000, 0x000000008c900000|100%|HC|  |TAMS 0x000000008c900000| PB 0x000000008c800000| Complete 
| 169|0x000000008c900000, 0x000000008ca00000, 0x000000008ca00000|100%|HC|  |TAMS 0x000000008ca00000| PB 0x000000008c900000| Complete 
| 170|0x000000008ca00000, 0x000000008cb00000, 0x000000008cb00000|100%|HC|  |TAMS 0x000000008cb00000| PB 0x000000008ca00000| Complete 
| 171|0x000000008cb00000, 0x000000008cc00000, 0x000000008cc00000|100%|HC|  |TAMS 0x000000008cc00000| PB 0x000000008cb00000| Complete 
| 172|0x000000008cc00000, 0x000000008cd00000, 0x000000008cd00000|100%|HC|  |TAMS 0x000000008cd00000| PB 0x000000008cc00000| Complete 
| 173|0x000000008cd00000, 0x000000008ce00000, 0x000000008ce00000|100%|HC|  |TAMS 0x000000008ce00000| PB 0x000000008cd00000| Complete 
| 174|0x000000008ce00000, 0x000000008cf00000, 0x000000008cf00000|100%|HC|  |TAMS 0x000000008cf00000| PB 0x000000008ce00000| Complete 
| 175|0x000000008cf00000, 0x000000008d000000, 0x000000008d000000|100%|HC|  |TAMS 0x000000008d000000| PB 0x000000008cf00000| Complete 
| 176|0x000000008d000000, 0x000000008d100000, 0x000000008d100000|100%|HC|  |TAMS 0x000000008d100000| PB 0x000000008d000000| Complete 
| 177|0x000000008d100000, 0x000000008d200000, 0x000000008d200000|100%|HC|  |TAMS 0x000000008d200000| PB 0x000000008d100000| Complete 
| 178|0x000000008d200000, 0x000000008d300000, 0x000000008d300000|100%|HC|  |TAMS 0x000000008d300000| PB 0x000000008d200000| Complete 
| 179|0x000000008d300000, 0x000000008d400000, 0x000000008d400000|100%|HC|  |TAMS 0x000000008d400000| PB 0x000000008d300000| Complete 
| 180|0x000000008d400000, 0x000000008d500000, 0x000000008d500000|100%|HC|  |TAMS 0x000000008d500000| PB 0x000000008d400000| Complete 
| 181|0x000000008d500000, 0x000000008d600000, 0x000000008d600000|100%|HC|  |TAMS 0x000000008d600000| PB 0x000000008d500000| Complete 
| 182|0x000000008d600000, 0x000000008d700000, 0x000000008d700000|100%|HC|  |TAMS 0x000000008d700000| PB 0x000000008d600000| Complete 
| 183|0x000000008d700000, 0x000000008d800000, 0x000000008d800000|100%|HC|  |TAMS 0x000000008d800000| PB 0x000000008d700000| Complete 
| 184|0x000000008d800000, 0x000000008d900000, 0x000000008d900000|100%|HC|  |TAMS 0x000000008d900000| PB 0x000000008d800000| Complete 
| 185|0x000000008d900000, 0x000000008da00000, 0x000000008da00000|100%|HC|  |TAMS 0x000000008da00000| PB 0x000000008d900000| Complete 
| 186|0x000000008da00000, 0x000000008db00000, 0x000000008db00000|100%|HC|  |TAMS 0x000000008db00000| PB 0x000000008da00000| Complete 
| 187|0x000000008db00000, 0x000000008dc00000, 0x000000008dc00000|100%|HC|  |TAMS 0x000000008dc00000| PB 0x000000008db00000| Complete 
| 188|0x000000008dc00000, 0x000000008dd00000, 0x000000008dd00000|100%|HC|  |TAMS 0x000000008dd00000| PB 0x000000008dc00000| Complete 
| 189|0x000000008dd00000, 0x000000008de00000, 0x000000008de00000|100%|HC|  |TAMS 0x000000008de00000| PB 0x000000008dd00000| Complete 
| 190|0x000000008de00000, 0x000000008df00000, 0x000000008df00000|100%|HC|  |TAMS 0x000000008df00000| PB 0x000000008de00000| Complete 
| 191|0x000000008df00000, 0x000000008e000000, 0x000000008e000000|100%|HC|  |TAMS 0x000000008e000000| PB 0x000000008df00000| Complete 
| 192|0x000000008e000000, 0x000000008e100000, 0x000000008e100000|100%|HC|  |TAMS 0x000000008e100000| PB 0x000000008e000000| Complete 
| 193|0x000000008e100000, 0x000000008e200000, 0x000000008e200000|100%|HC|  |TAMS 0x000000008e200000| PB 0x000000008e100000| Complete 
| 194|0x000000008e200000, 0x000000008e300000, 0x000000008e300000|100%|HC|  |TAMS 0x000000008e300000| PB 0x000000008e200000| Complete 
| 195|0x000000008e300000, 0x000000008e400000, 0x000000008e400000|100%|HC|  |TAMS 0x000000008e400000| PB 0x000000008e300000| Complete 
| 196|0x000000008e400000, 0x000000008e500000, 0x000000008e500000|100%|HC|  |TAMS 0x000000008e500000| PB 0x000000008e400000| Complete 
| 197|0x000000008e500000, 0x000000008e600000, 0x000000008e600000|100%|HC|  |TAMS 0x000000008e600000| PB 0x000000008e500000| Complete 
| 198|0x000000008e600000, 0x000000008e700000, 0x000000008e700000|100%|HC|  |TAMS 0x000000008e700000| PB 0x000000008e600000| Complete 
| 199|0x000000008e700000, 0x000000008e800000, 0x000000008e800000|100%|HC|  |TAMS 0x000000008e800000| PB 0x000000008e700000| Complete 
| 200|0x000000008e800000, 0x000000008e900000, 0x000000008e900000|100%|HC|  |TAMS 0x000000008e900000| PB 0x000000008e800000| Complete 
| 201|0x000000008e900000, 0x000000008ea00000, 0x000000008ea00000|100%|HC|  |TAMS 0x000000008ea00000| PB 0x000000008e900000| Complete 
| 202|0x000000008ea00000, 0x000000008eb00000, 0x000000008eb00000|100%|HC|  |TAMS 0x000000008eb00000| PB 0x000000008ea00000| Complete 
| 203|0x000000008eb00000, 0x000000008ec00000, 0x000000008ec00000|100%|HC|  |TAMS 0x000000008ec00000| PB 0x000000008eb00000| Complete 
| 204|0x000000008ec00000, 0x000000008ed00000, 0x000000008ed00000|100%|HC|  |TAMS 0x000000008ed00000| PB 0x000000008ec00000| Complete 
| 205|0x000000008ed00000, 0x000000008ee00000, 0x000000008ee00000|100%|HC|  |TAMS 0x000000008ee00000| PB 0x000000008ed00000| Complete 
| 206|0x000000008ee00000, 0x000000008ef00000, 0x000000008ef00000|100%|HC|  |TAMS 0x000000008ef00000| PB 0x000000008ee00000| Complete 
| 207|0x000000008ef00000, 0x000000008f000000, 0x000000008f000000|100%|HC|  |TAMS 0x000000008f000000| PB 0x000000008ef00000| Complete 
| 208|0x000000008f000000, 0x000000008f100000, 0x000000008f100000|100%|HC|  |TAMS 0x000000008f100000| PB 0x000000008f000000| Complete 
| 209|0x000000008f100000, 0x000000008f200000, 0x000000008f200000|100%|HC|  |TAMS 0x000000008f200000| PB 0x000000008f100000| Complete 
| 210|0x000000008f200000, 0x000000008f300000, 0x000000008f300000|100%|HC|  |TAMS 0x000000008f300000| PB 0x000000008f200000| Complete 
| 211|0x000000008f300000, 0x000000008f400000, 0x000000008f400000|100%|HC|  |TAMS 0x000000008f400000| PB 0x000000008f300000| Complete 
| 212|0x000000008f400000, 0x000000008f500000, 0x000000008f500000|100%|HC|  |TAMS 0x000000008f500000| PB 0x000000008f400000| Complete 
| 213|0x000000008f500000, 0x000000008f600000, 0x000000008f600000|100%|HC|  |TAMS 0x000000008f600000| PB 0x000000008f500000| Complete 
| 214|0x000000008f600000, 0x000000008f700000, 0x000000008f700000|100%|HC|  |TAMS 0x000000008f700000| PB 0x000000008f600000| Complete 
| 215|0x000000008f700000, 0x000000008f800000, 0x000000008f800000|100%|HC|  |TAMS 0x000000008f800000| PB 0x000000008f700000| Complete 
| 216|0x000000008f800000, 0x000000008f900000, 0x000000008f900000|100%|HC|  |TAMS 0x000000008f900000| PB 0x000000008f800000| Complete 
| 217|0x000000008f900000, 0x000000008fa00000, 0x000000008fa00000|100%|HC|  |TAMS 0x000000008fa00000| PB 0x000000008f900000| Complete 
| 218|0x000000008fa00000, 0x000000008fb00000, 0x000000008fb00000|100%|HC|  |TAMS 0x000000008fb00000| PB 0x000000008fa00000| Complete 
| 219|0x000000008fb00000, 0x000000008fc00000, 0x000000008fc00000|100%|HC|  |TAMS 0x000000008fc00000| PB 0x000000008fb00000| Complete 
| 220|0x000000008fc00000, 0x000000008fd00000, 0x000000008fd00000|100%|HC|  |TAMS 0x000000008fd00000| PB 0x000000008fc00000| Complete 
| 221|0x000000008fd00000, 0x000000008fe00000, 0x000000008fe00000|100%|HC|  |TAMS 0x000000008fe00000| PB 0x000000008fd00000| Complete 
| 222|0x000000008fe00000, 0x000000008ff00000, 0x000000008ff00000|100%|HC|  |TAMS 0x000000008ff00000| PB 0x000000008fe00000| Complete 
| 223|0x000000008ff00000, 0x0000000090000000, 0x0000000090000000|100%|HC|  |TAMS 0x0000000090000000| PB 0x000000008ff00000| Complete 
| 224|0x0000000090000000, 0x0000000090100000, 0x0000000090100000|100%|HC|  |TAMS 0x0000000090100000| PB 0x0000000090000000| Complete 
| 225|0x0000000090100000, 0x0000000090200000, 0x0000000090200000|100%|HC|  |TAMS 0x0000000090200000| PB 0x0000000090100000| Complete 
| 226|0x0000000090200000, 0x0000000090300000, 0x0000000090300000|100%|HC|  |TAMS 0x0000000090300000| PB 0x0000000090200000| Complete 
| 227|0x0000000090300000, 0x0000000090400000, 0x0000000090400000|100%|HC|  |TAMS 0x0000000090400000| PB 0x0000000090300000| Complete 
| 228|0x0000000090400000, 0x0000000090500000, 0x0000000090500000|100%|HC|  |TAMS 0x0000000090500000| PB 0x0000000090400000| Complete 
| 229|0x0000000090500000, 0x0000000090600000, 0x0000000090600000|100%|HC|  |TAMS 0x0000000090600000| PB 0x0000000090500000| Complete 
| 230|0x0000000090600000, 0x0000000090700000, 0x0000000090700000|100%|HC|  |TAMS 0x0000000090700000| PB 0x0000000090600000| Complete 
| 231|0x0000000090700000, 0x0000000090800000, 0x0000000090800000|100%|HC|  |TAMS 0x0000000090800000| PB 0x0000000090700000| Complete 
| 232|0x0000000090800000, 0x0000000090900000, 0x0000000090900000|100%|HC|  |TAMS 0x0000000090900000| PB 0x0000000090800000| Complete 
| 233|0x0000000090900000, 0x0000000090a00000, 0x0000000090a00000|100%|HC|  |TAMS 0x0000000090a00000| PB 0x0000000090900000| Complete 
| 234|0x0000000090a00000, 0x0000000090b00000, 0x0000000090b00000|100%|HC|  |TAMS 0x0000000090b00000| PB 0x0000000090a00000| Complete 
| 235|0x0000000090b00000, 0x0000000090c00000, 0x0000000090c00000|100%|HC|  |TAMS 0x0000000090c00000| PB 0x0000000090b00000| Complete 
| 236|0x0000000090c00000, 0x0000000090d00000, 0x0000000090d00000|100%|HC|  |TAMS 0x0000000090d00000| PB 0x0000000090c00000| Complete 
| 237|0x0000000090d00000, 0x0000000090e00000, 0x0000000090e00000|100%|HC|  |TAMS 0x0000000090e00000| PB 0x0000000090d00000| Complete 
| 238|0x0000000090e00000, 0x0000000090f00000, 0x0000000090f00000|100%|HC|  |TAMS 0x0000000090f00000| PB 0x0000000090e00000| Complete 
| 239|0x0000000090f00000, 0x0000000091000000, 0x0000000091000000|100%|HC|  |TAMS 0x0000000091000000| PB 0x0000000090f00000| Complete 
| 240|0x0000000091000000, 0x0000000091100000, 0x0000000091100000|100%|HC|  |TAMS 0x0000000091100000| PB 0x0000000091000000| Complete 
| 241|0x0000000091100000, 0x0000000091200000, 0x0000000091200000|100%|HC|  |TAMS 0x0000000091200000| PB 0x0000000091100000| Complete 
| 242|0x0000000091200000, 0x0000000091300000, 0x0000000091300000|100%|HC|  |TAMS 0x0000000091300000| PB 0x0000000091200000| Complete 
| 243|0x0000000091300000, 0x0000000091400000, 0x0000000091400000|100%|HC|  |TAMS 0x0000000091400000| PB 0x0000000091300000| Complete 
| 244|0x0000000091400000, 0x0000000091500000, 0x0000000091500000|100%|HC|  |TAMS 0x0000000091500000| PB 0x0000000091400000| Complete 
| 245|0x0000000091500000, 0x0000000091600000, 0x0000000091600000|100%|HC|  |TAMS 0x0000000091600000| PB 0x0000000091500000| Complete 
| 246|0x0000000091600000, 0x0000000091700000, 0x0000000091700000|100%|HC|  |TAMS 0x0000000091700000| PB 0x0000000091600000| Complete 
| 247|0x0000000091700000, 0x0000000091800000, 0x0000000091800000|100%|HC|  |TAMS 0x0000000091800000| PB 0x0000000091700000| Complete 
| 248|0x0000000091800000, 0x0000000091900000, 0x0000000091900000|100%|HC|  |TAMS 0x0000000091900000| PB 0x0000000091800000| Complete 
| 249|0x0000000091900000, 0x0000000091a00000, 0x0000000091a00000|100%|HC|  |TAMS 0x0000000091a00000| PB 0x0000000091900000| Complete 
| 250|0x0000000091a00000, 0x0000000091b00000, 0x0000000091b00000|100%|HC|  |TAMS 0x0000000091b00000| PB 0x0000000091a00000| Complete 
| 251|0x0000000091b00000, 0x0000000091c00000, 0x0000000091c00000|100%|HC|  |TAMS 0x0000000091c00000| PB 0x0000000091b00000| Complete 
| 252|0x0000000091c00000, 0x0000000091d00000, 0x0000000091d00000|100%|HC|  |TAMS 0x0000000091d00000| PB 0x0000000091c00000| Complete 
| 253|0x0000000091d00000, 0x0000000091e00000, 0x0000000091e00000|100%|HC|  |TAMS 0x0000000091e00000| PB 0x0000000091d00000| Complete 
| 254|0x0000000091e00000, 0x0000000091f00000, 0x0000000091f00000|100%|HC|  |TAMS 0x0000000091f00000| PB 0x0000000091e00000| Complete 
| 255|0x0000000091f00000, 0x0000000092000000, 0x0000000092000000|100%|HC|  |TAMS 0x0000000092000000| PB 0x0000000091f00000| Complete 
| 256|0x0000000092000000, 0x0000000092000000, 0x0000000092100000|  0%| F|  |TAMS 0x0000000092000000| PB 0x0000000092000000| Untracked 
| 257|0x0000000092100000, 0x0000000092100000, 0x0000000092200000|  0%| F|  |TAMS 0x0000000092100000| PB 0x0000000092100000| Untracked 
| 258|0x0000000092200000, 0x0000000092200000, 0x0000000092300000|  0%| F|  |TAMS 0x0000000092200000| PB 0x0000000092200000| Untracked 
| 259|0x0000000092300000, 0x0000000092300000, 0x0000000092400000|  0%| F|  |TAMS 0x0000000092300000| PB 0x0000000092300000| Untracked 
| 260|0x0000000092400000, 0x0000000092400000, 0x0000000092500000|  0%| F|  |TAMS 0x0000000092400000| PB 0x0000000092400000| Untracked 
| 261|0x0000000092500000, 0x0000000092500000, 0x0000000092600000|  0%| F|  |TAMS 0x0000000092500000| PB 0x0000000092500000| Untracked 
| 262|0x0000000092600000, 0x0000000092600000, 0x0000000092700000|  0%| F|  |TAMS 0x0000000092600000| PB 0x0000000092600000| Untracked 
| 263|0x0000000092700000, 0x0000000092700000, 0x0000000092800000|  0%| F|  |TAMS 0x0000000092700000| PB 0x0000000092700000| Untracked 
| 264|0x0000000092800000, 0x00000000928b4b60, 0x0000000092900000| 70%| S|CS|TAMS 0x0000000092800000| PB 0x0000000092800000| Complete 
| 265|0x0000000092900000, 0x0000000092a00000, 0x0000000092a00000|100%| S|CS|TAMS 0x0000000092900000| PB 0x0000000092900000| Complete 
| 266|0x0000000092a00000, 0x0000000092a00000, 0x0000000092b00000|  0%| F|  |TAMS 0x0000000092a00000| PB 0x0000000092a00000| Untracked 

Card table byte_map: [0x0000020f5d920000,0x0000020f5dd10000] _byte_map_base: 0x0000020f5d510000

Marking Bits: (CMBitMap*) 0x0000020f45bdd9e0
 Bits: [0x0000020f5dd10000, 0x0000020f5fc90000)

Polling page: 0x0000020f43af0000

Metaspace:

Usage:
  Non-class:      7.04 MB used.
      Class:    915.20 KB used.
       Both:      7.93 MB used.

Virtual space:
  Non-class space:       64.00 MB reserved,       7.19 MB ( 11%) committed,  1 nodes.
      Class space:        1.00 GB reserved,       1.00 MB ( <1%) committed,  1 nodes.
             Both:        1.06 GB reserved,       8.19 MB ( <1%) committed. 

Chunk freelists:
   Non-Class:  8.48 MB
       Class:  15.03 MB
        Both:  23.52 MB

MaxMetaspaceSize: unlimited
CompressedClassSpaceSize: 1.00 GB
Initial GC threshold: 21.00 MB
Current GC threshold: 21.00 MB
CDS: on
 - commit_granule_bytes: 65536.
 - commit_granule_words: 8192.
 - virtual_space_node_default_size: 8388608.
 - enlarge_chunks_in_place: 1.
 - use_allocation_guard: 0.


Internal statistics:

num_allocs_failed_limit: 0.
num_arena_births: 160.
num_arena_deaths: 0.
num_vsnodes_births: 2.
num_vsnodes_deaths: 0.
num_space_committed: 131.
num_space_uncommitted: 0.
num_chunks_returned_to_freelist: 0.
num_chunks_taken_from_freelist: 203.
num_chunk_merges: 0.
num_chunk_splits: 120.
num_chunks_enlarged: 49.
num_inconsistent_stats: 0.

CodeHeap 'non-profiled nmethods': size=120000Kb used=315Kb max_used=322Kb free=119684Kb
 bounds [0x0000020f55ab0000, 0x0000020f55d20000, 0x0000020f5cfe0000]
CodeHeap 'profiled nmethods': size=120000Kb used=1574Kb max_used=1609Kb free=118425Kb
 bounds [0x0000020f4dfe0000, 0x0000020f4e250000, 0x0000020f55510000]
CodeHeap 'non-nmethods': size=5760Kb used=1545Kb max_used=1561Kb free=4214Kb
 bounds [0x0000020f55510000, 0x0000020f55780000, 0x0000020f55ab0000]
 total_blobs=1609 nmethods=994 adapters=520
 compilation: enabled
              stopped_count=0, restarted_count=0
 full_count=0

Compilation events (20 events):
Event: 8.260 Thread 0x0000020f628f9b20 1066       3       java.util.Optional::empty (6 bytes)
Event: 8.260 Thread 0x0000020f628f9b20 nmethod 1066 0x0000020f4e16e810 code [0x0000020f4e16e9a0, 0x0000020f4e16ea98]
Event: 8.260 Thread 0x0000020f628f9b20 1067       3       jdk.internal.module.SystemModuleFinders$SystemImage::reader (4 bytes)
Event: 8.260 Thread 0x0000020f628f9b20 nmethod 1067 0x0000020f4e16eb10 code [0x0000020f4e16eca0, 0x0000020f4e16ed98]
Event: 8.260 Thread 0x0000020f628f9b20 1068       3       jdk.internal.module.SystemModuleFinders$SystemModuleReader::find (59 bytes)
Event: 8.260 Thread 0x0000020f628f9b20 nmethod 1068 0x0000020f4e16ee10 code [0x0000020f4e16f0c0, 0x0000020f4e16fb78]
Event: 8.260 Thread 0x0000020f628f6f40 1069       4       java.lang.AbstractStringBuilder::ensureCapacityInternal (39 bytes)
Event: 8.260 Thread 0x0000020f628f9b20 1070       3       java.lang.StringLatin1::indexOf (37 bytes)
Event: 8.261 Thread 0x0000020f628f9b20 nmethod 1070 0x0000020f4e16ff90 code [0x0000020f4e170180, 0x0000020f4e170588]
Event: 8.261 Thread 0x0000020f628f9b20 1071       3       java.util.Locale::hashCode (41 bytes)
Event: 8.261 Thread 0x0000020f628f9b20 nmethod 1071 0x0000020f4e170710 code [0x0000020f4e1708e0, 0x0000020f4e170af8]
Event: 8.263 Thread 0x0000020f628f6f40 nmethod 1069 0x0000020f55b00290 code [0x0000020f55b00440, 0x0000020f55b009e8]
Event: 8.263 Thread 0x0000020f628f9b20 1072       3       java.util.Calendar::internalSet (8 bytes)
Event: 8.263 Thread 0x0000020f628f9b20 nmethod 1072 0x0000020f4e170c10 code [0x0000020f4e170dc0, 0x0000020f4e170ef8]
Event: 8.266 Thread 0x0000020f628f9b20 1073   !   3       java.lang.ref.NativeReferenceQueue::enqueue (20 bytes)
Event: 8.266 Thread 0x0000020f628f9b20 nmethod 1073 0x0000020f4e171010 code [0x0000020f4e1711c0, 0x0000020f4e1713f0]
Event: 8.266 Thread 0x0000020f628f9b20 1074       3       java.lang.ref.NativeReferenceQueue::signal (8 bytes)
Event: 8.266 Thread 0x0000020f628f9b20 nmethod 1074 0x0000020f4e171510 code [0x0000020f4e1716c0, 0x0000020f4e171800]
Event: 8.267 Thread 0x0000020f628f9b20 1075       3       sun.awt.image.ImageDecoder::setPixels (58 bytes)
Event: 8.267 Thread 0x0000020f628f9b20 nmethod 1075 0x0000020f4e171910 code [0x0000020f4e171b00, 0x0000020f4e1722b0]

GC Heap History (15 events):
Event: 0.318 GC heap before
{Heap before GC invocations=0 (full 0):
 garbage-first heap   total 129024K, used 6144K [0x0000000082000000, 0x0000000100000000)
  region size 1024K, 8 young (8192K), 0 survivors (0K)
 Metaspace       used 4975K, committed 5184K, reserved 1114112K
  class space    used 523K, committed 640K, reserved 1048576K
}
Event: 0.321 GC heap after
{Heap after GC invocations=1 (full 0):
 garbage-first heap   total 129024K, used 2928K [0x0000000082000000, 0x0000000100000000)
  region size 1024K, 3 young (3072K), 3 survivors (3072K)
 Metaspace       used 4975K, committed 5184K, reserved 1114112K
  class space    used 523K, committed 640K, reserved 1048576K
}
Event: 0.810 GC heap before
{Heap before GC invocations=1 (full 0):
 garbage-first heap   total 262144K, used 162672K [0x0000000082000000, 0x0000000100000000)
  region size 1024K, 22 young (22528K), 3 survivors (3072K)
 Metaspace       used 5100K, committed 5312K, reserved 1114112K
  class space    used 529K, committed 640K, reserved 1048576K
}
Event: 0.813 GC heap after
{Heap after GC invocations=2 (full 0):
 garbage-first heap   total 262144K, used 144449K [0x0000000082000000, 0x0000000100000000)
  region size 1024K, 1 young (1024K), 1 survivors (1024K)
 Metaspace       used 5100K, committed 5312K, reserved 1114112K
  class space    used 529K, committed 640K, reserved 1048576K
}
Event: 1.296 GC heap before
{Heap before GC invocations=2 (full 0):
 garbage-first heap   total 262144K, used 244801K [0x0000000082000000, 0x0000000100000000)
  region size 1024K, 100 young (102400K), 1 survivors (1024K)
 Metaspace       used 5105K, committed 5312K, reserved 1114112K
  class space    used 530K, committed 640K, reserved 1048576K
}
Event: 1.297 GC heap after
{Heap after GC invocations=3 (full 0):
 garbage-first heap   total 262144K, used 144092K [0x0000000082000000, 0x0000000100000000)
  region size 1024K, 1 young (1024K), 1 survivors (1024K)
 Metaspace       used 5105K, committed 5312K, reserved 1114112K
  class space    used 530K, committed 640K, reserved 1048576K
}
Event: 1.544 GC heap before
{Heap before GC invocations=4 (full 0):
 garbage-first heap   total 262144K, used 244444K [0x0000000082000000, 0x0000000100000000)
  region size 1024K, 100 young (102400K), 1 survivors (1024K)
 Metaspace       used 5105K, committed 5312K, reserved 1114112K
  class space    used 530K, committed 640K, reserved 1048576K
}
Event: 1.545 GC heap after
{Heap after GC invocations=5 (full 0):
 garbage-first heap   total 262144K, used 144003K [0x0000000082000000, 0x0000000100000000)
  region size 1024K, 1 young (1024K), 1 survivors (1024K)
 Metaspace       used 5105K, committed 5312K, reserved 1114112K
  class space    used 530K, committed 640K, reserved 1048576K
}
Event: 1.713 GC heap before
{Heap before GC invocations=5 (full 0):
 garbage-first heap   total 262144K, used 216707K [0x0000000082000000, 0x0000000100000000)
  region size 1024K, 74 young (75776K), 1 survivors (1024K)
 Metaspace       used 5115K, committed 5312K, reserved 1114112K
  class space    used 532K, committed 640K, reserved 1048576K
}
Event: 1.714 GC heap after
{Heap after GC invocations=6 (full 0):
 garbage-first heap   total 262144K, used 144039K [0x0000000082000000, 0x0000000100000000)
  region size 1024K, 1 young (1024K), 1 survivors (1024K)
 Metaspace       used 5115K, committed 5312K, reserved 1114112K
  class space    used 532K, committed 640K, reserved 1048576K
}
Event: 2.708 GC heap before
{Heap before GC invocations=7 (full 0):
 garbage-first heap   total 262144K, used 162471K [0x0000000082000000, 0x0000000100000000)
  region size 1024K, 15 young (15360K), 1 survivors (1024K)
 Metaspace       used 7397K, committed 7616K, reserved 1114112K
  class space    used 793K, committed 896K, reserved 1048576K
}
Event: 2.711 GC heap after
{Heap after GC invocations=8 (full 0):
 garbage-first heap   total 262144K, used 149434K [0x0000000082000000, 0x0000000100000000)
  region size 1024K, 1 young (1024K), 1 survivors (1024K)
 Metaspace       used 7397K, committed 7616K, reserved 1114112K
  class space    used 793K, committed 896K, reserved 1048576K
}
Event: 8.264 GC heap before
{Heap before GC invocations=9 (full 0):
 garbage-first heap   total 268288K, used 160698K [0x0000000082000000, 0x0000000100000000)
  region size 1024K, 5 young (5120K), 1 survivors (1024K)
 Metaspace       used 8123K, committed 8384K, reserved 1114112K
  class space    used 915K, committed 1024K, reserved 1048576K
}
Event: 8.265 GC heap after
{Heap after GC invocations=10 (full 0):
 garbage-first heap   total 268288K, used 159073K [0x0000000082000000, 0x0000000100000000)
  region size 1024K, 2 young (2048K), 2 survivors (2048K)
 Metaspace       used 8123K, committed 8384K, reserved 1114112K
  class space    used 915K, committed 1024K, reserved 1048576K
}
Event: 8.278 GC heap before
{Heap before GC invocations=11 (full 0):
 garbage-first heap   total 273408K, used 163169K [0x0000000082000000, 0x0000000100000000)
  region size 1024K, 5 young (5120K), 2 survivors (2048K)
 Metaspace       used 8124K, committed 8384K, reserved 1114112K
  class space    used 915K, committed 1024K, reserved 1048576K
}

Dll operation events (10 events):
Event: 0.006 Loaded shared library C:\Program Files\Java\jdk-21\bin\java.dll
Event: 0.136 Loaded shared library C:\Program Files\Java\jdk-21\bin\jsvml.dll
Event: 0.165 Loaded shared library C:\Program Files\Java\jdk-21\bin\jimage.dll
Event: 0.168 Loaded shared library C:\Program Files\Java\jdk-21\bin\net.dll
Event: 0.169 Loaded shared library C:\Program Files\Java\jdk-21\bin\nio.dll
Event: 0.172 Loaded shared library C:\Program Files\Java\jdk-21\bin\zip.dll
Event: 0.182 Loaded shared library C:\Program Files\Java\jdk-21\bin\awt.dll
Event: 0.314 Loaded shared library C:\Program Files\Java\jdk-21\bin\javajpeg.dll
Event: 2.601 Loaded shared library C:\Program Files\Java\jdk-21\bin\freetype.dll
Event: 2.602 Loaded shared library C:\Program Files\Java\jdk-21\bin\fontmanager.dll

Deoptimization events (20 events):
Event: 6.859 Thread 0x0000020f62dd68d0 DEOPT PACKING pc=0x0000020f55acfb58 sp=0x000000b5568fde40
Event: 6.859 Thread 0x0000020f62dd68d0 DEOPT UNPACKING pc=0x0000020f555646a2 sp=0x000000b5568fddd8 mode 2
Event: 6.859 Thread 0x0000020f62dd68d0 Uncommon trap: trap_request=0xffffffde fr.pc=0x0000020f55acfb58 relative=0x00000000000001b8
Event: 6.859 Thread 0x0000020f62dd68d0 Uncommon trap: reason=class_check action=maybe_recompile pc=0x0000020f55acfb58 method=java.lang.String.equals(Ljava/lang/Object;)Z @ 8 c2
Event: 6.859 Thread 0x0000020f62dd68d0 DEOPT PACKING pc=0x0000020f55acfb58 sp=0x000000b5568fde40
Event: 6.859 Thread 0x0000020f62dd68d0 DEOPT UNPACKING pc=0x0000020f555646a2 sp=0x000000b5568fddd8 mode 2
Event: 6.859 Thread 0x0000020f62dd68d0 Uncommon trap: trap_request=0xffffffde fr.pc=0x0000020f55acfb58 relative=0x00000000000001b8
Event: 6.859 Thread 0x0000020f62dd68d0 Uncommon trap: reason=class_check action=maybe_recompile pc=0x0000020f55acfb58 method=java.lang.String.equals(Ljava/lang/Object;)Z @ 8 c2
Event: 6.859 Thread 0x0000020f62dd68d0 DEOPT PACKING pc=0x0000020f55acfb58 sp=0x000000b5568fde40
Event: 6.859 Thread 0x0000020f62dd68d0 DEOPT UNPACKING pc=0x0000020f555646a2 sp=0x000000b5568fddd8 mode 2
Event: 7.057 Thread 0x0000020f62d4d700 Uncommon trap: trap_request=0xffffff45 fr.pc=0x0000020f55ae328c relative=0x000000000000024c
Event: 7.057 Thread 0x0000020f62d4d700 Uncommon trap: reason=unstable_if action=reinterpret pc=0x0000020f55ae328c method=java.util.concurrent.locks.ReentrantLock$Sync.lock()V @ 4 c2
Event: 7.057 Thread 0x0000020f62d4d700 DEOPT PACKING pc=0x0000020f55ae328c sp=0x000000b555cfdcc0
Event: 7.057 Thread 0x0000020f62d4d700 DEOPT UNPACKING pc=0x0000020f555646a2 sp=0x000000b555cfdc20 mode 2
Event: 8.260 Thread 0x0000020f67bfec50 DEOPT PACKING pc=0x0000020f4e000119 sp=0x000000b555dff0d0
Event: 8.260 Thread 0x0000020f67bfec50 DEOPT UNPACKING pc=0x0000020f55564e42 sp=0x000000b555dfe4f0 mode 0
Event: 8.263 Thread 0x0000020f67bfec50 Uncommon trap: trap_request=0xffffff45 fr.pc=0x0000020f55af1d5c relative=0x00000000000012fc
Event: 8.263 Thread 0x0000020f67bfec50 Uncommon trap: reason=unstable_if action=reinterpret pc=0x0000020f55af1d5c method=java.awt.image.ReplicateScaleFilter.setPixels(IIIILjava/awt/image/ColorModel;[III)V @ 4 c2
Event: 8.264 Thread 0x0000020f67bfec50 DEOPT PACKING pc=0x0000020f55af1d5c sp=0x000000b555dfe720
Event: 8.264 Thread 0x0000020f67bfec50 DEOPT UNPACKING pc=0x0000020f555646a2 sp=0x000000b555dfe628 mode 2

Classes loaded (20 events):
Event: 8.254 Loading class javax/swing/JRadioButtonMenuItem
Event: 8.254 Loading class javax/swing/JRadioButtonMenuItem done
Event: 8.255 Loading class javax/swing/plaf/basic/BasicPopupMenuUI$MouseGrabber$2
Event: 8.255 Loading class javax/swing/plaf/basic/BasicPopupMenuUI$MouseGrabber$2 done
Event: 8.255 Loading class jdk/internal/event/ThreadSleepEvent
Event: 8.255 Loading class jdk/internal/event/Event
Event: 8.256 Loading class jdk/internal/event/Event done
Event: 8.256 Loading class jdk/internal/event/ThreadSleepEvent done
Event: 8.257 Loading class javax/swing/JTextField
Event: 8.257 Loading class javax/swing/JTextField done
Event: 8.257 Loading class javax/swing/JRadioButton
Event: 8.257 Loading class javax/swing/JToggleButton
Event: 8.258 Loading class javax/swing/JToggleButton done
Event: 8.258 Loading class javax/swing/JRadioButton done
Event: 8.258 Loading class javax/swing/JComboBox
Event: 8.258 Loading class javax/swing/event/ListDataListener
Event: 8.258 Loading class javax/swing/event/ListDataListener done
Event: 8.259 Loading class javax/swing/JComboBox done
Event: 8.259 Loading class javax/swing/JButton
Event: 8.259 Loading class javax/swing/JButton done

Classes unloaded (0 events):
No events

Classes redefined (0 events):
No events

Internal exceptions (15 events):
Event: 0.175 Thread 0x0000020f45b89680 Exception <a 'java/lang/ClassNotFoundException'{0x0000000089cfd798}: sun/awt/resources/spi/awtProvider> (0x0000000089cfd798) 
thrown [s\open\src\hotspot\share\classfile\systemDictionary.cpp, line 312]
Event: 0.190 Thread 0x0000020f45b89680 Exception <a 'java/io/FileNotFoundException'{0x0000000089b715a8}> (0x0000000089b715a8) 
thrown [s\open\src\hotspot\share\prims\jni.cpp, line 520]
Event: 0.194 Thread 0x0000020f45b89680 Exception <a 'java/io/FileNotFoundException'{0x0000000089b9b7b8}> (0x0000000089b9b7b8) 
thrown [s\open\src\hotspot\share\prims\jni.cpp, line 520]
Event: 0.242 Thread 0x0000020f45b89680 Exception <a 'java/lang/NoSuchMethodError'{0x0000000089a2f9a8}: 'void java.lang.invoke.DirectMethodHandle$Holder.invokeSpecial(java.lang.Object, java.lang.Object, java.lang.Object)'> (0x0000000089a2f9a8) 
thrown [s\open\src\hotspot\share\interpreter\linkResolver.cpp, line 773]
Event: 0.247 Thread 0x0000020f45b89680 Exception <a 'java/lang/NoSuchMethodError'{0x0000000089a553a0}: 'java.lang.Object java.lang.invoke.DirectMethodHandle$Holder.newInvokeSpecial(java.lang.Object, java.lang.Object, java.lang.Object, java.lang.Object, java.lang.Object)'> (0x0000000089a553a0) 
thrown [s\open\src\hotspot\share\interpreter\linkResolver.cpp, line 773]
Event: 0.251 Thread 0x0000020f45b89680 Exception <a 'java/lang/NoSuchMethodError'{0x000000008990b018}: 'java.lang.Object java.lang.invoke.DirectMethodHandle$Holder.invokeStatic(java.lang.Object, int, java.lang.Object)'> (0x000000008990b018) 
thrown [s\open\src\hotspot\share\interpreter\linkResolver.cpp, line 773]
Event: 0.264 Thread 0x0000020f45b89680 Exception <a 'java/lang/ClassNotFoundException'{0x00000000899aa8c8}: com/sun/swing/internal/plaf/metal/resources/spi/metalProvider> (0x00000000899aa8c8) 
thrown [s\open\src\hotspot\share\classfile\systemDictionary.cpp, line 312]
Event: 0.264 Thread 0x0000020f45b89680 Exception <a 'java/lang/ClassNotFoundException'{0x00000000899ae858}: com/sun/swing/internal/plaf/basic/resources/spi/basicProvider> (0x00000000899ae858) 
thrown [s\open\src\hotspot\share\classfile\systemDictionary.cpp, line 312]
Event: 0.271 Thread 0x0000020f45b89680 Exception <a 'java/lang/NoSuchMethodError'{0x00000000899cd9d8}: 'int java.lang.invoke.Invokers$Holder.invokeExact_MT(java.lang.Object, java.lang.Object)'> (0x00000000899cd9d8) 
thrown [s\open\src\hotspot\share\interpreter\linkResolver.cpp, line 773]
Event: 0.315 Thread 0x0000020f62da53d0 Exception <a 'java/lang/NoSuchMethodError'{0x0000000089605bf8}: 'java.lang.Object java.lang.invoke.DirectMethodHandle$Holder.newInvokeSpecial(java.lang.Object, java.lang.Object, java.lang.Object, int, int, int, int, int)'> (0x0000000089605bf8) 
thrown [s\open\src\hotspot\share\interpreter\linkResolver.cpp, line 773]
Event: 1.713 Thread 0x0000020f62da53d0 Implicit null exception at 0x0000020f55ae8dc1 to 0x0000020f55ae9b5c
Event: 2.578 Thread 0x0000020f62d4d700 Exception <a 'java/lang/NoSuchMethodError'{0x0000000088a89220}: 'void java.lang.invoke.DirectMethodHandle$Holder.invokeVirtual(java.lang.Object, java.lang.Object)'> (0x0000000088a89220) 
thrown [s\open\src\hotspot\share\interpreter\linkResolver.cpp, line 773]
Event: 2.596 Thread 0x0000020f45b89680 Exception <a 'java/lang/NoSuchMethodError'{0x0000000088a2f6b0}: 'void java.lang.invoke.DirectMethodHandle$Holder.invokeStaticInit(java.lang.Object)'> (0x0000000088a2f6b0) 
thrown [s\open\src\hotspot\share\interpreter\linkResolver.cpp, line 773]
Event: 6.848 Thread 0x0000020f62dd68d0 Exception <a 'java/lang/NoSuchMethodError'{0x00000000894b65e8}: 'void java.lang.invoke.DirectMethodHandle$Holder.invokeStatic(java.lang.Object, java.lang.Object)'> (0x00000000894b65e8) 
thrown [s\open\src\hotspot\share\interpreter\linkResolver.cpp, line 773]
Event: 8.263 Thread 0x0000020f67bfec50 Implicit null exception at 0x0000020f55af0d74 to 0x0000020f55af1d00

ZGC Phase Switch (0 events):
No events

VM Operations (20 events):
Event: 2.711 Executing VM operation: G1TryInitiateConcMark (G1 Humongous Allocation) done
Event: 2.715 Executing VM operation: G1PauseRemark
Event: 2.717 Executing VM operation: G1PauseRemark done
Event: 2.718 Executing VM operation: G1PauseCleanup
Event: 2.718 Executing VM operation: G1PauseCleanup done
Event: 3.726 Executing VM operation: Cleanup
Event: 3.726 Executing VM operation: Cleanup done
Event: 4.732 Executing VM operation: Cleanup
Event: 4.732 Executing VM operation: Cleanup done
Event: 6.740 Executing VM operation: Cleanup
Event: 6.740 Executing VM operation: Cleanup done
Event: 7.746 Executing VM operation: Cleanup
Event: 7.746 Executing VM operation: Cleanup done
Event: 8.264 Executing VM operation: G1TryInitiateConcMark (G1 Humongous Allocation)
Event: 8.265 Executing VM operation: G1TryInitiateConcMark (G1 Humongous Allocation) done
Event: 8.267 Executing VM operation: G1PauseRemark
Event: 8.268 Executing VM operation: G1PauseRemark done
Event: 8.269 Executing VM operation: G1PauseCleanup
Event: 8.269 Executing VM operation: G1PauseCleanup done
Event: 8.278 Executing VM operation: G1TryInitiateConcMark (G1 Humongous Allocation)

Events (20 events):
Event: 8.268 Thread 0x0000020f628c3270 flushing nmethod 0x0000020f4e125c90
Event: 8.268 Thread 0x0000020f628c3270 flushing nmethod 0x0000020f4e106e90
Event: 8.268 Thread 0x0000020f628c3270 flushing nmethod 0x0000020f4e106110
Event: 8.268 Thread 0x0000020f628c3270 flushing nmethod 0x0000020f4e105d10
Event: 8.268 Thread 0x0000020f628c3270 flushing nmethod 0x0000020f4e0f6890
Event: 8.268 Thread 0x0000020f628c3270 flushing nmethod 0x0000020f4e0b2390
Event: 8.268 Thread 0x0000020f628c3270 flushing nmethod 0x0000020f4e0a3310
Event: 8.268 Thread 0x0000020f628c3270 flushing nmethod 0x0000020f4e018490
Event: 8.268 Thread 0x0000020f628c3270 flushing nmethod 0x0000020f4e010e10
Event: 8.268 Thread 0x0000020f628c3270 flushing nmethod 0x0000020f4e014b90
Event: 8.268 Thread 0x0000020f628c3270 flushing nmethod 0x0000020f4e008690
Event: 8.268 Thread 0x0000020f628c3270 flushing nmethod 0x0000020f4dff5890
Event: 8.268 Thread 0x0000020f628c3270 flushing nmethod 0x0000020f4dffbb90
Event: 8.268 Thread 0x0000020f628c3270 flushing nmethod 0x0000020f4dff8f90
Event: 8.268 Thread 0x0000020f628c3270 flushing nmethod 0x0000020f4dfe9210
Event: 8.268 Thread 0x0000020f628c3270 flushing nmethod 0x0000020f4dfe0490
Event: 8.268 Thread 0x0000020f628c3270 flushing nmethod 0x0000020f55ae7290
Event: 8.268 Thread 0x0000020f628c3270 flushing nmethod 0x0000020f55ae0c10
Event: 8.268 Thread 0x0000020f628c3270 flushing nmethod 0x0000020f55ae0510
Event: 8.268 Thread 0x0000020f628c3270 flushing nmethod 0x0000020f55ada910


Dynamic libraries:
0x00007ff6f0260000 - 0x00007ff6f0270000 	C:\Program Files\Java\jdk-21\bin\java.exe
0x00007ffa09650000 - 0x00007ffa09866000 	C:\WINDOWS\SYSTEM32\ntdll.dll
0x00007ffa07df0000 - 0x00007ffa07eb4000 	C:\WINDOWS\System32\KERNEL32.DLL
0x00007ffa06e30000 - 0x00007ffa071d6000 	C:\WINDOWS\System32\KERNELBASE.dll
0x00007ffa06a50000 - 0x00007ffa06b61000 	C:\WINDOWS\System32\ucrtbase.dll
0x00007ff9ffbd0000 - 0x00007ff9ffbeb000 	C:\Program Files\Java\jdk-21\bin\VCRUNTIME140.dll
0x00007ff9ffb00000 - 0x00007ff9ffb19000 	C:\Program Files\Java\jdk-21\bin\jli.dll
0x00007ffa073a0000 - 0x00007ffa07452000 	C:\WINDOWS\System32\ADVAPI32.dll
0x00007ffa07b00000 - 0x00007ffa07ba7000 	C:\WINDOWS\System32\msvcrt.dll
0x00007ffa08f00000 - 0x00007ffa08fa8000 	C:\WINDOWS\System32\sechost.dll
0x00007ffa072d0000 - 0x00007ffa072f8000 	C:\WINDOWS\System32\bcrypt.dll
0x00007ffa074a0000 - 0x00007ffa075b5000 	C:\WINDOWS\System32\RPCRT4.dll
0x00007ffa09030000 - 0x00007ffa091dd000 	C:\WINDOWS\System32\USER32.dll
0x00007ffa06b70000 - 0x00007ffa06b96000 	C:\WINDOWS\System32\win32u.dll
0x00007ff9efa40000 - 0x00007ff9efcd3000 	C:\WINDOWS\WinSxS\amd64_microsoft.windows.common-controls_6595b64144ccf1df_6.0.22621.3235_none_270f74e173860f98\COMCTL32.dll
0x00007ffa07ee0000 - 0x00007ffa07f09000 	C:\WINDOWS\System32\GDI32.dll
0x00007ffa06d10000 - 0x00007ffa06e28000 	C:\WINDOWS\System32\gdi32full.dll
0x00007ffa07300000 - 0x00007ffa0739a000 	C:\WINDOWS\System32\msvcp_win.dll
0x00007ff9fe4c0000 - 0x00007ff9fe4ca000 	C:\WINDOWS\SYSTEM32\VERSION.dll
0x00007ffa07460000 - 0x00007ffa07491000 	C:\WINDOWS\System32\IMM32.DLL
0x00007ffa01ae0000 - 0x00007ffa01aec000 	C:\Program Files\Java\jdk-21\bin\vcruntime140_1.dll
0x00007ff9ee4c0000 - 0x00007ff9ee54e000 	C:\Program Files\Java\jdk-21\bin\msvcp140.dll
0x00007ff9a9690000 - 0x00007ff9aa3a5000 	C:\Program Files\Java\jdk-21\bin\server\jvm.dll
0x00007ffa083a0000 - 0x00007ffa08411000 	C:\WINDOWS\System32\WS2_32.dll
0x00007ffa057e0000 - 0x00007ffa0582d000 	C:\WINDOWS\SYSTEM32\POWRPROF.dll
0x00007ff9fece0000 - 0x00007ff9fed14000 	C:\WINDOWS\SYSTEM32\WINMM.dll
0x00007ffa057c0000 - 0x00007ffa057d3000 	C:\WINDOWS\SYSTEM32\UMPDC.dll
0x00007ffa05a20000 - 0x00007ffa05a38000 	C:\WINDOWS\SYSTEM32\kernel.appcore.dll
0x00007ffa000e0000 - 0x00007ffa000ea000 	C:\Program Files\Java\jdk-21\bin\jimage.dll
0x00007ffa04010000 - 0x00007ffa04243000 	C:\WINDOWS\SYSTEM32\DBGHELP.DLL
0x00007ffa08010000 - 0x00007ffa08398000 	C:\WINDOWS\System32\combase.dll
0x00007ffa07c80000 - 0x00007ffa07d57000 	C:\WINDOWS\System32\OLEAUT32.dll
0x00007ff9eb200000 - 0x00007ff9eb232000 	C:\WINDOWS\SYSTEM32\dbgcore.DLL
0x00007ffa071e0000 - 0x00007ffa0725a000 	C:\WINDOWS\System32\bcryptPrimitives.dll
0x00007ff9fede0000 - 0x00007ff9fedff000 	C:\Program Files\Java\jdk-21\bin\java.dll
0x00007ffa08420000 - 0x00007ffa08c7d000 	C:\WINDOWS\System32\SHELL32.dll
0x00007ffa048b0000 - 0x00007ffa051a8000 	C:\WINDOWS\SYSTEM32\windows.storage.dll
0x00007ffa04770000 - 0x00007ffa048ae000 	C:\WINDOWS\SYSTEM32\wintypes.dll
0x00007ffa093a0000 - 0x00007ffa09493000 	C:\WINDOWS\System32\SHCORE.dll
0x00007ffa08c80000 - 0x00007ffa08cde000 	C:\WINDOWS\System32\shlwapi.dll
0x00007ffa068c0000 - 0x00007ffa068e6000 	C:\WINDOWS\SYSTEM32\profapi.dll
0x00007ff9ed300000 - 0x00007ff9ed3d7000 	C:\Program Files\Java\jdk-21\bin\jsvml.dll
0x00007ff9ffae0000 - 0x00007ff9ffaf0000 	C:\Program Files\Java\jdk-21\bin\net.dll
0x00007ff9ffe30000 - 0x00007ff9fff67000 	C:\WINDOWS\SYSTEM32\WINHTTP.dll
0x00007ffa05f10000 - 0x00007ffa05f79000 	C:\WINDOWS\system32\mswsock.dll
0x00007ff9f2440000 - 0x00007ff9f2456000 	C:\Program Files\Java\jdk-21\bin\nio.dll
0x00007ff9f2420000 - 0x00007ff9f2438000 	C:\Program Files\Java\jdk-21\bin\zip.dll
0x00007ff9c1680000 - 0x00007ff9c180f000 	C:\Program Files\Java\jdk-21\bin\awt.dll
0x00007ffa036b0000 - 0x00007ffa03747000 	C:\WINDOWS\SYSTEM32\apphelp.dll
0x00007ffa03a30000 - 0x00007ffa03a5b000 	C:\WINDOWS\system32\DWMAPI.DLL
0x00007ffa037b0000 - 0x00007ffa0385b000 	C:\WINDOWS\system32\uxtheme.dll
0x00007ff9e4f60000 - 0x00007ff9e5060000 	C:\WINDOWS\system32\opengl32.dll
0x00007ff9f03b0000 - 0x00007ff9f03dd000 	C:\WINDOWS\SYSTEM32\GLU32.dll
0x00007ffa03d00000 - 0x00007ffa03d39000 	C:\WINDOWS\SYSTEM32\dxcore.dll
0x00007ffa094a0000 - 0x00007ffa095f4000 	C:\WINDOWS\System32\MSCTF.dll
0x00007ffa08ce0000 - 0x00007ffa08e7f000 	C:\WINDOWS\System32\ole32.dll
0x00007ff9ee490000 - 0x00007ff9ee4be000 	C:\Program Files\Java\jdk-21\bin\javajpeg.dll
0x00007ff9d62e0000 - 0x00007ff9d6367000 	C:\Program Files\Java\jdk-21\bin\freetype.dll
0x00007ff9cc9e0000 - 0x00007ff9ccab3000 	C:\Program Files\Java\jdk-21\bin\fontmanager.dll
0x00007ff9d88c0000 - 0x00007ff9d8a0a000 	C:\WINDOWS\SYSTEM32\textinputframework.dll
0x00007ffa033c0000 - 0x00007ffa034f4000 	C:\WINDOWS\SYSTEM32\CoreMessaging.dll
0x00007ff9fc410000 - 0x00007ff9fc77c000 	C:\WINDOWS\SYSTEM32\CoreUIComponents.dll
0x00007ffa061b0000 - 0x00007ffa061bc000 	C:\WINDOWS\SYSTEM32\CRYPTBASE.DLL

dbghelp: loaded successfully - version: 4.0.5 - missing functions: none
symbol engine: initialized successfully - sym options: 0x614 - pdb path: .;C:\Program Files\Java\jdk-21\bin;C:\WINDOWS\SYSTEM32;C:\WINDOWS\WinSxS\amd64_microsoft.windows.common-controls_6595b64144ccf1df_6.0.22621.3235_none_270f74e173860f98;C:\Program Files\Java\jdk-21\bin\server

VM Arguments:
jvm_args: --enable-preview -XX:+ShowCodeDetailsInExceptionMessages 
java_command: Daseboard
java_class_path (initial): C:\Users\itsri\AppData\Roaming\Code\User\workspaceStorage\d5a2d59c3014620bdd5f7d2f23333fe2\redhat.java\jdt_ws\Hotem management system_1a399c48\bin;c:\Program Files (x86)\MySQL\mysql-connector-j-8.0.33\mysql-connector-j-8.0.33.jar
Launcher Type: SUN_STANDARD

[Global flags]
     intx CICompilerCount                          = 4                                         {product} {ergonomic}
     uint ConcGCThreads                            = 3                                         {product} {ergonomic}
     uint G1ConcRefinementThreads                  = 10                                        {product} {ergonomic}
   size_t G1HeapRegionSize                         = 1048576                                   {product} {ergonomic}
    uintx GCDrainStackTargetSize                   = 64                                        {product} {ergonomic}
   size_t InitialHeapSize                          = 132120576                                 {product} {ergonomic}
   size_t MarkStackSize                            = 4194304                                   {product} {ergonomic}
   size_t MaxHeapSize                              = 2113929216                                {product} {ergonomic}
   size_t MaxNewSize                               = 1267728384                                {product} {ergonomic}
   size_t MinHeapDeltaBytes                        = 1048576                                   {product} {ergonomic}
   size_t MinHeapSize                              = 8388608                                   {product} {ergonomic}
    uintx NonNMethodCodeHeapSize                   = 5839372                                {pd product} {ergonomic}
    uintx NonProfiledCodeHeapSize                  = 122909434                              {pd product} {ergonomic}
    uintx ProfiledCodeHeapSize                     = 122909434                              {pd product} {ergonomic}
    uintx ReservedCodeCacheSize                    = 251658240                              {pd product} {ergonomic}
     bool SegmentedCodeCache                       = true                                      {product} {ergonomic}
     bool ShowCodeDetailsInExceptionMessages       = true                                   {manageable} {command line}
   size_t SoftMaxHeapSize                          = 2113929216                             {manageable} {ergonomic}
     bool UseCompressedOops                        = true                           {product lp64_product} {ergonomic}
     bool UseG1GC                                  = true                                      {product} {ergonomic}
     bool UseLargePagesIndividualAllocation        = false                                  {pd product} {ergonomic}

Logging:
Log output configuration:
 #0: stdout all=warning uptime,level,tags foldmultilines=false
 #1: stderr all=off uptime,level,tags foldmultilines=false

Environment Variables:
JAVA_HOME=C:\Program Files\Java\jdk-21
PATH=C:\Program Files\Python312\Scripts\;C:\Program Files\Python312\;C:\Program Files\Common Files\Oracle\Java\javapath;C:\Program Files\Microsoft\jdk-21.0.1.12-hotspot\bin;C:\Windows\system32;C:\Windows;C:\Windows\System32\Wbem;C:\Windows\System32\WindowsPowerShell\v1.0\;C:\Windows\System32\OpenSSH\;C:\Program Files (x86)\NVIDIA Corporation\PhysX\Common;C:\Program Files\NVIDIA Corporation\NVIDIA NvDLISR;C:\WINDOWS\system32;C:\WINDOWS;C:\WINDOWS\System32\Wbem;C:\WINDOWS\System32\WindowsPowerShell\v1.0\;C:\WINDOWS\System32\OpenSSH\;C:\Program Files\MySQL\MySQL Server 8.0\bin;C:\Program Files\Java\jdk-21\bin;C:\Program Files\Common Files\Oracle\Java\javapath;C:\Program Files\MySQL\MySQL Shell 8.0\bin\;C:\Users\itsri\AppData\Local\Microsoft\WindowsApps;C:\Users\itsri\AppData\Local\Programs\Microsoft VS Code\bin;C:\Program Files\JetBrains\IntelliJ IDEA Community Edition 2023.3.2\bin;C:\Program Files\JetBrains\PyCharm 2023.3.3\bin;
USERNAME=itsri
LANG=en_US.UTF-8
OS=Windows_NT
PROCESSOR_IDENTIFIER=Intel64 Family 6 Model 165 Stepping 2, GenuineIntel
TMP=C:\Users\itsri\AppData\Local\Temp
TEMP=C:\Users\itsri\AppData\Local\Temp




Periodic native trim disabled

---------------  S Y S T E M  ---------------

OS:
 Windows 11 , 64 bit Build 22621 (10.0.22621.3235)
OS uptime: 0 days 17:20 hours
Hyper-V role detected

CPU: total 12 (initial active 12) (6 cores per cpu, 2 threads per core) family 6 model 165 stepping 2 microcode 0xea, cx8, cmov, fxsr, ht, mmx, 3dnowpref, sse, sse2, sse3, ssse3, sse4.1, sse4.2, popcnt, lzcnt, tsc, tscinvbit, avx, avx2, aes, erms, clmul, bmi1, bmi2, adx, fma, vzeroupper, clflush, clflushopt, hv, rdtscp, f16c
Processor Information for all 12 processors :
  Max Mhz: 2496, Current Mhz: 2496, Mhz Limit: 2496

Memory: 4k page, system-wide physical 8059M (282M free)
TotalPageFile size 32635M (AvailPageFile size 164M)
current process WorkingSet (physical memory assigned to process): 329M, peak: 401M
current process commit charge ("private bytes"): 379M, peak: 646M

vm_info: Java HotSpot(TM) 64-Bit Server VM (21.0.1+12-LTS-29) for windows-amd64 JRE (21.0.1+12-LTS-29), built on 2023-10-05T13:27:09Z by "mach5one" with MS VC++ 17.1 (VS2022)

END.
