#
# There is insufficient memory for the Java Runtime Environment to continue.
# Native memory allocation (mmap) failed to map 1048576 bytes for G1 virtual space
# Possible reasons:
#   The system is out of physical RAM or swap space
#   The process is running with CompressedOops enabled, and the Java Heap may be blocking the growth of the native heap
# Possible solutions:
#   Reduce memory load on the system
#   Increase physical memory or swap space
#   Check if swap backing store is full
#   Decrease Java heap size (-Xmx/-Xms)
#   Decrease number of Java threads
#   Decrease Java thread stack sizes (-Xss)
#   Set larger code cache with -XX:ReservedCodeCacheSize=
#   JVM is running with Unscaled Compressed Oops mode in which the Java heap is
#     placed in the first 4GB address space. The Java Heap base address is the
#     maximum limit for the native heap growth. Please use -XX:HeapBaseMinAddress
#     to set the Java Heap base and to place the Java Heap above 4GB virtual address.
# This output file may be truncated or incomplete.
#
#  Out of Memory Error (os_windows.cpp:3600), pid=30500, tid=13972
#
# JRE version: Java(TM) SE Runtime Environment (21.0.1+12) (build 21.0.1+12-LTS-29)
# Java VM: Java HotSpot(TM) 64-Bit Server VM (21.0.1+12-LTS-29, mixed mode, sharing, tiered, compressed oops, compressed class ptrs, g1 gc, windows-amd64)
# No core dump will be written. Minidumps are not enabled by default on client versions of Windows
#

---------------  S U M M A R Y ------------

Command Line: --enable-preview -XX:+ShowCodeDetailsInExceptionMessages Daseboard

Host: Intel(R) Core(TM) i5-10500H CPU @ 2.50GHz, 12 cores, 7G,  Windows 11 , 64 bit Build 22621 (10.0.22621.3235)
Time: Tue Mar 19 22:34:47 2024 India Standard Time elapsed time: 0.315386 seconds (0d 0h 0m 0s)

---------------  T H R E A D  ---------------

Current thread (0x0000017b5f14d050):  JavaThread "Image Fetcher 0" daemon [_thread_in_vm, id=13972, stack(0x0000000e36c00000,0x0000000e36d00000) (1024K)]

Stack: [0x0000000e36c00000,0x0000000e36d00000]
Native frames: (J=compiled Java code, j=interpreted, Vv=VM code, C=native code)
V  [jvm.dll+0x6c9029]
V  [jvm.dll+0x854b81]
V  [jvm.dll+0x856e5e]
V  [jvm.dll+0x857543]
V  [jvm.dll+0x280c06]
V  [jvm.dll+0x6c5715]
V  [jvm.dll+0x6ba10a]
V  [jvm.dll+0x3557ea]
V  [jvm.dll+0x35d436]
V  [jvm.dll+0x3adebb]
V  [jvm.dll+0x3ae554]
V  [jvm.dll+0x3ae0c6]
V  [jvm.dll+0x32962e]
V  [jvm.dll+0x32785f]
V  [jvm.dll+0x65b3d0]
V  [jvm.dll+0x240be2]
V  [jvm.dll+0x819ce7]
V  [jvm.dll+0x3d5ada]
C  0x0000017b0f8da909

The last pc belongs to newarray (printed below).
Java frames: (J=compiled Java code, j=interpreted, Vv=VM code)
j  java.awt.image.DataBufferInt.<init>(I)V+11 java.desktop@21.0.1
j  java.awt.image.Raster.createPackedRaster(III[ILjava/awt/Point;)Ljava/awt/image/WritableRaster;+69 java.desktop@21.0.1
j  java.awt.image.DirectColorModel.createCompatibleWritableRaster(II)Ljava/awt/image/WritableRaster;+83 java.desktop@21.0.1
j  sun.awt.image.ImageRepresentation.createBufferedImage()V+18 java.desktop@21.0.1
j  sun.awt.image.ImageRepresentation.setPixels(IIIILjava/awt/image/ColorModel;[III)V+47 java.desktop@21.0.1
j  sun.awt.image.ImageDecoder.setPixels(IIIILjava/awt/image/ColorModel;[III)I+44 java.desktop@21.0.1
j  sun.awt.image.JPEGImageDecoder.sendPixels([II)Z+14 java.desktop@21.0.1
v  ~StubRoutines::call_stub 0x0000017b0f8c100d
j  sun.awt.image.JPEGImageDecoder.readImage(Ljava/io/InputStream;[B)V+0 java.desktop@21.0.1
j  sun.awt.image.JPEGImageDecoder.produceImage()V+10 java.desktop@21.0.1
j  sun.awt.image.InputStreamImageSource.doFetch()V+51 java.desktop@21.0.1
j  sun.awt.image.ImageFetcher.fetchloop()V+31 java.desktop@21.0.1
j  sun.awt.image.ImageFetcher.run()V+5 java.desktop@21.0.1
v  ~StubRoutines::call_stub 0x0000017b0f8c100d
newarray  188 newarray  [0x0000017b0f8da8a0, 0x0000017b0f8da978]  216 bytes
[MachCode]
  0x0000017b0f8da8a0: 8b04 2448 | 83c4 0841 | 0fb6 5501 | e805 0000 | 00e9 ab00 | 0000 4c8b | c048 8d44 | 2408 4c89 
  0x0000017b0f8da8c0: 6dc0 498b | cfc5 f877 | 4989 afa8 | 0300 0049 | 8987 9803 | 0000 4883 | ec20 40f6 | c40f 0f84 
  0x0000017b0f8da8e0: 1900 0000 | 4883 ec08 | 48b8 b05a | 2d7f fa7f | 0000 ffd0 | 4883 c408 | e90c 0000 | 0048 b8b0 
  0x0000017b0f8da900: 5a2d 7ffa | 7f00 00ff | d048 83c4 | 2049 c787 | 9803 0000 | 0000 0000 | 49c7 87a8 | 0300 0000 
  0x0000017b0f8da920: 0000 0049 | c787 a003 | 0000 0000 | 0000 c5f8 | 7749 837f | 0800 0f84 | 0500 0000 | e9bf 65fe 
  0x0000017b0f8da940: ff49 8b87 | f003 0000 | 49c7 87f0 | 0300 0000 | 0000 004c | 8b6d c04c | 8b75 c84e | 8d74 f500 
  0x0000017b0f8da960: c341 0fb6 | 5d02 4983 | c502 49ba | 80df b47f | fa7f 0000 | 41ff 24da 
[/MachCode]

---------------  P R O C E S S  ---------------

Threads class SMR info:
_java_thread_list=0x0000017b5f333900, length=15, elements={
0x0000017b7ac86ec0, 0x0000017b19cc3200, 0x0000017b19cc3b30, 0x0000017b19cc5cb0,
0x0000017b19cc6580, 0x0000017b19ccb560, 0x0000017b19cd6690, 0x0000017b19cd80d0,
0x0000017b19cda790, 0x0000017b5f14bca0, 0x0000017b5f14b610, 0x0000017b5f14c330,
0x0000017b5f14a260, 0x0000017b5f14c9c0, 0x0000017b5f14d050
}

Java Threads: ( => current thread )
  0x0000017b7ac86ec0 JavaThread "main"                              [_thread_blocked, id=26612, stack(0x0000000e35700000,0x0000000e35800000) (1024K)]
  0x0000017b19cc3200 JavaThread "Reference Handler"          daemon [_thread_blocked, id=34948, stack(0x0000000e35f00000,0x0000000e36000000) (1024K)]
  0x0000017b19cc3b30 JavaThread "Finalizer"                  daemon [_thread_blocked, id=22400, stack(0x0000000e36000000,0x0000000e36100000) (1024K)]
  0x0000017b19cc5cb0 JavaThread "Signal Dispatcher"          daemon [_thread_blocked, id=9440, stack(0x0000000e36100000,0x0000000e36200000) (1024K)]
  0x0000017b19cc6580 JavaThread "Attach Listener"            daemon [_thread_blocked, id=21948, stack(0x0000000e36200000,0x0000000e36300000) (1024K)]
  0x0000017b19ccb560 JavaThread "Service Thread"             daemon [_thread_blocked, id=6024, stack(0x0000000e36300000,0x0000000e36400000) (1024K)]
  0x0000017b19cd6690 JavaThread "Monitor Deflation Thread"   daemon [_thread_blocked, id=34096, stack(0x0000000e36400000,0x0000000e36500000) (1024K)]
  0x0000017b19cd80d0 JavaThread "C2 CompilerThread0"         daemon [_thread_blocked, id=22456, stack(0x0000000e36500000,0x0000000e36600000) (1024K)]
  0x0000017b19cda790 JavaThread "C1 CompilerThread0"         daemon [_thread_blocked, id=27844, stack(0x0000000e36600000,0x0000000e36700000) (1024K)]
  0x0000017b5f14bca0 JavaThread "Notification Thread"        daemon [_thread_blocked, id=11020, stack(0x0000000e36700000,0x0000000e36800000) (1024K)]
  0x0000017b5f14b610 JavaThread "Common-Cleaner"             daemon [_thread_blocked, id=2852, stack(0x0000000e36800000,0x0000000e36900000) (1024K)]
  0x0000017b5f14c330 JavaThread "Java2D Disposer"            daemon [_thread_blocked, id=30028, stack(0x0000000e36900000,0x0000000e36a00000) (1024K)]
  0x0000017b5f14a260 JavaThread "AWT-Shutdown"                      [_thread_blocked, id=20524, stack(0x0000000e36a00000,0x0000000e36b00000) (1024K)]
  0x0000017b5f14c9c0 JavaThread "AWT-Windows"                daemon [_thread_in_native, id=1400, stack(0x0000000e36b00000,0x0000000e36c00000) (1024K)]
=>0x0000017b5f14d050 JavaThread "Image Fetcher 0"            daemon [_thread_in_vm, id=13972, stack(0x0000000e36c00000,0x0000000e36d00000) (1024K)]
Total: 15

Other Threads:
  0x0000017b19ca3950 VMThread "VM Thread"                           [id=26264, stack(0x0000000e35e00000,0x0000000e35f00000) (1024K)]
  0x0000017b19c8abf0 WatcherThread "VM Periodic Task Thread"        [id=23764, stack(0x0000000e35d00000,0x0000000e35e00000) (1024K)]
  0x0000017b7cf9e840 WorkerThread "GC Thread#0"                     [id=14372, stack(0x0000000e35800000,0x0000000e35900000) (1024K)]
  0x0000017b19ca3cf0 WorkerThread "GC Thread#1"                     [id=31148, stack(0x0000000e36d00000,0x0000000e36e00000) (1024K)]
  0x0000017b19ca4090 WorkerThread "GC Thread#2"                     [id=10988, stack(0x0000000e36e00000,0x0000000e36f00000) (1024K)]
  0x0000017b19ca35b0 WorkerThread "GC Thread#3"                     [id=6424, stack(0x0000000e36f00000,0x0000000e37000000) (1024K)]
  0x0000017b19ca4430 WorkerThread "GC Thread#4"                     [id=26112, stack(0x0000000e37000000,0x0000000e37100000) (1024K)]
  0x0000017b19ca47d0 WorkerThread "GC Thread#5"                     [id=28176, stack(0x0000000e37100000,0x0000000e37200000) (1024K)]
  0x0000017b19ca4b70 WorkerThread "GC Thread#6"                     [id=8508, stack(0x0000000e37200000,0x0000000e37300000) (1024K)]
  0x0000017b19ca3210 WorkerThread "GC Thread#7"                     [id=17028, stack(0x0000000e37300000,0x0000000e37400000) (1024K)]
  0x0000017b5fe0ca00 WorkerThread "GC Thread#8"                     [id=18968, stack(0x0000000e37400000,0x0000000e37500000) (1024K)]
  0x0000017b7cfaf550 ConcurrentGCThread "G1 Main Marker"            [id=32296, stack(0x0000000e35900000,0x0000000e35a00000) (1024K)]
  0x0000017b7cfb2310 WorkerThread "G1 Conc#0"                       [id=10568, stack(0x0000000e35a00000,0x0000000e35b00000) (1024K)]
  0x0000017b19b5e140 ConcurrentGCThread "G1 Refine#0"               [id=35756, stack(0x0000000e35b00000,0x0000000e35c00000) (1024K)]
  0x0000017b19b607d0 ConcurrentGCThread "G1 Service"                [id=22516, stack(0x0000000e35c00000,0x0000000e35d00000) (1024K)]
Total: 15

Threads with active compile tasks:
Total: 0

VM state: not at safepoint (normal execution)

VM Mutex/Monitor currently owned by a thread:  ([mutex/lock_event])
[0x00007ffa7fb3a6f8] Heap_lock - owner thread: 0x0000017b5f14d050

Heap address: 0x0000000082000000, size: 2016 MB, Compressed Oops mode: 32-bit

CDS archive(s) mapped at: [0x0000017b1a000000-0x0000017b1ac90000-0x0000017b1ac90000), size 13172736, SharedBaseAddress: 0x0000017b1a000000, ArchiveRelocationMode: 1.
Compressed class space mapped at: 0x0000017b1b000000-0x0000017b5b000000, reserved size: 1073741824
Narrow klass base: 0x0000017b1a000000, Narrow klass shift: 0, Narrow klass range: 0x100000000

GC Precious Log:
 CardTable entry size: 512
 Card Set container configuration: InlinePtr #cards 5 size 8 Array Of Cards #cards 12 size 40 Howl #buckets 4 coarsen threshold 1843 Howl Bitmap #cards 512 size 80 coarsen threshold 460 Card regions per heap region 1 cards per card region 2048
 CPUs: 12 total, 12 available
 Memory: 8059M
 Large Page Support: Disabled
 NUMA Support: Disabled
 Compressed Oops: Enabled (32-bit)
 Heap Region Size: 1M
 Heap Min Capacity: 8M
 Heap Initial Capacity: 126M
 Heap Max Capacity: 2016M
 Pre-touch: Disabled
 Parallel Workers: 10
 Concurrent Workers: 3
 Concurrent Refinement Workers: 10
 Periodic GC: Disabled

Heap:
 garbage-first heap   total 173056K, used 2688K [0x0000000082000000, 0x0000000100000000)
  region size 1024K, 3 young (3072K), 3 survivors (3072K)
 Metaspace       used 4948K, committed 5120K, reserved 1114112K
  class space    used 519K, committed 640K, reserved 1048576K

Heap Regions: E=young(eden), S=young(survivor), O=old, HS=humongous(starts), HC=humongous(continues), CS=collection set, F=free, TAMS=top-at-mark-start, PB=parsable bottom
|   0|0x0000000082000000, 0x0000000082000000, 0x0000000082100000|  0%| F|  |TAMS 0x0000000082000000| PB 0x0000000082000000| Untracked 
|   1|0x0000000082100000, 0x0000000082100000, 0x0000000082200000|  0%| F|  |TAMS 0x0000000082100000| PB 0x0000000082100000| Untracked 
|   2|0x0000000082200000, 0x0000000082200000, 0x0000000082300000|  0%| F|  |TAMS 0x0000000082200000| PB 0x0000000082200000| Untracked 
|   3|0x0000000082300000, 0x0000000082300000, 0x0000000082400000|  0%| F|  |TAMS 0x0000000082300000| PB 0x0000000082300000| Untracked 
|   4|0x0000000082400000, 0x0000000082400000, 0x0000000082500000|  0%| F|  |TAMS 0x0000000082400000| PB 0x0000000082400000| Untracked 
|   5|0x0000000082500000, 0x0000000082500000, 0x0000000082600000|  0%| F|  |TAMS 0x0000000082500000| PB 0x0000000082500000| Untracked 
|   6|0x0000000082600000, 0x0000000082600000, 0x0000000082700000|  0%| F|  |TAMS 0x0000000082600000| PB 0x0000000082600000| Untracked 
|   7|0x0000000082700000, 0x0000000082700000, 0x0000000082800000|  0%| F|  |TAMS 0x0000000082700000| PB 0x0000000082700000| Untracked 
|   8|0x0000000082800000, 0x0000000082800000, 0x0000000082900000|  0%| F|  |TAMS 0x0000000082800000| PB 0x0000000082800000| Untracked 
|   9|0x0000000082900000, 0x0000000082900000, 0x0000000082a00000|  0%| F|  |TAMS 0x0000000082900000| PB 0x0000000082900000| Untracked 
|  10|0x0000000082a00000, 0x0000000082a00000, 0x0000000082b00000|  0%| F|  |TAMS 0x0000000082a00000| PB 0x0000000082a00000| Untracked 
|  11|0x0000000082b00000, 0x0000000082b00000, 0x0000000082c00000|  0%| F|  |TAMS 0x0000000082b00000| PB 0x0000000082b00000| Untracked 
|  12|0x0000000082c00000, 0x0000000082c00000, 0x0000000082d00000|  0%| F|  |TAMS 0x0000000082c00000| PB 0x0000000082c00000| Untracked 
|  13|0x0000000082d00000, 0x0000000082d00000, 0x0000000082e00000|  0%| F|  |TAMS 0x0000000082d00000| PB 0x0000000082d00000| Untracked 
|  14|0x0000000082e00000, 0x0000000082e00000, 0x0000000082f00000|  0%| F|  |TAMS 0x0000000082e00000| PB 0x0000000082e00000| Untracked 
|  15|0x0000000082f00000, 0x0000000082f00000, 0x0000000083000000|  0%| F|  |TAMS 0x0000000082f00000| PB 0x0000000082f00000| Untracked 
|  16|0x0000000083000000, 0x0000000083000000, 0x0000000083100000|  0%| F|  |TAMS 0x0000000083000000| PB 0x0000000083000000| Untracked 
|  17|0x0000000083100000, 0x0000000083100000, 0x0000000083200000|  0%| F|  |TAMS 0x0000000083100000| PB 0x0000000083100000| Untracked 
|  18|0x0000000083200000, 0x0000000083200000, 0x0000000083300000|  0%| F|  |TAMS 0x0000000083200000| PB 0x0000000083200000| Untracked 
|  19|0x0000000083300000, 0x0000000083300000, 0x0000000083400000|  0%| F|  |TAMS 0x0000000083300000| PB 0x0000000083300000| Untracked 
|  20|0x0000000083400000, 0x0000000083400000, 0x0000000083500000|  0%| F|  |TAMS 0x0000000083400000| PB 0x0000000083400000| Untracked 
|  21|0x0000000083500000, 0x0000000083500000, 0x0000000083600000|  0%| F|  |TAMS 0x0000000083500000| PB 0x0000000083500000| Untracked 
|  22|0x0000000083600000, 0x0000000083600000, 0x0000000083700000|  0%| F|  |TAMS 0x0000000083600000| PB 0x0000000083600000| Untracked 
|  23|0x0000000083700000, 0x0000000083700000, 0x0000000083800000|  0%| F|  |TAMS 0x0000000083700000| PB 0x0000000083700000| Untracked 
|  24|0x0000000083800000, 0x0000000083800000, 0x0000000083900000|  0%| F|  |TAMS 0x0000000083800000| PB 0x0000000083800000| Untracked 
|  25|0x0000000083900000, 0x0000000083900000, 0x0000000083a00000|  0%| F|  |TAMS 0x0000000083900000| PB 0x0000000083900000| Untracked 
|  26|0x0000000083a00000, 0x0000000083a00000, 0x0000000083b00000|  0%| F|  |TAMS 0x0000000083a00000| PB 0x0000000083a00000| Untracked 
|  27|0x0000000083b00000, 0x0000000083b00000, 0x0000000083c00000|  0%| F|  |TAMS 0x0000000083b00000| PB 0x0000000083b00000| Untracked 
|  28|0x0000000083c00000, 0x0000000083c00000, 0x0000000083d00000|  0%| F|  |TAMS 0x0000000083c00000| PB 0x0000000083c00000| Untracked 
|  29|0x0000000083d00000, 0x0000000083d00000, 0x0000000083e00000|  0%| F|  |TAMS 0x0000000083d00000| PB 0x0000000083d00000| Untracked 
|  30|0x0000000083e00000, 0x0000000083e00000, 0x0000000083f00000|  0%| F|  |TAMS 0x0000000083e00000| PB 0x0000000083e00000| Untracked 
|  31|0x0000000083f00000, 0x0000000083f00000, 0x0000000084000000|  0%| F|  |TAMS 0x0000000083f00000| PB 0x0000000083f00000| Untracked 
|  32|0x0000000084000000, 0x0000000084000000, 0x0000000084100000|  0%| F|  |TAMS 0x0000000084000000| PB 0x0000000084000000| Untracked 
|  33|0x0000000084100000, 0x0000000084100000, 0x0000000084200000|  0%| F|  |TAMS 0x0000000084100000| PB 0x0000000084100000| Untracked 
|  34|0x0000000084200000, 0x0000000084200000, 0x0000000084300000|  0%| F|  |TAMS 0x0000000084200000| PB 0x0000000084200000| Untracked 
|  35|0x0000000084300000, 0x0000000084300000, 0x0000000084400000|  0%| F|  |TAMS 0x0000000084300000| PB 0x0000000084300000| Untracked 
|  36|0x0000000084400000, 0x0000000084400000, 0x0000000084500000|  0%| F|  |TAMS 0x0000000084400000| PB 0x0000000084400000| Untracked 
|  37|0x0000000084500000, 0x0000000084500000, 0x0000000084600000|  0%| F|  |TAMS 0x0000000084500000| PB 0x0000000084500000| Untracked 
|  38|0x0000000084600000, 0x0000000084600000, 0x0000000084700000|  0%| F|  |TAMS 0x0000000084600000| PB 0x0000000084600000| Untracked 
|  39|0x0000000084700000, 0x0000000084700000, 0x0000000084800000|  0%| F|  |TAMS 0x0000000084700000| PB 0x0000000084700000| Untracked 
|  40|0x0000000084800000, 0x0000000084800000, 0x0000000084900000|  0%| F|  |TAMS 0x0000000084800000| PB 0x0000000084800000| Untracked 
|  41|0x0000000084900000, 0x0000000084900000, 0x0000000084a00000|  0%| F|  |TAMS 0x0000000084900000| PB 0x0000000084900000| Untracked 
|  42|0x0000000084a00000, 0x0000000084a00000, 0x0000000084b00000|  0%| F|  |TAMS 0x0000000084a00000| PB 0x0000000084a00000| Untracked 
|  43|0x0000000084b00000, 0x0000000084b00000, 0x0000000084c00000|  0%| F|  |TAMS 0x0000000084b00000| PB 0x0000000084b00000| Untracked 
|  44|0x0000000084c00000, 0x0000000084c00000, 0x0000000084d00000|  0%| F|  |TAMS 0x0000000084c00000| PB 0x0000000084c00000| Untracked 
|  45|0x0000000084d00000, 0x0000000084d00000, 0x0000000084e00000|  0%| F|  |TAMS 0x0000000084d00000| PB 0x0000000084d00000| Untracked 
|  46|0x0000000084e00000, 0x0000000084e00000, 0x0000000084f00000|  0%| F|  |TAMS 0x0000000084e00000| PB 0x0000000084e00000| Untracked 
|  47|0x0000000084f00000, 0x0000000084f00000, 0x0000000085000000|  0%| F|  |TAMS 0x0000000084f00000| PB 0x0000000084f00000| Untracked 
|  48|0x0000000085000000, 0x0000000085000000, 0x0000000085100000|  0%| F|  |TAMS 0x0000000085000000| PB 0x0000000085000000| Untracked 
|  49|0x0000000085100000, 0x0000000085100000, 0x0000000085200000|  0%| F|  |TAMS 0x0000000085100000| PB 0x0000000085100000| Untracked 
|  50|0x0000000085200000, 0x0000000085200000, 0x0000000085300000|  0%| F|  |TAMS 0x0000000085200000| PB 0x0000000085200000| Untracked 
|  51|0x0000000085300000, 0x0000000085300000, 0x0000000085400000|  0%| F|  |TAMS 0x0000000085300000| PB 0x0000000085300000| Untracked 
|  52|0x0000000085400000, 0x0000000085400000, 0x0000000085500000|  0%| F|  |TAMS 0x0000000085400000| PB 0x0000000085400000| Untracked 
|  53|0x0000000085500000, 0x0000000085500000, 0x0000000085600000|  0%| F|  |TAMS 0x0000000085500000| PB 0x0000000085500000| Untracked 
|  54|0x0000000085600000, 0x0000000085600000, 0x0000000085700000|  0%| F|  |TAMS 0x0000000085600000| PB 0x0000000085600000| Untracked 
|  55|0x0000000085700000, 0x0000000085700000, 0x0000000085800000|  0%| F|  |TAMS 0x0000000085700000| PB 0x0000000085700000| Untracked 
|  56|0x0000000085800000, 0x0000000085800000, 0x0000000085900000|  0%| F|  |TAMS 0x0000000085800000| PB 0x0000000085800000| Untracked 
|  57|0x0000000085900000, 0x0000000085900000, 0x0000000085a00000|  0%| F|  |TAMS 0x0000000085900000| PB 0x0000000085900000| Untracked 
|  58|0x0000000085a00000, 0x0000000085a00000, 0x0000000085b00000|  0%| F|  |TAMS 0x0000000085a00000| PB 0x0000000085a00000| Untracked 
|  59|0x0000000085b00000, 0x0000000085b00000, 0x0000000085c00000|  0%| F|  |TAMS 0x0000000085b00000| PB 0x0000000085b00000| Untracked 
|  60|0x0000000085c00000, 0x0000000085c00000, 0x0000000085d00000|  0%| F|  |TAMS 0x0000000085c00000| PB 0x0000000085c00000| Untracked 
|  61|0x0000000085d00000, 0x0000000085d00000, 0x0000000085e00000|  0%| F|  |TAMS 0x0000000085d00000| PB 0x0000000085d00000| Untracked 
|  62|0x0000000085e00000, 0x0000000085e00000, 0x0000000085f00000|  0%| F|  |TAMS 0x0000000085e00000| PB 0x0000000085e00000| Untracked 
|  63|0x0000000085f00000, 0x0000000085f00000, 0x0000000086000000|  0%| F|  |TAMS 0x0000000085f00000| PB 0x0000000085f00000| Untracked 
|  64|0x0000000086000000, 0x0000000086000000, 0x0000000086100000|  0%| F|  |TAMS 0x0000000086000000| PB 0x0000000086000000| Untracked 
|  65|0x0000000086100000, 0x0000000086100000, 0x0000000086200000|  0%| F|  |TAMS 0x0000000086100000| PB 0x0000000086100000| Untracked 
|  66|0x0000000086200000, 0x0000000086200000, 0x0000000086300000|  0%| F|  |TAMS 0x0000000086200000| PB 0x0000000086200000| Untracked 
|  67|0x0000000086300000, 0x0000000086300000, 0x0000000086400000|  0%| F|  |TAMS 0x0000000086300000| PB 0x0000000086300000| Untracked 
|  68|0x0000000086400000, 0x0000000086400000, 0x0000000086500000|  0%| F|  |TAMS 0x0000000086400000| PB 0x0000000086400000| Untracked 
|  69|0x0000000086500000, 0x0000000086500000, 0x0000000086600000|  0%| F|  |TAMS 0x0000000086500000| PB 0x0000000086500000| Untracked 
|  70|0x0000000086600000, 0x0000000086600000, 0x0000000086700000|  0%| F|  |TAMS 0x0000000086600000| PB 0x0000000086600000| Untracked 
|  71|0x0000000086700000, 0x0000000086700000, 0x0000000086800000|  0%| F|  |TAMS 0x0000000086700000| PB 0x0000000086700000| Untracked 
|  72|0x0000000086800000, 0x0000000086800000, 0x0000000086900000|  0%| F|  |TAMS 0x0000000086800000| PB 0x0000000086800000| Untracked 
|  73|0x0000000086900000, 0x0000000086900000, 0x0000000086a00000|  0%| F|  |TAMS 0x0000000086900000| PB 0x0000000086900000| Untracked 
|  74|0x0000000086a00000, 0x0000000086a00000, 0x0000000086b00000|  0%| F|  |TAMS 0x0000000086a00000| PB 0x0000000086a00000| Untracked 
|  75|0x0000000086b00000, 0x0000000086b00000, 0x0000000086c00000|  0%| F|  |TAMS 0x0000000086b00000| PB 0x0000000086b00000| Untracked 
|  76|0x0000000086c00000, 0x0000000086c00000, 0x0000000086d00000|  0%| F|  |TAMS 0x0000000086c00000| PB 0x0000000086c00000| Untracked 
|  77|0x0000000086d00000, 0x0000000086d00000, 0x0000000086e00000|  0%| F|  |TAMS 0x0000000086d00000| PB 0x0000000086d00000| Untracked 
|  78|0x0000000086e00000, 0x0000000086e00000, 0x0000000086f00000|  0%| F|  |TAMS 0x0000000086e00000| PB 0x0000000086e00000| Untracked 
|  79|0x0000000086f00000, 0x0000000086f00000, 0x0000000087000000|  0%| F|  |TAMS 0x0000000086f00000| PB 0x0000000086f00000| Untracked 
|  80|0x0000000087000000, 0x0000000087000000, 0x0000000087100000|  0%| F|  |TAMS 0x0000000087000000| PB 0x0000000087000000| Untracked 
|  81|0x0000000087100000, 0x0000000087100000, 0x0000000087200000|  0%| F|  |TAMS 0x0000000087100000| PB 0x0000000087100000| Untracked 
|  82|0x0000000087200000, 0x0000000087200000, 0x0000000087300000|  0%| F|  |TAMS 0x0000000087200000| PB 0x0000000087200000| Untracked 
|  83|0x0000000087300000, 0x0000000087300000, 0x0000000087400000|  0%| F|  |TAMS 0x0000000087300000| PB 0x0000000087300000| Untracked 
|  84|0x0000000087400000, 0x0000000087400000, 0x0000000087500000|  0%| F|  |TAMS 0x0000000087400000| PB 0x0000000087400000| Untracked 
|  85|0x0000000087500000, 0x0000000087500000, 0x0000000087600000|  0%| F|  |TAMS 0x0000000087500000| PB 0x0000000087500000| Untracked 
|  86|0x0000000087600000, 0x0000000087600000, 0x0000000087700000|  0%| F|  |TAMS 0x0000000087600000| PB 0x0000000087600000| Untracked 
|  87|0x0000000087700000, 0x0000000087700000, 0x0000000087800000|  0%| F|  |TAMS 0x0000000087700000| PB 0x0000000087700000| Untracked 
|  88|0x0000000087800000, 0x0000000087800000, 0x0000000087900000|  0%| F|  |TAMS 0x0000000087800000| PB 0x0000000087800000| Untracked 
|  89|0x0000000087900000, 0x0000000087900000, 0x0000000087a00000|  0%| F|  |TAMS 0x0000000087900000| PB 0x0000000087900000| Untracked 
|  90|0x0000000087a00000, 0x0000000087a00000, 0x0000000087b00000|  0%| F|  |TAMS 0x0000000087a00000| PB 0x0000000087a00000| Untracked 
|  91|0x0000000087b00000, 0x0000000087b00000, 0x0000000087c00000|  0%| F|  |TAMS 0x0000000087b00000| PB 0x0000000087b00000| Untracked 
|  92|0x0000000087c00000, 0x0000000087c00000, 0x0000000087d00000|  0%| F|  |TAMS 0x0000000087c00000| PB 0x0000000087c00000| Untracked 
|  93|0x0000000087d00000, 0x0000000087d00000, 0x0000000087e00000|  0%| F|  |TAMS 0x0000000087d00000| PB 0x0000000087d00000| Untracked 
|  94|0x0000000087e00000, 0x0000000087e00000, 0x0000000087f00000|  0%| F|  |TAMS 0x0000000087e00000| PB 0x0000000087e00000| Untracked 
|  95|0x0000000087f00000, 0x0000000087f00000, 0x0000000088000000|  0%| F|  |TAMS 0x0000000087f00000| PB 0x0000000087f00000| Untracked 
|  96|0x0000000088000000, 0x0000000088000000, 0x0000000088100000|  0%| F|  |TAMS 0x0000000088000000| PB 0x0000000088000000| Untracked 
|  97|0x0000000088100000, 0x0000000088100000, 0x0000000088200000|  0%| F|  |TAMS 0x0000000088100000| PB 0x0000000088100000| Untracked 
|  98|0x0000000088200000, 0x0000000088200000, 0x0000000088300000|  0%| F|  |TAMS 0x0000000088200000| PB 0x0000000088200000| Untracked 
|  99|0x0000000088300000, 0x0000000088300000, 0x0000000088400000|  0%| F|  |TAMS 0x0000000088300000| PB 0x0000000088300000| Untracked 
| 100|0x0000000088400000, 0x0000000088400000, 0x0000000088500000|  0%| F|  |TAMS 0x0000000088400000| PB 0x0000000088400000| Untracked 
| 101|0x0000000088500000, 0x0000000088500000, 0x0000000088600000|  0%| F|  |TAMS 0x0000000088500000| PB 0x0000000088500000| Untracked 
| 102|0x0000000088600000, 0x0000000088600000, 0x0000000088700000|  0%| F|  |TAMS 0x0000000088600000| PB 0x0000000088600000| Untracked 
| 103|0x0000000088700000, 0x0000000088700000, 0x0000000088800000|  0%| F|  |TAMS 0x0000000088700000| PB 0x0000000088700000| Untracked 
| 104|0x0000000088800000, 0x0000000088800000, 0x0000000088900000|  0%| F|  |TAMS 0x0000000088800000| PB 0x0000000088800000| Untracked 
| 105|0x0000000088900000, 0x0000000088900000, 0x0000000088a00000|  0%| F|  |TAMS 0x0000000088900000| PB 0x0000000088900000| Untracked 
| 106|0x0000000088a00000, 0x0000000088a00000, 0x0000000088b00000|  0%| F|  |TAMS 0x0000000088a00000| PB 0x0000000088a00000| Untracked 
| 107|0x0000000088b00000, 0x0000000088b00000, 0x0000000088c00000|  0%| F|  |TAMS 0x0000000088b00000| PB 0x0000000088b00000| Untracked 
| 108|0x0000000088c00000, 0x0000000088c00000, 0x0000000088d00000|  0%| F|  |TAMS 0x0000000088c00000| PB 0x0000000088c00000| Untracked 
| 109|0x0000000088d00000, 0x0000000088d00000, 0x0000000088e00000|  0%| F|  |TAMS 0x0000000088d00000| PB 0x0000000088d00000| Untracked 
| 110|0x0000000088e00000, 0x0000000088e00000, 0x0000000088f00000|  0%| F|  |TAMS 0x0000000088e00000| PB 0x0000000088e00000| Untracked 
| 111|0x0000000088f00000, 0x0000000088f00000, 0x0000000089000000|  0%| F|  |TAMS 0x0000000088f00000| PB 0x0000000088f00000| Untracked 
| 112|0x0000000089000000, 0x0000000089000000, 0x0000000089100000|  0%| F|  |TAMS 0x0000000089000000| PB 0x0000000089000000| Untracked 
| 113|0x0000000089100000, 0x0000000089100000, 0x0000000089200000|  0%| F|  |TAMS 0x0000000089100000| PB 0x0000000089100000| Untracked 
| 114|0x0000000089200000, 0x0000000089200000, 0x0000000089300000|  0%| F|  |TAMS 0x0000000089200000| PB 0x0000000089200000| Untracked 
| 115|0x0000000089300000, 0x0000000089300000, 0x0000000089400000|  0%| F|  |TAMS 0x0000000089300000| PB 0x0000000089300000| Untracked 
| 116|0x0000000089400000, 0x00000000894a0000, 0x0000000089500000| 62%| S|CS|TAMS 0x0000000089400000| PB 0x0000000089400000| Complete 
| 117|0x0000000089500000, 0x0000000089600000, 0x0000000089600000|100%| S|CS|TAMS 0x0000000089500000| PB 0x0000000089500000| Complete 
| 118|0x0000000089600000, 0x0000000089700000, 0x0000000089700000|100%| S|CS|TAMS 0x0000000089600000| PB 0x0000000089600000| Complete 
| 119|0x0000000089700000, 0x0000000089700000, 0x0000000089800000|  0%| F|  |TAMS 0x0000000089700000| PB 0x0000000089700000| Untracked 
| 120|0x0000000089800000, 0x0000000089800000, 0x0000000089900000|  0%| F|  |TAMS 0x0000000089800000| PB 0x0000000089800000| Untracked 
| 121|0x0000000089900000, 0x0000000089900000, 0x0000000089a00000|  0%| F|  |TAMS 0x0000000089900000| PB 0x0000000089900000| Untracked 
| 122|0x0000000089a00000, 0x0000000089a00000, 0x0000000089b00000|  0%| F|  |TAMS 0x0000000089a00000| PB 0x0000000089a00000| Untracked 
| 123|0x0000000089b00000, 0x0000000089b00000, 0x0000000089c00000|  0%| F|  |TAMS 0x0000000089b00000| PB 0x0000000089b00000| Untracked 
| 124|0x0000000089c00000, 0x0000000089c00000, 0x0000000089d00000|  0%| F|  |TAMS 0x0000000089c00000| PB 0x0000000089c00000| Untracked 
| 125|0x0000000089d00000, 0x0000000089d00000, 0x0000000089e00000|  0%| F|  |TAMS 0x0000000089d00000| PB 0x0000000089d00000| Untracked 
| 126|0x0000000089e00000, 0x0000000089e00000, 0x0000000089f00000|  0%| F|  |TAMS 0x0000000089e00000| PB 0x0000000089e00000| Untracked 
| 127|0x0000000089f00000, 0x0000000089f00000, 0x000000008a000000|  0%| F|  |TAMS 0x0000000089f00000| PB 0x0000000089f00000| Untracked 
| 128|0x000000008a000000, 0x000000008a000000, 0x000000008a100000|  0%| F|  |TAMS 0x000000008a000000| PB 0x000000008a000000| Untracked 
| 129|0x000000008a100000, 0x000000008a100000, 0x000000008a200000|  0%| F|  |TAMS 0x000000008a100000| PB 0x000000008a100000| Untracked 
| 130|0x000000008a200000, 0x000000008a200000, 0x000000008a300000|  0%| F|  |TAMS 0x000000008a200000| PB 0x000000008a200000| Untracked 
| 131|0x000000008a300000, 0x000000008a300000, 0x000000008a400000|  0%| F|  |TAMS 0x000000008a300000| PB 0x000000008a300000| Untracked 
| 132|0x000000008a400000, 0x000000008a400000, 0x000000008a500000|  0%| F|  |TAMS 0x000000008a400000| PB 0x000000008a400000| Untracked 
| 133|0x000000008a500000, 0x000000008a500000, 0x000000008a600000|  0%| F|  |TAMS 0x000000008a500000| PB 0x000000008a500000| Untracked 
| 134|0x000000008a600000, 0x000000008a600000, 0x000000008a700000|  0%| F|  |TAMS 0x000000008a600000| PB 0x000000008a600000| Untracked 
| 135|0x000000008a700000, 0x000000008a700000, 0x000000008a800000|  0%| F|  |TAMS 0x000000008a700000| PB 0x000000008a700000| Untracked 
| 136|0x000000008a800000, 0x000000008a800000, 0x000000008a900000|  0%| F|  |TAMS 0x000000008a800000| PB 0x000000008a800000| Untracked 
| 137|0x000000008a900000, 0x000000008a900000, 0x000000008aa00000|  0%| F|  |TAMS 0x000000008a900000| PB 0x000000008a900000| Untracked 
| 138|0x000000008aa00000, 0x000000008aa00000, 0x000000008ab00000|  0%| F|  |TAMS 0x000000008aa00000| PB 0x000000008aa00000| Untracked 
| 139|0x000000008ab00000, 0x000000008ab00000, 0x000000008ac00000|  0%| F|  |TAMS 0x000000008ab00000| PB 0x000000008ab00000| Untracked 
| 140|0x000000008ac00000, 0x000000008ac00000, 0x000000008ad00000|  0%| F|  |TAMS 0x000000008ac00000| PB 0x000000008ac00000| Untracked 
| 141|0x000000008ad00000, 0x000000008ad00000, 0x000000008ae00000|  0%| F|  |TAMS 0x000000008ad00000| PB 0x000000008ad00000| Untracked 
| 142|0x000000008ae00000, 0x000000008ae00000, 0x000000008af00000|  0%| F|  |TAMS 0x000000008ae00000| PB 0x000000008ae00000| Untracked 
| 143|0x000000008af00000, 0x000000008af00000, 0x000000008b000000|  0%| F|  |TAMS 0x000000008af00000| PB 0x000000008af00000| Untracked 
| 144|0x000000008b000000, 0x000000008b000000, 0x000000008b100000|  0%| F|  |TAMS 0x000000008b000000| PB 0x000000008b000000| Untracked 
| 145|0x000000008b100000, 0x000000008b100000, 0x000000008b200000|  0%| F|  |TAMS 0x000000008b100000| PB 0x000000008b100000| Untracked 
| 146|0x000000008b200000, 0x000000008b200000, 0x000000008b300000|  0%| F|  |TAMS 0x000000008b200000| PB 0x000000008b200000| Untracked 
| 147|0x000000008b300000, 0x000000008b300000, 0x000000008b400000|  0%| F|  |TAMS 0x000000008b300000| PB 0x000000008b300000| Untracked 
| 148|0x000000008b400000, 0x000000008b400000, 0x000000008b500000|  0%| F|  |TAMS 0x000000008b400000| PB 0x000000008b400000| Untracked 
| 149|0x000000008b500000, 0x000000008b500000, 0x000000008b600000|  0%| F|  |TAMS 0x000000008b500000| PB 0x000000008b500000| Untracked 
| 150|0x000000008b600000, 0x000000008b600000, 0x000000008b700000|  0%| F|  |TAMS 0x000000008b600000| PB 0x000000008b600000| Untracked 
| 151|0x000000008b700000, 0x000000008b700000, 0x000000008b800000|  0%| F|  |TAMS 0x000000008b700000| PB 0x000000008b700000| Untracked 
| 152|0x000000008b800000, 0x000000008b800000, 0x000000008b900000|  0%| F|  |TAMS 0x000000008b800000| PB 0x000000008b800000| Untracked 
| 153|0x000000008b900000, 0x000000008b900000, 0x000000008ba00000|  0%| F|  |TAMS 0x000000008b900000| PB 0x000000008b900000| Untracked 
| 154|0x000000008ba00000, 0x000000008ba00000, 0x000000008bb00000|  0%| F|  |TAMS 0x000000008ba00000| PB 0x000000008ba00000| Untracked 
| 155|0x000000008bb00000, 0x000000008bb00000, 0x000000008bc00000|  0%| F|  |TAMS 0x000000008bb00000| PB 0x000000008bb00000| Untracked 
| 156|0x000000008bc00000, 0x000000008bc00000, 0x000000008bd00000|  0%| F|  |TAMS 0x000000008bc00000| PB 0x000000008bc00000| Untracked 
| 157|0x000000008bd00000, 0x000000008bd00000, 0x000000008be00000|  0%| F|  |TAMS 0x000000008bd00000| PB 0x000000008bd00000| Untracked 
| 158|0x000000008be00000, 0x000000008be00000, 0x000000008bf00000|  0%| F|  |TAMS 0x000000008be00000| PB 0x000000008be00000| Untracked 
| 159|0x000000008bf00000, 0x000000008bf00000, 0x000000008c000000|  0%| F|  |TAMS 0x000000008bf00000| PB 0x000000008bf00000| Untracked 
| 160|0x000000008c000000, 0x000000008c000000, 0x000000008c100000|  0%| F|  |TAMS 0x000000008c000000| PB 0x000000008c000000| Untracked 
| 161|0x000000008c100000, 0x000000008c100000, 0x000000008c200000|  0%| F|  |TAMS 0x000000008c100000| PB 0x000000008c100000| Untracked 
| 162|0x000000008c200000, 0x000000008c200000, 0x000000008c300000|  0%| F|  |TAMS 0x000000008c200000| PB 0x000000008c200000| Untracked 
| 163|0x000000008c300000, 0x000000008c300000, 0x000000008c400000|  0%| F|  |TAMS 0x000000008c300000| PB 0x000000008c300000| Untracked 
| 164|0x000000008c400000, 0x000000008c400000, 0x000000008c500000|  0%| F|  |TAMS 0x000000008c400000| PB 0x000000008c400000| Untracked 
| 165|0x000000008c500000, 0x000000008c500000, 0x000000008c600000|  0%| F|  |TAMS 0x000000008c500000| PB 0x000000008c500000| Untracked 
| 166|0x000000008c600000, 0x000000008c600000, 0x000000008c700000|  0%| F|  |TAMS 0x000000008c600000| PB 0x000000008c600000| Untracked 
| 167|0x000000008c700000, 0x000000008c700000, 0x000000008c800000|  0%| F|  |TAMS 0x000000008c700000| PB 0x000000008c700000| Untracked 
| 168|0x000000008c800000, 0x000000008c800000, 0x000000008c900000|  0%| F|  |TAMS 0x000000008c800000| PB 0x000000008c800000| Untracked 

Card table byte_map: [0x0000017b7d950000,0x0000017b7dd40000] _byte_map_base: 0x0000017b7d540000

Marking Bits: (CMBitMap*) 0x0000017b7cf9ee40
 Bits: [0x0000017b7dd40000, 0x0000017b7fcc0000)

Polling page: 0x0000017b7aeb0000

Metaspace:

Usage:
  Non-class:      4.33 MB used.
      Class:    519.46 KB used.
       Both:      4.83 MB used.

Virtual space:
  Non-class space:       64.00 MB reserved,       4.38 MB (  7%) committed,  1 nodes.
      Class space:        1.00 GB reserved,     640.00 KB ( <1%) committed,  1 nodes.
             Both:        1.06 GB reserved,       5.00 MB ( <1%) committed. 

Chunk freelists:
   Non-Class:  10.88 MB
       Class:  15.24 MB
        Both:  26.12 MB

MaxMetaspaceSize: unlimited
CompressedClassSpaceSize: 1.00 GB
Initial GC threshold: 21.00 MB
Current GC threshold: 21.00 MB
CDS: on
 - commit_granule_bytes: 65536.
 - commit_granule_words: 8192.
 - virtual_space_node_default_size: 8388608.
 - enlarge_chunks_in_place: 1.
 - use_allocation_guard: 0.


Internal statistics:

num_allocs_failed_limit: 0.
num_arena_births: 126.
num_arena_deaths: 0.
num_vsnodes_births: 2.
num_vsnodes_deaths: 0.
num_space_committed: 80.
num_space_uncommitted: 0.
num_chunks_returned_to_freelist: 0.
num_chunks_taken_from_freelist: 147.
num_chunk_merges: 0.
num_chunk_splits: 93.
num_chunks_enlarged: 40.
num_inconsistent_stats: 0.

CodeHeap 'non-profiled nmethods': size=120000Kb used=179Kb max_used=179Kb free=119820Kb
 bounds [0x0000017b0fe60000, 0x0000017b100d0000, 0x0000017b17390000]
CodeHeap 'profiled nmethods': size=120000Kb used=1040Kb max_used=1040Kb free=118959Kb
 bounds [0x0000017b08390000, 0x0000017b08600000, 0x0000017b0f8c0000]
CodeHeap 'non-nmethods': size=5760Kb used=1428Kb max_used=1430Kb free=4331Kb
 bounds [0x0000017b0f8c0000, 0x0000017b0fb30000, 0x0000017b0fe60000]
 total_blobs=1165 nmethods=646 adapters=424
 compilation: enabled
              stopped_count=0, restarted_count=0
 full_count=0

Compilation events (20 events):
Event: 0.299 Thread 0x0000017b19cda790 nmethod 618 0x0000017b08490890 code [0x0000017b08490a40, 0x0000017b08490b88]
Event: 0.299 Thread 0x0000017b19cda790  612       3       sun.util.locale.LanguageTag::isLanguage (29 bytes)
Event: 0.299 Thread 0x0000017b19cd80d0 nmethod 637 0x0000017b0fe8b610 code [0x0000017b0fe8b7a0, 0x0000017b0fe8b890]
Event: 0.299 Thread 0x0000017b19cda790 nmethod 612 0x0000017b08490c10 code [0x0000017b08490e60, 0x0000017b08491940]
Event: 0.299 Thread 0x0000017b19cda790  624       3       sun.util.locale.LanguageTag::getVariants (24 bytes)
Event: 0.299 Thread 0x0000017b19cda790 nmethod 624 0x0000017b08491d10 code [0x0000017b08491ee0, 0x0000017b084921c0]
Event: 0.299 Thread 0x0000017b19cda790  625       3       sun.util.locale.LanguageTag::getExtensions (24 bytes)
Event: 0.299 Thread 0x0000017b19cda790 nmethod 625 0x0000017b08492310 code [0x0000017b084924e0, 0x0000017b084927c0]
Event: 0.299 Thread 0x0000017b19cda790  635       1       java.lang.invoke.DirectMethodHandle::isCrackable (5 bytes)
Event: 0.299 Thread 0x0000017b19cda790 nmethod 635 0x0000017b0fe8b990 code [0x0000017b0fe8bb20, 0x0000017b0fe8bbf0]
Event: 0.301 Thread 0x0000017b19cd80d0  639       4       jdk.internal.org.objectweb.asm.ByteVector::putShort (52 bytes)
Event: 0.301 Thread 0x0000017b19cda790  640       3       sun.invoke.util.Wrapper::isDoubleWord (15 bytes)
Event: 0.301 Thread 0x0000017b19cda790 nmethod 640 0x0000017b08492910 code [0x0000017b08492aa0, 0x0000017b08492c10]
Event: 0.301 Thread 0x0000017b19cd80d0 nmethod 639 0x0000017b0fe8c290 code [0x0000017b0fe8c420, 0x0000017b0fe8c580]
Event: 0.301 Thread 0x0000017b19cda790  642       3       java.lang.invoke.MethodHandle::isBuiltinLoader (24 bytes)
Event: 0.302 Thread 0x0000017b19cda790 nmethod 642 0x0000017b08492c90 code [0x0000017b08492e40, 0x0000017b084930c8]
Event: 0.302 Thread 0x0000017b19cda790  645       3       jdk.internal.org.objectweb.asm.Type::getDescriptor (93 bytes)
Event: 0.302 Thread 0x0000017b19cda790 nmethod 645 0x0000017b08493190 code [0x0000017b08493400, 0x0000017b08493b08]
Event: 0.302 Thread 0x0000017b19cda790  646       3       jdk.internal.org.objectweb.asm.MethodWriter::visitAbstractType (8 bytes)
Event: 0.302 Thread 0x0000017b19cda790 nmethod 646 0x0000017b08493e10 code [0x0000017b08493fc0, 0x0000017b08494100]

GC Heap History (2 events):
Event: 0.304 GC heap before
{Heap before GC invocations=0 (full 0):
 garbage-first heap   total 129024K, used 6144K [0x0000000082000000, 0x0000000100000000)
  region size 1024K, 7 young (7168K), 0 survivors (0K)
 Metaspace       used 4948K, committed 5120K, reserved 1114112K
  class space    used 519K, committed 640K, reserved 1048576K
}
Event: 0.308 GC heap after
{Heap after GC invocations=1 (full 0):
 garbage-first heap   total 129024K, used 2688K [0x0000000082000000, 0x0000000100000000)
  region size 1024K, 3 young (3072K), 3 survivors (3072K)
 Metaspace       used 4948K, committed 5120K, reserved 1114112K
  class space    used 519K, committed 640K, reserved 1048576K
}

Dll operation events (6 events):
Event: 0.007 Loaded shared library C:\Program Files\Java\jdk-21\bin\java.dll
Event: 0.055 Loaded shared library C:\Program Files\Java\jdk-21\bin\jsvml.dll
Event: 0.094 Loaded shared library C:\Program Files\Java\jdk-21\bin\jimage.dll
Event: 0.107 Loaded shared library C:\Program Files\Java\jdk-21\bin\awt.dll
Event: 0.266 Loaded shared library C:\Program Files\Java\jdk-21\bin\zip.dll
Event: 0.300 Loaded shared library C:\Program Files\Java\jdk-21\bin\javajpeg.dll

Deoptimization events (4 events):
Event: 0.293 Thread 0x0000017b5f14d050 Uncommon trap: trap_request=0xffffff45 fr.pc=0x0000017b0fe8933c relative=0x000000000000077c
Event: 0.293 Thread 0x0000017b5f14d050 Uncommon trap: reason=unstable_if action=reinterpret pc=0x0000017b0fe8933c method=java.util.regex.Matcher.search(I)Z @ 30 c2
Event: 0.293 Thread 0x0000017b5f14d050 DEOPT PACKING pc=0x0000017b0fe8933c sp=0x0000000e36cfe810
Event: 0.293 Thread 0x0000017b5f14d050 DEOPT UNPACKING pc=0x0000017b0f9146a2 sp=0x0000000e36cfe7f0 mode 2

Classes loaded (20 events):
Event: 0.299 Loading class sun/awt/image/JPEGImageDecoder
Event: 0.299 Loading class sun/awt/image/ImageDecoder
Event: 0.299 Loading class sun/awt/image/ImageDecoder done
Event: 0.299 Loading class sun/awt/image/JPEGImageDecoder done
Event: 0.299 Loading class sun/awt/image/JPEGImageDecoder$1
Event: 0.299 Loading class sun/awt/image/JPEGImageDecoder$1 done
Event: 0.303 Loading class java/awt/image/Raster
Event: 0.303 Loading class java/awt/image/Raster done
Event: 0.304 Loading class java/awt/image/DataBufferInt
Event: 0.304 Loading class java/awt/image/DataBuffer
Event: 0.304 Loading class java/awt/image/DataBuffer done
Event: 0.304 Loading class java/awt/image/DataBufferInt done
Event: 0.304 Loading class java/awt/image/DataBuffer$1
Event: 0.304 Loading class sun/awt/image/SunWritableRaster$DataStealer
Event: 0.304 Loading class sun/awt/image/SunWritableRaster$DataStealer done
Event: 0.304 Loading class java/awt/image/DataBuffer$1 done
Event: 0.304 Loading class sun/awt/image/SunWritableRaster
Event: 0.304 Loading class java/awt/image/WritableRaster
Event: 0.304 Loading class java/awt/image/WritableRaster done
Event: 0.304 Loading class sun/awt/image/SunWritableRaster done

Classes unloaded (0 events):
No events

Classes redefined (0 events):
No events

Internal exceptions (10 events):
Event: 0.098 Thread 0x0000017b7ac86ec0 Exception <a 'java/lang/ClassNotFoundException'{0x0000000089cf0af0}: sun/awt/resources/spi/awtProvider> (0x0000000089cf0af0) 
thrown [s\open\src\hotspot\share\classfile\systemDictionary.cpp, line 312]
Event: 0.123 Thread 0x0000017b7ac86ec0 Exception <a 'java/io/FileNotFoundException'{0x0000000089b4ac48}> (0x0000000089b4ac48) 
thrown [s\open\src\hotspot\share\prims\jni.cpp, line 520]
Event: 0.127 Thread 0x0000017b7ac86ec0 Exception <a 'java/io/FileNotFoundException'{0x0000000089b74c08}> (0x0000000089b74c08) 
thrown [s\open\src\hotspot\share\prims\jni.cpp, line 520]
Event: 0.200 Thread 0x0000017b7ac86ec0 Exception <a 'java/lang/NoSuchMethodError'{0x0000000089a933e0}: 'void java.lang.invoke.DirectMethodHandle$Holder.invokeSpecial(java.lang.Object, java.lang.Object, java.lang.Object)'> (0x0000000089a933e0) 
thrown [s\open\src\hotspot\share\interpreter\linkResolver.cpp, line 773]
Event: 0.206 Thread 0x0000017b7ac86ec0 Exception <a 'java/lang/NoSuchMethodError'{0x0000000089ab8dd8}: 'java.lang.Object java.lang.invoke.DirectMethodHandle$Holder.newInvokeSpecial(java.lang.Object, java.lang.Object, java.lang.Object, java.lang.Object, java.lang.Object)'> (0x0000000089ab8dd8) 
thrown [s\open\src\hotspot\share\interpreter\linkResolver.cpp, line 773]
Event: 0.214 Thread 0x0000017b7ac86ec0 Exception <a 'java/lang/NoSuchMethodError'{0x0000000089ae4960}: 'java.lang.Object java.lang.invoke.DirectMethodHandle$Holder.invokeStatic(java.lang.Object, int, java.lang.Object)'> (0x0000000089ae4960) 
thrown [s\open\src\hotspot\share\interpreter\linkResolver.cpp, line 773]
Event: 0.232 Thread 0x0000017b7ac86ec0 Exception <a 'java/lang/ClassNotFoundException'{0x00000000899982d8}: com/sun/swing/internal/plaf/metal/resources/spi/metalProvider> (0x00000000899982d8) 
thrown [s\open\src\hotspot\share\classfile\systemDictionary.cpp, line 312]
Event: 0.233 Thread 0x0000017b7ac86ec0 Exception <a 'java/lang/ClassNotFoundException'{0x000000008999c268}: com/sun/swing/internal/plaf/basic/resources/spi/basicProvider> (0x000000008999c268) 
thrown [s\open\src\hotspot\share\classfile\systemDictionary.cpp, line 312]
Event: 0.241 Thread 0x0000017b7ac86ec0 Exception <a 'java/lang/NoSuchMethodError'{0x00000000899bb3e8}: 'int java.lang.invoke.Invokers$Holder.invokeExact_MT(java.lang.Object, java.lang.Object)'> (0x00000000899bb3e8) 
thrown [s\open\src\hotspot\share\interpreter\linkResolver.cpp, line 773]
Event: 0.301 Thread 0x0000017b5f14d050 Exception <a 'java/lang/NoSuchMethodError'{0x0000000089790978}: 'java.lang.Object java.lang.invoke.DirectMethodHandle$Holder.newInvokeSpecial(java.lang.Object, java.lang.Object, java.lang.Object, int, int, int, int, int)'> (0x0000000089790978) 
thrown [s\open\src\hotspot\share\interpreter\linkResolver.cpp, line 773]

ZGC Phase Switch (0 events):
No events

VM Operations (8 events):
Event: 0.072 Executing VM operation: HandshakeAllThreads (Deoptimize)
Event: 0.072 Executing VM operation: HandshakeAllThreads (Deoptimize) done
Event: 0.232 Executing VM operation: HandshakeAllThreads (Deoptimize)
Event: 0.232 Executing VM operation: HandshakeAllThreads (Deoptimize) done
Event: 0.291 Executing VM operation: HandshakeAllThreads (Deoptimize)
Event: 0.292 Executing VM operation: HandshakeAllThreads (Deoptimize) done
Event: 0.304 Executing VM operation: G1TryInitiateConcMark (G1 Humongous Allocation)
Event: 0.308 Executing VM operation: G1TryInitiateConcMark (G1 Humongous Allocation) done

Events (15 events):
Event: 0.035 Thread 0x0000017b7ac86ec0 Thread added: 0x0000017b7ac86ec0
Event: 0.049 Thread 0x0000017b19cc3200 Thread added: 0x0000017b19cc3200
Event: 0.049 Thread 0x0000017b19cc3b30 Thread added: 0x0000017b19cc3b30
Event: 0.049 Thread 0x0000017b19cc5cb0 Thread added: 0x0000017b19cc5cb0
Event: 0.049 Thread 0x0000017b19cc6580 Thread added: 0x0000017b19cc6580
Event: 0.050 Thread 0x0000017b19ccb560 Thread added: 0x0000017b19ccb560
Event: 0.050 Thread 0x0000017b19cd6690 Thread added: 0x0000017b19cd6690
Event: 0.050 Thread 0x0000017b19cd80d0 Thread added: 0x0000017b19cd80d0
Event: 0.050 Thread 0x0000017b19cda790 Thread added: 0x0000017b19cda790
Event: 0.064 Thread 0x0000017b5f14bca0 Thread added: 0x0000017b5f14bca0
Event: 0.067 Thread 0x0000017b5f14b610 Thread added: 0x0000017b5f14b610
Event: 0.166 Thread 0x0000017b5f14c330 Thread added: 0x0000017b5f14c330
Event: 0.167 Thread 0x0000017b5f14a260 Thread added: 0x0000017b5f14a260
Event: 0.167 Thread 0x0000017b5f14c9c0 Thread added: 0x0000017b5f14c9c0
Event: 0.249 Thread 0x0000017b5f14d050 Thread added: 0x0000017b5f14d050


Dynamic libraries:
0x00007ff72b400000 - 0x00007ff72b410000 	C:\Program Files\Java\jdk-21\bin\java.exe
0x00007ffb12f10000 - 0x00007ffb13126000 	C:\WINDOWS\SYSTEM32\ntdll.dll
0x00007ffb119c0000 - 0x00007ffb11a84000 	C:\WINDOWS\System32\KERNEL32.DLL
0x00007ffb108b0000 - 0x00007ffb10c56000 	C:\WINDOWS\System32\KERNELBASE.dll
0x00007ffb10710000 - 0x00007ffb10821000 	C:\WINDOWS\System32\ucrtbase.dll
0x00007ffadd160000 - 0x00007ffadd17b000 	C:\Program Files\Java\jdk-21\bin\VCRUNTIME140.dll
0x00007ffadb320000 - 0x00007ffadb339000 	C:\Program Files\Java\jdk-21\bin\jli.dll
0x00007ffb12e00000 - 0x00007ffb12eb2000 	C:\WINDOWS\System32\ADVAPI32.dll
0x00007ffb11df0000 - 0x00007ffb11e97000 	C:\WINDOWS\System32\msvcrt.dll
0x00007ffb10ef0000 - 0x00007ffb10f98000 	C:\WINDOWS\System32\sechost.dll
0x00007ffb105b0000 - 0x00007ffb105d8000 	C:\WINDOWS\System32\bcrypt.dll
0x00007ffb12ce0000 - 0x00007ffb12df5000 	C:\WINDOWS\System32\RPCRT4.dll
0x00007ffb121c0000 - 0x00007ffb1236d000 	C:\WINDOWS\System32\USER32.dll
0x00007ffb10250000 - 0x00007ffb10276000 	C:\WINDOWS\System32\win32u.dll
0x00007ffae98e0000 - 0x00007ffae9b73000 	C:\WINDOWS\WinSxS\amd64_microsoft.windows.common-controls_6595b64144ccf1df_6.0.22621.3235_none_270f74e173860f98\COMCTL32.dll
0x00007ffb10fa0000 - 0x00007ffb10fc9000 	C:\WINDOWS\System32\GDI32.dll
0x00007ffb10280000 - 0x00007ffb10398000 	C:\WINDOWS\System32\gdi32full.dll
0x00007ffb10510000 - 0x00007ffb105aa000 	C:\WINDOWS\System32\msvcp_win.dll
0x00007ffb07da0000 - 0x00007ffb07daa000 	C:\WINDOWS\SYSTEM32\VERSION.dll
0x00007ffb10eb0000 - 0x00007ffb10ee1000 	C:\WINDOWS\System32\IMM32.DLL
0x00007ffade5e0000 - 0x00007ffade5ec000 	C:\Program Files\Java\jdk-21\bin\vcruntime140_1.dll
0x00007ffa88bd0000 - 0x00007ffa88c5e000 	C:\Program Files\Java\jdk-21\bin\msvcp140.dll
0x00007ffa7ef00000 - 0x00007ffa7fc15000 	C:\Program Files\Java\jdk-21\bin\server\jvm.dll
0x00007ffb11f20000 - 0x00007ffb11f91000 	C:\WINDOWS\System32\WS2_32.dll
0x00007ffb0f0a0000 - 0x00007ffb0f0ed000 	C:\WINDOWS\SYSTEM32\POWRPROF.dll
0x00007ffb085a0000 - 0x00007ffb085d4000 	C:\WINDOWS\SYSTEM32\WINMM.dll
0x00007ffb0f080000 - 0x00007ffb0f093000 	C:\WINDOWS\SYSTEM32\UMPDC.dll
0x00007ffb0f350000 - 0x00007ffb0f368000 	C:\WINDOWS\SYSTEM32\kernel.appcore.dll
0x00007ffaddd30000 - 0x00007ffaddd3a000 	C:\Program Files\Java\jdk-21\bin\jimage.dll
0x00007ffb0d9b0000 - 0x00007ffb0dbe3000 	C:\WINDOWS\SYSTEM32\DBGHELP.DLL
0x00007ffb12950000 - 0x00007ffb12cd8000 	C:\WINDOWS\System32\combase.dll
0x00007ffb123d0000 - 0x00007ffb124a7000 	C:\WINDOWS\System32\OLEAUT32.dll
0x00007ffaf8690000 - 0x00007ffaf86c2000 	C:\WINDOWS\SYSTEM32\dbgcore.DLL
0x00007ffb10830000 - 0x00007ffb108aa000 	C:\WINDOWS\System32\bcryptPrimitives.dll
0x00007ffadb300000 - 0x00007ffadb31f000 	C:\Program Files\Java\jdk-21\bin\java.dll
0x00007ffb11050000 - 0x00007ffb118ad000 	C:\WINDOWS\System32\SHELL32.dll
0x00007ffb0e170000 - 0x00007ffb0ea68000 	C:\WINDOWS\SYSTEM32\windows.storage.dll
0x00007ffb0e030000 - 0x00007ffb0e16e000 	C:\WINDOWS\SYSTEM32\wintypes.dll
0x00007ffb11c40000 - 0x00007ffb11d33000 	C:\WINDOWS\System32\SHCORE.dll
0x00007ffb12370000 - 0x00007ffb123ce000 	C:\WINDOWS\System32\shlwapi.dll
0x00007ffb10180000 - 0x00007ffb101a6000 	C:\WINDOWS\SYSTEM32\profapi.dll
0x00007ffa879d0000 - 0x00007ffa87aa7000 	C:\Program Files\Java\jdk-21\bin\jsvml.dll
0x00007ffa85540000 - 0x00007ffa856cf000 	C:\Program Files\Java\jdk-21\bin\awt.dll
0x00007ffb0cf70000 - 0x00007ffb0d007000 	C:\WINDOWS\SYSTEM32\apphelp.dll
0x00007ffb0d330000 - 0x00007ffb0d35b000 	C:\WINDOWS\system32\DWMAPI.DLL
0x00007ffb0d070000 - 0x00007ffb0d11b000 	C:\WINDOWS\system32\uxtheme.dll
0x00007ffaec370000 - 0x00007ffaec470000 	C:\WINDOWS\system32\opengl32.dll
0x00007ffb03dd0000 - 0x00007ffb03dfd000 	C:\WINDOWS\SYSTEM32\GLU32.dll
0x00007ffb0d5c0000 - 0x00007ffb0d5f9000 	C:\WINDOWS\SYSTEM32\dxcore.dll
0x00007ffb11a90000 - 0x00007ffb11be4000 	C:\WINDOWS\System32\MSCTF.dll
0x00007ffb11fc0000 - 0x00007ffb1215f000 	C:\WINDOWS\System32\ole32.dll
0x00007ffad8c90000 - 0x00007ffad8ca8000 	C:\Program Files\Java\jdk-21\bin\zip.dll
0x00007ffad8c60000 - 0x00007ffad8c8e000 	C:\Program Files\Java\jdk-21\bin\javajpeg.dll

dbghelp: loaded successfully - version: 4.0.5 - missing functions: none
symbol engine: initialized successfully - sym options: 0x614 - pdb path: .;C:\Program Files\Java\jdk-21\bin;C:\WINDOWS\SYSTEM32;C:\WINDOWS\WinSxS\amd64_microsoft.windows.common-controls_6595b64144ccf1df_6.0.22621.3235_none_270f74e173860f98;C:\Program Files\Java\jdk-21\bin\server

VM Arguments:
jvm_args: --enable-preview -XX:+ShowCodeDetailsInExceptionMessages 
java_command: Daseboard
java_class_path (initial): C:\Users\itsri\AppData\Roaming\Code\User\workspaceStorage\d5a2d59c3014620bdd5f7d2f23333fe2\redhat.java\jdt_ws\Hotem management system_1a399c48\bin
Launcher Type: SUN_STANDARD

[Global flags]
     intx CICompilerCount                          = 4                                         {product} {ergonomic}
     uint ConcGCThreads                            = 3                                         {product} {ergonomic}
     uint G1ConcRefinementThreads                  = 10                                        {product} {ergonomic}
   size_t G1HeapRegionSize                         = 1048576                                   {product} {ergonomic}
    uintx GCDrainStackTargetSize                   = 64                                        {product} {ergonomic}
   size_t InitialHeapSize                          = 132120576                                 {product} {ergonomic}
   size_t MarkStackSize                            = 4194304                                   {product} {ergonomic}
   size_t MaxHeapSize                              = 2113929216                                {product} {ergonomic}
   size_t MaxNewSize                               = 1267728384                                {product} {ergonomic}
   size_t MinHeapDeltaBytes                        = 1048576                                   {product} {ergonomic}
   size_t MinHeapSize                              = 8388608                                   {product} {ergonomic}
    uintx NonNMethodCodeHeapSize                   = 5839372                                {pd product} {ergonomic}
    uintx NonProfiledCodeHeapSize                  = 122909434                              {pd product} {ergonomic}
    uintx ProfiledCodeHeapSize                     = 122909434                              {pd product} {ergonomic}
    uintx ReservedCodeCacheSize                    = 251658240                              {pd product} {ergonomic}
     bool SegmentedCodeCache                       = true                                      {product} {ergonomic}
     bool ShowCodeDetailsInExceptionMessages       = true                                   {manageable} {command line}
   size_t SoftMaxHeapSize                          = 2113929216                             {manageable} {ergonomic}
     bool UseCompressedOops                        = true                           {product lp64_product} {ergonomic}
     bool UseG1GC                                  = true                                      {product} {ergonomic}
     bool UseLargePagesIndividualAllocation        = false                                  {pd product} {ergonomic}

Logging:
Log output configuration:
 #0: stdout all=warning uptime,level,tags foldmultilines=false
 #1: stderr all=off uptime,level,tags foldmultilines=false

Environment Variables:
JAVA_HOME=C:\Program Files\Java\jdk-21
PATH=C:\Program Files\Python312\Scripts\;C:\Program Files\Python312\;C:\Program Files\Common Files\Oracle\Java\javapath;C:\Program Files\Microsoft\jdk-21.0.1.12-hotspot\bin;C:\Windows\system32;C:\Windows;C:\Windows\System32\Wbem;C:\Windows\System32\WindowsPowerShell\v1.0\;C:\Windows\System32\OpenSSH\;C:\Program Files (x86)\NVIDIA Corporation\PhysX\Common;C:\Program Files\NVIDIA Corporation\NVIDIA NvDLISR;C:\WINDOWS\system32;C:\WINDOWS;C:\WINDOWS\System32\Wbem;C:\WINDOWS\System32\WindowsPowerShell\v1.0\;C:\WINDOWS\System32\OpenSSH\;C:\Program Files\MySQL\MySQL Server 8.0\bin;C:\Program Files\Java\jdk-21\bin;C:\Program Files\Common Files\Oracle\Java\javapath;C:\Program Files\MySQL\MySQL Shell 8.0\bin\;C:\Users\itsri\AppData\Local\Microsoft\WindowsApps;C:\Users\itsri\AppData\Local\Programs\Microsoft VS Code\bin;C:\Program Files\JetBrains\IntelliJ IDEA Community Edition 2023.3.2\bin;C:\Program Files\JetBrains\PyCharm 2023.3.3\bin
USERNAME=itsri
LANG=en_US.UTF-8
OS=Windows_NT
PROCESSOR_IDENTIFIER=Intel64 Family 6 Model 165 Stepping 2, GenuineIntel
TMP=C:\Users\itsri\AppData\Local\Temp
TEMP=C:\Users\itsri\AppData\Local\Temp




Periodic native trim disabled

---------------  S Y S T E M  ---------------

OS:
 Windows 11 , 64 bit Build 22621 (10.0.22621.3235)
OS uptime: 1 days 1:27 hours
Hyper-V role detected

CPU: total 12 (initial active 12) (6 cores per cpu, 2 threads per core) family 6 model 165 stepping 2 microcode 0xea, cx8, cmov, fxsr, ht, mmx, 3dnowpref, sse, sse2, sse3, ssse3, sse4.1, sse4.2, popcnt, lzcnt, tsc, tscinvbit, avx, avx2, aes, erms, clmul, bmi1, bmi2, adx, fma, vzeroupper, clflush, clflushopt, hv, rdtscp, f16c
Processor Information for all 12 processors :
  Max Mhz: 2496, Current Mhz: 2496, Mhz Limit: 2496

Memory: 4k page, system-wide physical 8059M (431M free)
TotalPageFile size 32635M (AvailPageFile size 4M)
current process WorkingSet (physical memory assigned to process): 56M, peak: 56M
current process commit charge ("private bytes"): 367M, peak: 368M

vm_info: Java HotSpot(TM) 64-Bit Server VM (21.0.1+12-LTS-29) for windows-amd64 JRE (21.0.1+12-LTS-29), built on 2023-10-05T13:27:09Z by "mach5one" with MS VC++ 17.1 (VS2022)

END.
