#
# There is insufficient memory for the Java Runtime Environment to continue.
# Native memory allocation (mmap) failed to map 65536 bytes for Failed to commit metaspace.
# Possible reasons:
#   The system is out of physical RAM or swap space
#   The process is running with CompressedOops enabled, and the Java Heap may be blocking the growth of the native heap
# Possible solutions:
#   Reduce memory load on the system
#   Increase physical memory or swap space
#   Check if swap backing store is full
#   Decrease Java heap size (-Xmx/-Xms)
#   Decrease number of Java threads
#   Decrease Java thread stack sizes (-Xss)
#   Set larger code cache with -XX:ReservedCodeCacheSize=
#   JVM is running with Unscaled Compressed Oops mode in which the Java heap is
#     placed in the first 4GB address space. The Java Heap base address is the
#     maximum limit for the native heap growth. Please use -XX:HeapBaseMinAddress
#     to set the Java Heap base and to place the Java Heap above 4GB virtual address.
# This output file may be truncated or incomplete.
#
#  Out of Memory Error (virtualSpaceNode.cpp:112), pid=26208, tid=23352
#
# JRE version: Java(TM) SE Runtime Environment (21.0.1+12) (build 21.0.1+12-LTS-29)
# Java VM: Java HotSpot(TM) 64-Bit Server VM (21.0.1+12-LTS-29, mixed mode, sharing, tiered, compressed oops, compressed class ptrs, g1 gc, windows-amd64)
# No core dump will be written. Minidumps are not enabled by default on client versions of Windows
#

---------------  S U M M A R Y ------------

Command Line: --enable-preview -XX:+ShowCodeDetailsInExceptionMessages AddRoom

Host: Intel(R) Core(TM) i5-10500H CPU @ 2.50GHz, 12 cores, 7G,  Windows 11 , 64 bit Build 22621 (10.0.22621.3235)
Time: Sun Mar 24 16:53:59 2024 India Standard Time elapsed time: 0.246583 seconds (0d 0h 0m 0s)

---------------  T H R E A D  ---------------

Current thread (0x00000255c2a56e70):  JavaThread "Image Fetcher 0" daemon [_thread_in_vm, id=23352, stack(0x000000feaef00000,0x000000feaf000000) (1024K)]

Stack: [0x000000feaef00000,0x000000feaf000000]
Native frames: (J=compiled Java code, j=interpreted, Vv=VM code, C=native code)
V  [jvm.dll+0x6c9029]
V  [jvm.dll+0x854b81]
V  [jvm.dll+0x856e5e]
V  [jvm.dll+0x857543]
V  [jvm.dll+0x280c06]
V  [jvm.dll+0x8508ae]
V  [jvm.dll+0x66ca45]
V  [jvm.dll+0x66caaa]
V  [jvm.dll+0x66f2a6]
V  [jvm.dll+0x66f172]
V  [jvm.dll+0x66d41e]
V  [jvm.dll+0x26c581]
V  [jvm.dll+0x2184f7]
V  [jvm.dll+0x20dc4e]
V  [jvm.dll+0x5ac6dc]
V  [jvm.dll+0x21f67a]
V  [jvm.dll+0x7ccde1]
V  [jvm.dll+0x7cde45]
V  [jvm.dll+0x7ce600]
V  [jvm.dll+0x218dac]
V  [jvm.dll+0x20dc67]
V  [jvm.dll+0x5ac6dc]
V  [jvm.dll+0x21f67a]
V  [jvm.dll+0x7ccde1]
V  [jvm.dll+0x7cde45]
V  [jvm.dll+0x7ce3ef]
V  [jvm.dll+0x7ce098]
V  [jvm.dll+0x26ebdb]
V  [jvm.dll+0x3d36fe]
C  0x00000255b498a814

The last pc belongs to new (printed below).
Java frames: (J=compiled Java code, j=interpreted, Vv=VM code)
j  java.awt.image.Raster.createPackedRaster(Ljava/awt/image/DataBuffer;III[ILjava/awt/Point;)Ljava/awt/image/WritableRaster;+137 java.desktop@21.0.1
j  java.awt.image.Raster.createPackedRaster(III[ILjava/awt/Point;)Ljava/awt/image/WritableRaster;+99 java.desktop@21.0.1
j  java.awt.image.DirectColorModel.createCompatibleWritableRaster(II)Ljava/awt/image/WritableRaster;+83 java.desktop@21.0.1
j  sun.awt.image.ImageRepresentation.createBufferedImage()V+18 java.desktop@21.0.1
j  sun.awt.image.ImageRepresentation.setPixels(IIIILjava/awt/image/ColorModel;[III)V+47 java.desktop@21.0.1
j  sun.awt.image.ImageDecoder.setPixels(IIIILjava/awt/image/ColorModel;[III)I+44 java.desktop@21.0.1
j  sun.awt.image.JPEGImageDecoder.sendPixels([II)Z+14 java.desktop@21.0.1
v  ~StubRoutines::call_stub 0x00000255b497100d
j  sun.awt.image.JPEGImageDecoder.readImage(Ljava/io/InputStream;[B)V+0 java.desktop@21.0.1
j  sun.awt.image.JPEGImageDecoder.produceImage()V+10 java.desktop@21.0.1
j  sun.awt.image.InputStreamImageSource.doFetch()V+51 java.desktop@21.0.1
j  sun.awt.image.ImageFetcher.fetchloop()V+31 java.desktop@21.0.1
j  sun.awt.image.ImageFetcher.run()V+5 java.desktop@21.0.1
v  ~StubRoutines::call_stub 0x00000255b497100d
new  187 new  [0x00000255b498a680, 0x00000255b498a888]  520 bytes
[MachCode]
  0x00000255b498a680: 4883 ec08 | c5fa 1104 | 24eb 1f48 | 83ec 10c5 | fb11 0424 | eb14 4883 | ec10 4889 | 0424 48c7 
  0x00000255b498a6a0: 4424 0800 | 0000 00eb | 0150 410f | b755 010f | cac1 ea10 | 488b 4de8 | 488b 4908 | 488b 4908 
  0x00000255b498a6c0: 488b 4108 | 807c 1004 | 070f 85d3 | 0000 0066 | 8b54 d148 | 488b 4928 | 488b 4cd1 | 0851 80b9 
  0x00000255b498a6e0: 2001 0000 | 050f 85b6 | 0000 008b | 5108 f6c2 | 010f 85aa | 0000 0049 | 8b87 b801 | 0000 488d 
  0x00000255b498a700: 1c10 493b | 9fc8 0100 | 000f 8792 | 0000 0049 | 899f b801 | 0000 4883 | ea10 0f84 | 0f00 0000 
  0x00000255b498a720: 33c9 c1ea | 0348 894c | d008 48ff | ca75 f648 | c700 0100 | 0000 5933 | f689 700c | 49ba 0000 
  0x00000255b498a740: 00c3 5502 | 0000 492b | ca89 4808 | 49ba ca25 | 5007 fe7f | 0000 4180 | 3a00 0f84 | 3c00 0000 
  0x00000255b498a760: 5048 8bc8 | 4883 ec20 | 40f6 c40f | 0f84 1900 | 0000 4883 | ec08 48b8 | 70eb 0007 | fe7f 0000 
  0x00000255b498a780: ffd0 4883 | c408 e90c | 0000 0048 | b870 eb00 | 07fe 7f00 | 00ff d048 | 83c4 2058 | e9cb 0000 
  0x00000255b498a7a0: 0059 488b | 55e8 488b | 5208 488b | 5208 450f | b745 0141 | 0fc8 41c1 | e810 e805 | 0000 00e9 
  0x00000255b498a7c0: a800 0000 | 488d 4424 | 084c 896d | c049 8bcf | c5f8 7749 | 89af a803 | 0000 4989 | 8798 0300 
  0x00000255b498a7e0: 0048 83ec | 2040 f6c4 | 0f0f 8419 | 0000 0048 | 83ec 0848 | b8b0 36cb | 06fe 7f00 | 00ff d048 
  0x00000255b498a800: 83c4 08e9 | 0c00 0000 | 48b8 b036 | cb06 fe7f | 0000 ffd0 | 4883 c420 | 49c7 8798 | 0300 0000 
  0x00000255b498a820: 0000 0049 | c787 a803 | 0000 0000 | 0000 49c7 | 87a0 0300 | 0000 0000 | 00c5 f877 | 4983 7f08 
  0x00000255b498a840: 000f 8405 | 0000 00e9 | b466 feff | 498b 87f0 | 0300 0049 | c787 f003 | 0000 0000 | 0000 4c8b 
  0x00000255b498a860: 6dc0 4c8b | 75c8 4e8d | 74f5 00c3 | 410f b65d | 0349 83c5 | 0349 ba80 | df52 07fe | 7f00 0041 
  0x00000255b498a880: ff24 da0f | 1f44 0000 
[/MachCode]

---------------  P R O C E S S  ---------------

Threads class SMR info:
_java_thread_list=0x00000255c2a61610, length=16, elements={
0x00000255a36d94d0, 0x00000255c2536450, 0x00000255c2536eb0, 0x00000255c2537a40,
0x00000255c2538700, 0x00000255c253c510, 0x00000255c253d2d0, 0x00000255c253f070,
0x00000255c2542530, 0x00000255c2815800, 0x00000255c281aab0, 0x00000255c29f01e0,
0x00000255c29f4b60, 0x00000255c29faf80, 0x00000255c2a56e70, 0x00000256087f3750
}

Java Threads: ( => current thread )
  0x00000255a36d94d0 JavaThread "main"                              [_thread_blocked, id=36100, stack(0x000000feada00000,0x000000feadb00000) (1024K)]
  0x00000255c2536450 JavaThread "Reference Handler"          daemon [_thread_blocked, id=21780, stack(0x000000feae200000,0x000000feae300000) (1024K)]
  0x00000255c2536eb0 JavaThread "Finalizer"                  daemon [_thread_blocked, id=28356, stack(0x000000feae300000,0x000000feae400000) (1024K)]
  0x00000255c2537a40 JavaThread "Signal Dispatcher"          daemon [_thread_blocked, id=13288, stack(0x000000feae400000,0x000000feae500000) (1024K)]
  0x00000255c2538700 JavaThread "Attach Listener"            daemon [_thread_blocked, id=31732, stack(0x000000feae500000,0x000000feae600000) (1024K)]
  0x00000255c253c510 JavaThread "Service Thread"             daemon [_thread_blocked, id=21116, stack(0x000000feae600000,0x000000feae700000) (1024K)]
  0x00000255c253d2d0 JavaThread "Monitor Deflation Thread"   daemon [_thread_blocked, id=36716, stack(0x000000feae700000,0x000000feae800000) (1024K)]
  0x00000255c253f070 JavaThread "C2 CompilerThread0"         daemon [_thread_blocked, id=3916, stack(0x000000feae800000,0x000000feae900000) (1024K)]
  0x00000255c2542530 JavaThread "C1 CompilerThread0"         daemon [_thread_blocked, id=37632, stack(0x000000feae900000,0x000000feaea00000) (1024K)]
  0x00000255c2815800 JavaThread "Notification Thread"        daemon [_thread_blocked, id=15868, stack(0x000000feaea00000,0x000000feaeb00000) (1024K)]
  0x00000255c281aab0 JavaThread "Common-Cleaner"             daemon [_thread_blocked, id=21356, stack(0x000000feaeb00000,0x000000feaec00000) (1024K)]
  0x00000255c29f01e0 JavaThread "Java2D Disposer"            daemon [_thread_blocked, id=14068, stack(0x000000feaec00000,0x000000feaed00000) (1024K)]
  0x00000255c29f4b60 JavaThread "AWT-Shutdown"                      [_thread_blocked, id=32156, stack(0x000000feaed00000,0x000000feaee00000) (1024K)]
  0x00000255c29faf80 JavaThread "AWT-Windows"                daemon [_thread_in_native, id=19516, stack(0x000000feaee00000,0x000000feaef00000) (1024K)]
=>0x00000255c2a56e70 JavaThread "Image Fetcher 0"            daemon [_thread_in_vm, id=23352, stack(0x000000feaef00000,0x000000feaf000000) (1024K)]
  0x00000256087f3750 JavaThread "C2 CompilerThread1"         daemon [_thread_blocked, id=35868, stack(0x000000feaf000000,0x000000feaf100000) (1024K)]
Total: 16

Other Threads:
  0x00000255c2517e00 VMThread "VM Thread"                           [id=36912, stack(0x000000feae100000,0x000000feae200000) (1024K)]
  0x00000255c24ffb00 WatcherThread "VM Periodic Task Thread"        [id=37316, stack(0x000000feae000000,0x000000feae100000) (1024K)]
  0x00000255a386d720 WorkerThread "GC Thread#0"                     [id=36576, stack(0x000000feadb00000,0x000000feadc00000) (1024K)]
  0x00000255a387e200 ConcurrentGCThread "G1 Main Marker"            [id=33168, stack(0x000000feadc00000,0x000000feadd00000) (1024K)]
  0x00000255a387f410 WorkerThread "G1 Conc#0"                       [id=35488, stack(0x000000feadd00000,0x000000feade00000) (1024K)]
  0x00000255a38dea90 ConcurrentGCThread "G1 Refine#0"               [id=35324, stack(0x000000feade00000,0x000000feadf00000) (1024K)]
  0x00000255c23ce530 ConcurrentGCThread "G1 Service"                [id=36920, stack(0x000000feadf00000,0x000000feae000000) (1024K)]
Total: 7

Threads with active compile tasks:
Total: 0

VM state: not at safepoint (normal execution)

VM Mutex/Monitor currently owned by a thread:  ([mutex/lock_event])
[0x00007ffe07518578] Metaspace_lock - owner thread: 0x00000255c2a56e70

Heap address: 0x0000000082000000, size: 2016 MB, Compressed Oops mode: 32-bit

CDS archive(s) mapped at: [0x00000255c3000000-0x00000255c3c90000-0x00000255c3c90000), size 13172736, SharedBaseAddress: 0x00000255c3000000, ArchiveRelocationMode: 1.
Compressed class space mapped at: 0x00000255c4000000-0x0000025604000000, reserved size: 1073741824
Narrow klass base: 0x00000255c3000000, Narrow klass shift: 0, Narrow klass range: 0x100000000

GC Precious Log:
 CardTable entry size: 512
 Card Set container configuration: InlinePtr #cards 5 size 8 Array Of Cards #cards 12 size 40 Howl #buckets 4 coarsen threshold 1843 Howl Bitmap #cards 512 size 80 coarsen threshold 460 Card regions per heap region 1 cards per card region 2048
 CPUs: 12 total, 12 available
 Memory: 8059M
 Large Page Support: Disabled
 NUMA Support: Disabled
 Compressed Oops: Enabled (32-bit)
 Heap Region Size: 1M
 Heap Min Capacity: 8M
 Heap Initial Capacity: 126M
 Heap Max Capacity: 2016M
 Pre-touch: Disabled
 Parallel Workers: 10
 Concurrent Workers: 3
 Concurrent Refinement Workers: 10
 Periodic GC: Disabled

Heap:
 garbage-first heap   total 129024K, used 7168K [0x0000000082000000, 0x0000000100000000)
  region size 1024K, 7 young (7168K), 0 survivors (0K)
 Metaspace       used 5176K, committed 5376K, reserved 1114112K
  class space    used 550K, committed 704K, reserved 1048576K

Heap Regions: E=young(eden), S=young(survivor), O=old, HS=humongous(starts), HC=humongous(continues), CS=collection set, F=free, TAMS=top-at-mark-start, PB=parsable bottom
|   0|0x0000000082000000, 0x0000000082100000, 0x0000000082100000|100%|HS|  |TAMS 0x0000000082000000| PB 0x0000000082000000| Complete 
|   1|0x0000000082100000, 0x0000000082100000, 0x0000000082200000|  0%| F|  |TAMS 0x0000000082100000| PB 0x0000000082100000| Untracked 
|   2|0x0000000082200000, 0x0000000082200000, 0x0000000082300000|  0%| F|  |TAMS 0x0000000082200000| PB 0x0000000082200000| Untracked 
|   3|0x0000000082300000, 0x0000000082300000, 0x0000000082400000|  0%| F|  |TAMS 0x0000000082300000| PB 0x0000000082300000| Untracked 
|   4|0x0000000082400000, 0x0000000082400000, 0x0000000082500000|  0%| F|  |TAMS 0x0000000082400000| PB 0x0000000082400000| Untracked 
|   5|0x0000000082500000, 0x0000000082500000, 0x0000000082600000|  0%| F|  |TAMS 0x0000000082500000| PB 0x0000000082500000| Untracked 
|   6|0x0000000082600000, 0x0000000082600000, 0x0000000082700000|  0%| F|  |TAMS 0x0000000082600000| PB 0x0000000082600000| Untracked 
|   7|0x0000000082700000, 0x0000000082700000, 0x0000000082800000|  0%| F|  |TAMS 0x0000000082700000| PB 0x0000000082700000| Untracked 
|   8|0x0000000082800000, 0x0000000082800000, 0x0000000082900000|  0%| F|  |TAMS 0x0000000082800000| PB 0x0000000082800000| Untracked 
|   9|0x0000000082900000, 0x0000000082900000, 0x0000000082a00000|  0%| F|  |TAMS 0x0000000082900000| PB 0x0000000082900000| Untracked 
|  10|0x0000000082a00000, 0x0000000082a00000, 0x0000000082b00000|  0%| F|  |TAMS 0x0000000082a00000| PB 0x0000000082a00000| Untracked 
|  11|0x0000000082b00000, 0x0000000082b00000, 0x0000000082c00000|  0%| F|  |TAMS 0x0000000082b00000| PB 0x0000000082b00000| Untracked 
|  12|0x0000000082c00000, 0x0000000082c00000, 0x0000000082d00000|  0%| F|  |TAMS 0x0000000082c00000| PB 0x0000000082c00000| Untracked 
|  13|0x0000000082d00000, 0x0000000082d00000, 0x0000000082e00000|  0%| F|  |TAMS 0x0000000082d00000| PB 0x0000000082d00000| Untracked 
|  14|0x0000000082e00000, 0x0000000082e00000, 0x0000000082f00000|  0%| F|  |TAMS 0x0000000082e00000| PB 0x0000000082e00000| Untracked 
|  15|0x0000000082f00000, 0x0000000082f00000, 0x0000000083000000|  0%| F|  |TAMS 0x0000000082f00000| PB 0x0000000082f00000| Untracked 
|  16|0x0000000083000000, 0x0000000083000000, 0x0000000083100000|  0%| F|  |TAMS 0x0000000083000000| PB 0x0000000083000000| Untracked 
|  17|0x0000000083100000, 0x0000000083100000, 0x0000000083200000|  0%| F|  |TAMS 0x0000000083100000| PB 0x0000000083100000| Untracked 
|  18|0x0000000083200000, 0x0000000083200000, 0x0000000083300000|  0%| F|  |TAMS 0x0000000083200000| PB 0x0000000083200000| Untracked 
|  19|0x0000000083300000, 0x0000000083300000, 0x0000000083400000|  0%| F|  |TAMS 0x0000000083300000| PB 0x0000000083300000| Untracked 
|  20|0x0000000083400000, 0x0000000083400000, 0x0000000083500000|  0%| F|  |TAMS 0x0000000083400000| PB 0x0000000083400000| Untracked 
|  21|0x0000000083500000, 0x0000000083500000, 0x0000000083600000|  0%| F|  |TAMS 0x0000000083500000| PB 0x0000000083500000| Untracked 
|  22|0x0000000083600000, 0x0000000083600000, 0x0000000083700000|  0%| F|  |TAMS 0x0000000083600000| PB 0x0000000083600000| Untracked 
|  23|0x0000000083700000, 0x0000000083700000, 0x0000000083800000|  0%| F|  |TAMS 0x0000000083700000| PB 0x0000000083700000| Untracked 
|  24|0x0000000083800000, 0x0000000083800000, 0x0000000083900000|  0%| F|  |TAMS 0x0000000083800000| PB 0x0000000083800000| Untracked 
|  25|0x0000000083900000, 0x0000000083900000, 0x0000000083a00000|  0%| F|  |TAMS 0x0000000083900000| PB 0x0000000083900000| Untracked 
|  26|0x0000000083a00000, 0x0000000083a00000, 0x0000000083b00000|  0%| F|  |TAMS 0x0000000083a00000| PB 0x0000000083a00000| Untracked 
|  27|0x0000000083b00000, 0x0000000083b00000, 0x0000000083c00000|  0%| F|  |TAMS 0x0000000083b00000| PB 0x0000000083b00000| Untracked 
|  28|0x0000000083c00000, 0x0000000083c00000, 0x0000000083d00000|  0%| F|  |TAMS 0x0000000083c00000| PB 0x0000000083c00000| Untracked 
|  29|0x0000000083d00000, 0x0000000083d00000, 0x0000000083e00000|  0%| F|  |TAMS 0x0000000083d00000| PB 0x0000000083d00000| Untracked 
|  30|0x0000000083e00000, 0x0000000083e00000, 0x0000000083f00000|  0%| F|  |TAMS 0x0000000083e00000| PB 0x0000000083e00000| Untracked 
|  31|0x0000000083f00000, 0x0000000083f00000, 0x0000000084000000|  0%| F|  |TAMS 0x0000000083f00000| PB 0x0000000083f00000| Untracked 
|  32|0x0000000084000000, 0x0000000084000000, 0x0000000084100000|  0%| F|  |TAMS 0x0000000084000000| PB 0x0000000084000000| Untracked 
|  33|0x0000000084100000, 0x0000000084100000, 0x0000000084200000|  0%| F|  |TAMS 0x0000000084100000| PB 0x0000000084100000| Untracked 
|  34|0x0000000084200000, 0x0000000084200000, 0x0000000084300000|  0%| F|  |TAMS 0x0000000084200000| PB 0x0000000084200000| Untracked 
|  35|0x0000000084300000, 0x0000000084300000, 0x0000000084400000|  0%| F|  |TAMS 0x0000000084300000| PB 0x0000000084300000| Untracked 
|  36|0x0000000084400000, 0x0000000084400000, 0x0000000084500000|  0%| F|  |TAMS 0x0000000084400000| PB 0x0000000084400000| Untracked 
|  37|0x0000000084500000, 0x0000000084500000, 0x0000000084600000|  0%| F|  |TAMS 0x0000000084500000| PB 0x0000000084500000| Untracked 
|  38|0x0000000084600000, 0x0000000084600000, 0x0000000084700000|  0%| F|  |TAMS 0x0000000084600000| PB 0x0000000084600000| Untracked 
|  39|0x0000000084700000, 0x0000000084700000, 0x0000000084800000|  0%| F|  |TAMS 0x0000000084700000| PB 0x0000000084700000| Untracked 
|  40|0x0000000084800000, 0x0000000084800000, 0x0000000084900000|  0%| F|  |TAMS 0x0000000084800000| PB 0x0000000084800000| Untracked 
|  41|0x0000000084900000, 0x0000000084900000, 0x0000000084a00000|  0%| F|  |TAMS 0x0000000084900000| PB 0x0000000084900000| Untracked 
|  42|0x0000000084a00000, 0x0000000084a00000, 0x0000000084b00000|  0%| F|  |TAMS 0x0000000084a00000| PB 0x0000000084a00000| Untracked 
|  43|0x0000000084b00000, 0x0000000084b00000, 0x0000000084c00000|  0%| F|  |TAMS 0x0000000084b00000| PB 0x0000000084b00000| Untracked 
|  44|0x0000000084c00000, 0x0000000084c00000, 0x0000000084d00000|  0%| F|  |TAMS 0x0000000084c00000| PB 0x0000000084c00000| Untracked 
|  45|0x0000000084d00000, 0x0000000084d00000, 0x0000000084e00000|  0%| F|  |TAMS 0x0000000084d00000| PB 0x0000000084d00000| Untracked 
|  46|0x0000000084e00000, 0x0000000084e00000, 0x0000000084f00000|  0%| F|  |TAMS 0x0000000084e00000| PB 0x0000000084e00000| Untracked 
|  47|0x0000000084f00000, 0x0000000084f00000, 0x0000000085000000|  0%| F|  |TAMS 0x0000000084f00000| PB 0x0000000084f00000| Untracked 
|  48|0x0000000085000000, 0x0000000085000000, 0x0000000085100000|  0%| F|  |TAMS 0x0000000085000000| PB 0x0000000085000000| Untracked 
|  49|0x0000000085100000, 0x0000000085100000, 0x0000000085200000|  0%| F|  |TAMS 0x0000000085100000| PB 0x0000000085100000| Untracked 
|  50|0x0000000085200000, 0x0000000085200000, 0x0000000085300000|  0%| F|  |TAMS 0x0000000085200000| PB 0x0000000085200000| Untracked 
|  51|0x0000000085300000, 0x0000000085300000, 0x0000000085400000|  0%| F|  |TAMS 0x0000000085300000| PB 0x0000000085300000| Untracked 
|  52|0x0000000085400000, 0x0000000085400000, 0x0000000085500000|  0%| F|  |TAMS 0x0000000085400000| PB 0x0000000085400000| Untracked 
|  53|0x0000000085500000, 0x0000000085500000, 0x0000000085600000|  0%| F|  |TAMS 0x0000000085500000| PB 0x0000000085500000| Untracked 
|  54|0x0000000085600000, 0x0000000085600000, 0x0000000085700000|  0%| F|  |TAMS 0x0000000085600000| PB 0x0000000085600000| Untracked 
|  55|0x0000000085700000, 0x0000000085700000, 0x0000000085800000|  0%| F|  |TAMS 0x0000000085700000| PB 0x0000000085700000| Untracked 
|  56|0x0000000085800000, 0x0000000085800000, 0x0000000085900000|  0%| F|  |TAMS 0x0000000085800000| PB 0x0000000085800000| Untracked 
|  57|0x0000000085900000, 0x0000000085900000, 0x0000000085a00000|  0%| F|  |TAMS 0x0000000085900000| PB 0x0000000085900000| Untracked 
|  58|0x0000000085a00000, 0x0000000085a00000, 0x0000000085b00000|  0%| F|  |TAMS 0x0000000085a00000| PB 0x0000000085a00000| Untracked 
|  59|0x0000000085b00000, 0x0000000085b00000, 0x0000000085c00000|  0%| F|  |TAMS 0x0000000085b00000| PB 0x0000000085b00000| Untracked 
|  60|0x0000000085c00000, 0x0000000085c00000, 0x0000000085d00000|  0%| F|  |TAMS 0x0000000085c00000| PB 0x0000000085c00000| Untracked 
|  61|0x0000000085d00000, 0x0000000085d00000, 0x0000000085e00000|  0%| F|  |TAMS 0x0000000085d00000| PB 0x0000000085d00000| Untracked 
|  62|0x0000000085e00000, 0x0000000085e00000, 0x0000000085f00000|  0%| F|  |TAMS 0x0000000085e00000| PB 0x0000000085e00000| Untracked 
|  63|0x0000000085f00000, 0x0000000085f00000, 0x0000000086000000|  0%| F|  |TAMS 0x0000000085f00000| PB 0x0000000085f00000| Untracked 
|  64|0x0000000086000000, 0x0000000086000000, 0x0000000086100000|  0%| F|  |TAMS 0x0000000086000000| PB 0x0000000086000000| Untracked 
|  65|0x0000000086100000, 0x0000000086100000, 0x0000000086200000|  0%| F|  |TAMS 0x0000000086100000| PB 0x0000000086100000| Untracked 
|  66|0x0000000086200000, 0x0000000086200000, 0x0000000086300000|  0%| F|  |TAMS 0x0000000086200000| PB 0x0000000086200000| Untracked 
|  67|0x0000000086300000, 0x0000000086300000, 0x0000000086400000|  0%| F|  |TAMS 0x0000000086300000| PB 0x0000000086300000| Untracked 
|  68|0x0000000086400000, 0x0000000086400000, 0x0000000086500000|  0%| F|  |TAMS 0x0000000086400000| PB 0x0000000086400000| Untracked 
|  69|0x0000000086500000, 0x0000000086500000, 0x0000000086600000|  0%| F|  |TAMS 0x0000000086500000| PB 0x0000000086500000| Untracked 
|  70|0x0000000086600000, 0x0000000086600000, 0x0000000086700000|  0%| F|  |TAMS 0x0000000086600000| PB 0x0000000086600000| Untracked 
|  71|0x0000000086700000, 0x0000000086700000, 0x0000000086800000|  0%| F|  |TAMS 0x0000000086700000| PB 0x0000000086700000| Untracked 
|  72|0x0000000086800000, 0x0000000086800000, 0x0000000086900000|  0%| F|  |TAMS 0x0000000086800000| PB 0x0000000086800000| Untracked 
|  73|0x0000000086900000, 0x0000000086900000, 0x0000000086a00000|  0%| F|  |TAMS 0x0000000086900000| PB 0x0000000086900000| Untracked 
|  74|0x0000000086a00000, 0x0000000086a00000, 0x0000000086b00000|  0%| F|  |TAMS 0x0000000086a00000| PB 0x0000000086a00000| Untracked 
|  75|0x0000000086b00000, 0x0000000086b00000, 0x0000000086c00000|  0%| F|  |TAMS 0x0000000086b00000| PB 0x0000000086b00000| Untracked 
|  76|0x0000000086c00000, 0x0000000086c00000, 0x0000000086d00000|  0%| F|  |TAMS 0x0000000086c00000| PB 0x0000000086c00000| Untracked 
|  77|0x0000000086d00000, 0x0000000086d00000, 0x0000000086e00000|  0%| F|  |TAMS 0x0000000086d00000| PB 0x0000000086d00000| Untracked 
|  78|0x0000000086e00000, 0x0000000086e00000, 0x0000000086f00000|  0%| F|  |TAMS 0x0000000086e00000| PB 0x0000000086e00000| Untracked 
|  79|0x0000000086f00000, 0x0000000086f00000, 0x0000000087000000|  0%| F|  |TAMS 0x0000000086f00000| PB 0x0000000086f00000| Untracked 
|  80|0x0000000087000000, 0x0000000087000000, 0x0000000087100000|  0%| F|  |TAMS 0x0000000087000000| PB 0x0000000087000000| Untracked 
|  81|0x0000000087100000, 0x0000000087100000, 0x0000000087200000|  0%| F|  |TAMS 0x0000000087100000| PB 0x0000000087100000| Untracked 
|  82|0x0000000087200000, 0x0000000087200000, 0x0000000087300000|  0%| F|  |TAMS 0x0000000087200000| PB 0x0000000087200000| Untracked 
|  83|0x0000000087300000, 0x0000000087300000, 0x0000000087400000|  0%| F|  |TAMS 0x0000000087300000| PB 0x0000000087300000| Untracked 
|  84|0x0000000087400000, 0x0000000087400000, 0x0000000087500000|  0%| F|  |TAMS 0x0000000087400000| PB 0x0000000087400000| Untracked 
|  85|0x0000000087500000, 0x0000000087500000, 0x0000000087600000|  0%| F|  |TAMS 0x0000000087500000| PB 0x0000000087500000| Untracked 
|  86|0x0000000087600000, 0x0000000087600000, 0x0000000087700000|  0%| F|  |TAMS 0x0000000087600000| PB 0x0000000087600000| Untracked 
|  87|0x0000000087700000, 0x0000000087700000, 0x0000000087800000|  0%| F|  |TAMS 0x0000000087700000| PB 0x0000000087700000| Untracked 
|  88|0x0000000087800000, 0x0000000087800000, 0x0000000087900000|  0%| F|  |TAMS 0x0000000087800000| PB 0x0000000087800000| Untracked 
|  89|0x0000000087900000, 0x0000000087900000, 0x0000000087a00000|  0%| F|  |TAMS 0x0000000087900000| PB 0x0000000087900000| Untracked 
|  90|0x0000000087a00000, 0x0000000087a00000, 0x0000000087b00000|  0%| F|  |TAMS 0x0000000087a00000| PB 0x0000000087a00000| Untracked 
|  91|0x0000000087b00000, 0x0000000087b00000, 0x0000000087c00000|  0%| F|  |TAMS 0x0000000087b00000| PB 0x0000000087b00000| Untracked 
|  92|0x0000000087c00000, 0x0000000087c00000, 0x0000000087d00000|  0%| F|  |TAMS 0x0000000087c00000| PB 0x0000000087c00000| Untracked 
|  93|0x0000000087d00000, 0x0000000087d00000, 0x0000000087e00000|  0%| F|  |TAMS 0x0000000087d00000| PB 0x0000000087d00000| Untracked 
|  94|0x0000000087e00000, 0x0000000087e00000, 0x0000000087f00000|  0%| F|  |TAMS 0x0000000087e00000| PB 0x0000000087e00000| Untracked 
|  95|0x0000000087f00000, 0x0000000087f00000, 0x0000000088000000|  0%| F|  |TAMS 0x0000000087f00000| PB 0x0000000087f00000| Untracked 
|  96|0x0000000088000000, 0x0000000088000000, 0x0000000088100000|  0%| F|  |TAMS 0x0000000088000000| PB 0x0000000088000000| Untracked 
|  97|0x0000000088100000, 0x0000000088100000, 0x0000000088200000|  0%| F|  |TAMS 0x0000000088100000| PB 0x0000000088100000| Untracked 
|  98|0x0000000088200000, 0x0000000088200000, 0x0000000088300000|  0%| F|  |TAMS 0x0000000088200000| PB 0x0000000088200000| Untracked 
|  99|0x0000000088300000, 0x0000000088300000, 0x0000000088400000|  0%| F|  |TAMS 0x0000000088300000| PB 0x0000000088300000| Untracked 
| 100|0x0000000088400000, 0x0000000088400000, 0x0000000088500000|  0%| F|  |TAMS 0x0000000088400000| PB 0x0000000088400000| Untracked 
| 101|0x0000000088500000, 0x0000000088500000, 0x0000000088600000|  0%| F|  |TAMS 0x0000000088500000| PB 0x0000000088500000| Untracked 
| 102|0x0000000088600000, 0x0000000088600000, 0x0000000088700000|  0%| F|  |TAMS 0x0000000088600000| PB 0x0000000088600000| Untracked 
| 103|0x0000000088700000, 0x0000000088700000, 0x0000000088800000|  0%| F|  |TAMS 0x0000000088700000| PB 0x0000000088700000| Untracked 
| 104|0x0000000088800000, 0x0000000088800000, 0x0000000088900000|  0%| F|  |TAMS 0x0000000088800000| PB 0x0000000088800000| Untracked 
| 105|0x0000000088900000, 0x0000000088900000, 0x0000000088a00000|  0%| F|  |TAMS 0x0000000088900000| PB 0x0000000088900000| Untracked 
| 106|0x0000000088a00000, 0x0000000088a00000, 0x0000000088b00000|  0%| F|  |TAMS 0x0000000088a00000| PB 0x0000000088a00000| Untracked 
| 107|0x0000000088b00000, 0x0000000088b00000, 0x0000000088c00000|  0%| F|  |TAMS 0x0000000088b00000| PB 0x0000000088b00000| Untracked 
| 108|0x0000000088c00000, 0x0000000088c00000, 0x0000000088d00000|  0%| F|  |TAMS 0x0000000088c00000| PB 0x0000000088c00000| Untracked 
| 109|0x0000000088d00000, 0x0000000088d00000, 0x0000000088e00000|  0%| F|  |TAMS 0x0000000088d00000| PB 0x0000000088d00000| Untracked 
| 110|0x0000000088e00000, 0x0000000088e00000, 0x0000000088f00000|  0%| F|  |TAMS 0x0000000088e00000| PB 0x0000000088e00000| Untracked 
| 111|0x0000000088f00000, 0x0000000088f00000, 0x0000000089000000|  0%| F|  |TAMS 0x0000000088f00000| PB 0x0000000088f00000| Untracked 
| 112|0x0000000089000000, 0x0000000089000000, 0x0000000089100000|  0%| F|  |TAMS 0x0000000089000000| PB 0x0000000089000000| Untracked 
| 113|0x0000000089100000, 0x0000000089100000, 0x0000000089200000|  0%| F|  |TAMS 0x0000000089100000| PB 0x0000000089100000| Untracked 
| 114|0x0000000089200000, 0x0000000089200000, 0x0000000089300000|  0%| F|  |TAMS 0x0000000089200000| PB 0x0000000089200000| Untracked 
| 115|0x0000000089300000, 0x0000000089300000, 0x0000000089400000|  0%| F|  |TAMS 0x0000000089300000| PB 0x0000000089300000| Untracked 
| 116|0x0000000089400000, 0x0000000089400000, 0x0000000089500000|  0%| F|  |TAMS 0x0000000089400000| PB 0x0000000089400000| Untracked 
| 117|0x0000000089500000, 0x0000000089500000, 0x0000000089600000|  0%| F|  |TAMS 0x0000000089500000| PB 0x0000000089500000| Untracked 
| 118|0x0000000089600000, 0x0000000089600000, 0x0000000089700000|  0%| F|  |TAMS 0x0000000089600000| PB 0x0000000089600000| Untracked 
| 119|0x0000000089700000, 0x00000000897ec088, 0x0000000089800000| 92%| E|  |TAMS 0x0000000089700000| PB 0x0000000089700000| Complete 
| 120|0x0000000089800000, 0x0000000089900000, 0x0000000089900000|100%| E|CS|TAMS 0x0000000089800000| PB 0x0000000089800000| Complete 
| 121|0x0000000089900000, 0x0000000089a00000, 0x0000000089a00000|100%| E|CS|TAMS 0x0000000089900000| PB 0x0000000089900000| Complete 
| 122|0x0000000089a00000, 0x0000000089b00000, 0x0000000089b00000|100%| E|CS|TAMS 0x0000000089a00000| PB 0x0000000089a00000| Complete 
| 123|0x0000000089b00000, 0x0000000089c00000, 0x0000000089c00000|100%| E|CS|TAMS 0x0000000089b00000| PB 0x0000000089b00000| Complete 
| 124|0x0000000089c00000, 0x0000000089d00000, 0x0000000089d00000|100%| E|CS|TAMS 0x0000000089c00000| PB 0x0000000089c00000| Complete 
| 125|0x0000000089d00000, 0x0000000089e00000, 0x0000000089e00000|100%| E|CS|TAMS 0x0000000089d00000| PB 0x0000000089d00000| Complete 

Card table byte_map: [0x00000255bd4d0000,0x00000255bd8c0000] _byte_map_base: 0x00000255bd0c0000

Marking Bits: (CMBitMap*) 0x00000255a386dd20
 Bits: [0x00000255bd8c0000, 0x00000255bf840000)

Polling page: 0x00000255ad420000

Metaspace:

Usage:
  Non-class:      4.52 MB used.
      Class:    550.05 KB used.
       Both:      5.06 MB used.

Virtual space:
  Non-class space:       64.00 MB reserved,       4.56 MB (  7%) committed,  1 nodes.
      Class space:        1.00 GB reserved,     704.00 KB ( <1%) committed,  1 nodes.
             Both:        1.06 GB reserved,       5.25 MB ( <1%) committed. 

Chunk freelists:
   Non-Class:  10.88 MB
       Class:  15.24 MB
        Both:  26.12 MB

MaxMetaspaceSize: unlimited
CompressedClassSpaceSize: 1.00 GB
Initial GC threshold: 21.00 MB
Current GC threshold: 21.00 MB
CDS: on
 - commit_granule_bytes: 65536.
 - commit_granule_words: 8192.
 - virtual_space_node_default_size: 8388608.
 - enlarge_chunks_in_place: 1.
 - use_allocation_guard: 0.


Internal statistics:

num_allocs_failed_limit: 0.
num_arena_births: 126.
num_arena_deaths: 0.
num_vsnodes_births: 2.
num_vsnodes_deaths: 0.
num_space_committed: 84.
num_space_uncommitted: 0.
num_chunks_returned_to_freelist: 0.
num_chunks_taken_from_freelist: 148.
num_chunk_merges: 0.
num_chunk_splits: 92.
num_chunks_enlarged: 41.
num_inconsistent_stats: 0.

CodeHeap 'non-profiled nmethods': size=120000Kb used=193Kb max_used=193Kb free=119806Kb
 bounds [0x00000255b4f10000, 0x00000255b5180000, 0x00000255bc440000]
CodeHeap 'profiled nmethods': size=120000Kb used=1052Kb max_used=1052Kb free=118947Kb
 bounds [0x00000255ad440000, 0x00000255ad6b0000, 0x00000255b4970000]
CodeHeap 'non-nmethods': size=5760Kb used=1451Kb max_used=1468Kb free=4309Kb
 bounds [0x00000255b4970000, 0x00000255b4be0000, 0x00000255b4f10000]
 total_blobs=1201 nmethods=662 adapters=444
 compilation: enabled
              stopped_count=0, restarted_count=0
 full_count=0

Compilation events (20 events):
Event: 0.239 Thread 0x00000255c2542530  648       3       java.util.Arrays::copyOf (10 bytes)
Event: 0.239 Thread 0x00000255c2542530 nmethod 648 0x00000255ad544110 code [0x00000255ad5442c0, 0x00000255ad544408]
Event: 0.240 Thread 0x00000255c2542530  649       3       jdk.internal.loader.NativeLibraries$NativeLibraryImpl::find (9 bytes)
Event: 0.240 Thread 0x00000255c2542530 nmethod 649 0x00000255ad544510 code [0x00000255ad5446c0, 0x00000255ad544800]
Event: 0.241 Thread 0x00000255c2542530  652       3       sun.invoke.util.Wrapper::isSubwordOrInt (20 bytes)
Event: 0.241 Thread 0x00000255c2542530 nmethod 652 0x00000255ad544890 code [0x00000255ad544a60, 0x00000255ad544e78]
Event: 0.241 Thread 0x00000255c2542530  653       3       sun.invoke.util.Wrapper::isIntegral (23 bytes)
Event: 0.241 Thread 0x00000255c253f070  655       4       jdk.internal.org.objectweb.asm.ByteVector::putShort (52 bytes)
Event: 0.241 Thread 0x00000255c2542530 nmethod 653 0x00000255ad544f90 code [0x00000255ad545140, 0x00000255ad5453a8]
Event: 0.241 Thread 0x00000255c2542530  654       3       sun.invoke.util.Wrapper::isNumeric (16 bytes)
Event: 0.241 Thread 0x00000255c2542530 nmethod 654 0x00000255ad545490 code [0x00000255ad545620, 0x00000255ad545790]
Event: 0.241 Thread 0x00000255c2542530  656       3       sun.invoke.util.Wrapper::isDoubleWord (15 bytes)
Event: 0.241 Thread 0x00000255c2542530 nmethod 656 0x00000255ad545810 code [0x00000255ad5459a0, 0x00000255ad545b10]
Event: 0.241 Thread 0x00000255c2542530  658       3       java.lang.invoke.MethodHandle::isBuiltinLoader (24 bytes)
Event: 0.241 Thread 0x00000255c253f070 nmethod 655 0x00000255b4f3ef10 code [0x00000255b4f3f0a0, 0x00000255b4f3f200]
Event: 0.241 Thread 0x00000255c2542530 nmethod 658 0x00000255ad545b90 code [0x00000255ad545d40, 0x00000255ad545fc8]
Event: 0.242 Thread 0x00000255c2542530  661       3       jdk.internal.org.objectweb.asm.Type::getDescriptor (93 bytes)
Event: 0.242 Thread 0x00000255c2542530 nmethod 661 0x00000255ad546090 code [0x00000255ad546300, 0x00000255ad546a08]
Event: 0.242 Thread 0x00000255c2542530  662       3       jdk.internal.org.objectweb.asm.MethodWriter::visitAbstractType (8 bytes)
Event: 0.242 Thread 0x00000255c2542530 nmethod 662 0x00000255ad546d10 code [0x00000255ad546ec0, 0x00000255ad547000]

GC Heap History (0 events):
No events

Dll operation events (8 events):
Event: 0.010 Loaded shared library C:\Program Files\Java\jdk-21\bin\java.dll
Event: 0.040 Loaded shared library C:\Program Files\Java\jdk-21\bin\jsvml.dll
Event: 0.078 Loaded shared library C:\Program Files\Java\jdk-21\bin\jimage.dll
Event: 0.082 Loaded shared library C:\Program Files\Java\jdk-21\bin\net.dll
Event: 0.083 Loaded shared library C:\Program Files\Java\jdk-21\bin\nio.dll
Event: 0.087 Loaded shared library C:\Program Files\Java\jdk-21\bin\zip.dll
Event: 0.098 Loaded shared library C:\Program Files\Java\jdk-21\bin\awt.dll
Event: 0.240 Loaded shared library C:\Program Files\Java\jdk-21\bin\javajpeg.dll

Deoptimization events (4 events):
Event: 0.232 Thread 0x00000255c2a56e70 Uncommon trap: trap_request=0xffffff45 fr.pc=0x00000255b4f3a93c relative=0x000000000000077c
Event: 0.232 Thread 0x00000255c2a56e70 Uncommon trap: reason=unstable_if action=reinterpret pc=0x00000255b4f3a93c method=java.util.regex.Matcher.search(I)Z @ 30 c2
Event: 0.232 Thread 0x00000255c2a56e70 DEOPT PACKING pc=0x00000255b4f3a93c sp=0x000000feaeffe3a0
Event: 0.232 Thread 0x00000255c2a56e70 DEOPT UNPACKING pc=0x00000255b49c46a2 sp=0x000000feaeffe380 mode 2

Classes loaded (20 events):
Event: 0.242 Loading class java/awt/image/Raster
Event: 0.242 Loading class java/awt/image/Raster done
Event: 0.242 Loading class java/awt/image/DataBufferInt
Event: 0.242 Loading class java/awt/image/DataBuffer
Event: 0.242 Loading class java/awt/image/DataBuffer done
Event: 0.242 Loading class java/awt/image/DataBufferInt done
Event: 0.242 Loading class java/awt/image/DataBuffer$1
Event: 0.242 Loading class sun/awt/image/SunWritableRaster$DataStealer
Event: 0.242 Loading class sun/awt/image/SunWritableRaster$DataStealer done
Event: 0.242 Loading class java/awt/image/DataBuffer$1 done
Event: 0.242 Loading class sun/awt/image/SunWritableRaster
Event: 0.242 Loading class java/awt/image/WritableRaster
Event: 0.242 Loading class java/awt/image/WritableRaster done
Event: 0.242 Loading class sun/awt/image/SunWritableRaster done
Event: 0.243 Loading class java/awt/image/SinglePixelPackedSampleModel
Event: 0.243 Loading class java/awt/image/SampleModel
Event: 0.243 Loading class java/awt/image/SampleModel done
Event: 0.243 Loading class java/awt/image/SinglePixelPackedSampleModel done
Event: 0.243 Loading class sun/awt/image/IntegerInterleavedRaster
Event: 0.243 Loading class sun/awt/image/IntegerComponentRaster

Classes unloaded (0 events):
No events

Classes redefined (0 events):
No events

Internal exceptions (10 events):
Event: 0.090 Thread 0x00000255a36d94d0 Exception <a 'java/lang/ClassNotFoundException'{0x0000000089cff888}: sun/awt/resources/spi/awtProvider> (0x0000000089cff888) 
thrown [s\open\src\hotspot\share\classfile\systemDictionary.cpp, line 312]
Event: 0.106 Thread 0x00000255a36d94d0 Exception <a 'java/io/FileNotFoundException'{0x0000000089b735c0}> (0x0000000089b735c0) 
thrown [s\open\src\hotspot\share\prims\jni.cpp, line 520]
Event: 0.110 Thread 0x00000255a36d94d0 Exception <a 'java/io/FileNotFoundException'{0x0000000089b9d810}> (0x0000000089b9d810) 
thrown [s\open\src\hotspot\share\prims\jni.cpp, line 520]
Event: 0.170 Thread 0x00000255a36d94d0 Exception <a 'java/lang/NoSuchMethodError'{0x0000000089a31a98}: 'void java.lang.invoke.DirectMethodHandle$Holder.invokeSpecial(java.lang.Object, java.lang.Object, java.lang.Object)'> (0x0000000089a31a98) 
thrown [s\open\src\hotspot\share\interpreter\linkResolver.cpp, line 773]
Event: 0.174 Thread 0x00000255a36d94d0 Exception <a 'java/lang/NoSuchMethodError'{0x0000000089a573c0}: 'java.lang.Object java.lang.invoke.DirectMethodHandle$Holder.newInvokeSpecial(java.lang.Object, java.lang.Object, java.lang.Object, java.lang.Object, java.lang.Object)'> (0x0000000089a573c0) 
thrown [s\open\src\hotspot\share\interpreter\linkResolver.cpp, line 773]
Event: 0.178 Thread 0x00000255a36d94d0 Exception <a 'java/lang/NoSuchMethodError'{0x000000008990d218}: 'java.lang.Object java.lang.invoke.DirectMethodHandle$Holder.invokeStatic(java.lang.Object, int, java.lang.Object)'> (0x000000008990d218) 
thrown [s\open\src\hotspot\share\interpreter\linkResolver.cpp, line 773]
Event: 0.191 Thread 0x00000255a36d94d0 Exception <a 'java/lang/ClassNotFoundException'{0x00000000899ac8c0}: com/sun/swing/internal/plaf/metal/resources/spi/metalProvider> (0x00000000899ac8c0) 
thrown [s\open\src\hotspot\share\classfile\systemDictionary.cpp, line 312]
Event: 0.192 Thread 0x00000255a36d94d0 Exception <a 'java/lang/ClassNotFoundException'{0x00000000899b0850}: com/sun/swing/internal/plaf/basic/resources/spi/basicProvider> (0x00000000899b0850) 
thrown [s\open\src\hotspot\share\classfile\systemDictionary.cpp, line 312]
Event: 0.198 Thread 0x00000255a36d94d0 Exception <a 'java/lang/NoSuchMethodError'{0x00000000899cf9d0}: 'int java.lang.invoke.Invokers$Holder.invokeExact_MT(java.lang.Object, java.lang.Object)'> (0x00000000899cf9d0) 
thrown [s\open\src\hotspot\share\interpreter\linkResolver.cpp, line 773]
Event: 0.241 Thread 0x00000255c2a56e70 Exception <a 'java/lang/NoSuchMethodError'{0x00000000897a3368}: 'java.lang.Object java.lang.invoke.DirectMethodHandle$Holder.newInvokeSpecial(java.lang.Object, java.lang.Object, java.lang.Object, int, int, int, int, int)'> (0x00000000897a3368) 
thrown [s\open\src\hotspot\share\interpreter\linkResolver.cpp, line 773]

ZGC Phase Switch (0 events):
No events

VM Operations (6 events):
Event: 0.062 Executing VM operation: HandshakeAllThreads (Deoptimize)
Event: 0.062 Executing VM operation: HandshakeAllThreads (Deoptimize) done
Event: 0.191 Executing VM operation: HandshakeAllThreads (Deoptimize)
Event: 0.191 Executing VM operation: HandshakeAllThreads (Deoptimize) done
Event: 0.231 Executing VM operation: HandshakeAllThreads (Deoptimize)
Event: 0.231 Executing VM operation: HandshakeAllThreads (Deoptimize) done

Events (16 events):
Event: 0.026 Thread 0x00000255a36d94d0 Thread added: 0x00000255a36d94d0
Event: 0.039 Thread 0x00000255c2536450 Thread added: 0x00000255c2536450
Event: 0.039 Thread 0x00000255c2536eb0 Thread added: 0x00000255c2536eb0
Event: 0.039 Thread 0x00000255c2537a40 Thread added: 0x00000255c2537a40
Event: 0.039 Thread 0x00000255c2538700 Thread added: 0x00000255c2538700
Event: 0.039 Thread 0x00000255c253c510 Thread added: 0x00000255c253c510
Event: 0.039 Thread 0x00000255c253d2d0 Thread added: 0x00000255c253d2d0
Event: 0.039 Thread 0x00000255c253f070 Thread added: 0x00000255c253f070
Event: 0.039 Thread 0x00000255c2542530 Thread added: 0x00000255c2542530
Event: 0.050 Thread 0x00000255c2815800 Thread added: 0x00000255c2815800
Event: 0.053 Thread 0x00000255c281aab0 Thread added: 0x00000255c281aab0
Event: 0.146 Thread 0x00000255c29f01e0 Thread added: 0x00000255c29f01e0
Event: 0.147 Thread 0x00000255c29f4b60 Thread added: 0x00000255c29f4b60
Event: 0.148 Thread 0x00000255c29faf80 Thread added: 0x00000255c29faf80
Event: 0.202 Thread 0x00000255c2a56e70 Thread added: 0x00000255c2a56e70
Event: 0.223 Thread 0x00000256087f3750 Thread added: 0x00000256087f3750


Dynamic libraries:
0x00007ff6ff2f0000 - 0x00007ff6ff300000 	C:\Program Files\Java\jdk-21\bin\java.exe
0x00007ffe9e3f0000 - 0x00007ffe9e606000 	C:\WINDOWS\SYSTEM32\ntdll.dll
0x00007ffe9d140000 - 0x00007ffe9d204000 	C:\WINDOWS\System32\KERNEL32.DLL
0x00007ffe9bb70000 - 0x00007ffe9bf16000 	C:\WINDOWS\System32\KERNELBASE.dll
0x00007ffe9bfc0000 - 0x00007ffe9c0d1000 	C:\WINDOWS\System32\ucrtbase.dll
0x00007ffe6c840000 - 0x00007ffe6c85b000 	C:\Program Files\Java\jdk-21\bin\VCRUNTIME140.dll
0x00007ffe6b5e0000 - 0x00007ffe6b5f9000 	C:\Program Files\Java\jdk-21\bin\jli.dll
0x00007ffe9cab0000 - 0x00007ffe9cb62000 	C:\WINDOWS\System32\ADVAPI32.dll
0x00007ffe9e300000 - 0x00007ffe9e3a7000 	C:\WINDOWS\System32\msvcrt.dll
0x00007ffe9c210000 - 0x00007ffe9c2b8000 	C:\WINDOWS\System32\sechost.dll
0x00007ffe9c110000 - 0x00007ffe9c138000 	C:\WINDOWS\System32\bcrypt.dll
0x00007ffe9d2a0000 - 0x00007ffe9d3b5000 	C:\WINDOWS\System32\RPCRT4.dll
0x00007ffe9e090000 - 0x00007ffe9e23d000 	C:\WINDOWS\System32\USER32.dll
0x00007ffe9c0e0000 - 0x00007ffe9c106000 	C:\WINDOWS\System32\win32u.dll
0x00007ffe77980000 - 0x00007ffe77c13000 	C:\WINDOWS\WinSxS\amd64_microsoft.windows.common-controls_6595b64144ccf1df_6.0.22621.3235_none_270f74e173860f98\COMCTL32.dll
0x00007ffe9d560000 - 0x00007ffe9d589000 	C:\WINDOWS\System32\GDI32.dll
0x00007ffe9ba50000 - 0x00007ffe9bb68000 	C:\WINDOWS\System32\gdi32full.dll
0x00007ffe9bf20000 - 0x00007ffe9bfba000 	C:\WINDOWS\System32\msvcp_win.dll
0x00007ffe93260000 - 0x00007ffe9326a000 	C:\WINDOWS\SYSTEM32\VERSION.dll
0x00007ffe9e050000 - 0x00007ffe9e081000 	C:\WINDOWS\System32\IMM32.DLL
0x00007ffe864b0000 - 0x00007ffe864bc000 	C:\Program Files\Java\jdk-21\bin\vcruntime140_1.dll
0x00007ffe2aed0000 - 0x00007ffe2af5e000 	C:\Program Files\Java\jdk-21\bin\msvcp140.dll
0x00007ffe068e0000 - 0x00007ffe075f5000 	C:\Program Files\Java\jdk-21\bin\server\jvm.dll
0x00007ffe9d210000 - 0x00007ffe9d281000 	C:\WINDOWS\System32\WS2_32.dll
0x00007ffe9a580000 - 0x00007ffe9a5cd000 	C:\WINDOWS\SYSTEM32\POWRPROF.dll
0x00007ffe93a80000 - 0x00007ffe93ab4000 	C:\WINDOWS\SYSTEM32\WINMM.dll
0x00007ffe9a560000 - 0x00007ffe9a573000 	C:\WINDOWS\SYSTEM32\UMPDC.dll
0x00007ffe9a7c0000 - 0x00007ffe9a7d8000 	C:\WINDOWS\SYSTEM32\kernel.appcore.dll
0x00007ffe85e80000 - 0x00007ffe85e8a000 	C:\Program Files\Java\jdk-21\bin\jimage.dll
0x00007ffe99050000 - 0x00007ffe99283000 	C:\WINDOWS\SYSTEM32\DBGHELP.DLL
0x00007ffe9ccd0000 - 0x00007ffe9d058000 	C:\WINDOWS\System32\combase.dll
0x00007ffe9d060000 - 0x00007ffe9d137000 	C:\WINDOWS\System32\OLEAUT32.dll
0x00007ffe80920000 - 0x00007ffe80952000 	C:\WINDOWS\SYSTEM32\dbgcore.DLL
0x00007ffe9b960000 - 0x00007ffe9b9da000 	C:\WINDOWS\System32\bcryptPrimitives.dll
0x00007ffe624b0000 - 0x00007ffe624cf000 	C:\Program Files\Java\jdk-21\bin\java.dll
0x00007ffe9d6f0000 - 0x00007ffe9df4d000 	C:\WINDOWS\System32\SHELL32.dll
0x00007ffe99650000 - 0x00007ffe99f48000 	C:\WINDOWS\SYSTEM32\windows.storage.dll
0x00007ffe99510000 - 0x00007ffe9964e000 	C:\WINDOWS\SYSTEM32\wintypes.dll
0x00007ffe9cbd0000 - 0x00007ffe9ccc3000 	C:\WINDOWS\System32\SHCORE.dll
0x00007ffe9c5d0000 - 0x00007ffe9c62e000 	C:\WINDOWS\System32\shlwapi.dll
0x00007ffe9b660000 - 0x00007ffe9b686000 	C:\WINDOWS\SYSTEM32\profapi.dll
0x00007ffe11eb0000 - 0x00007ffe11f87000 	C:\Program Files\Java\jdk-21\bin\jsvml.dll
0x00007ffe85190000 - 0x00007ffe851a0000 	C:\Program Files\Java\jdk-21\bin\net.dll
0x00007ffe94d30000 - 0x00007ffe94e67000 	C:\WINDOWS\SYSTEM32\WINHTTP.dll
0x00007ffe9acb0000 - 0x00007ffe9ad19000 	C:\WINDOWS\system32\mswsock.dll
0x00007ffe5f1a0000 - 0x00007ffe5f1b6000 	C:\Program Files\Java\jdk-21\bin\nio.dll
0x00007ffe59c00000 - 0x00007ffe59c18000 	C:\Program Files\Java\jdk-21\bin\zip.dll
0x00007ffe098a0000 - 0x00007ffe09a2f000 	C:\Program Files\Java\jdk-21\bin\awt.dll
0x00007ffe98450000 - 0x00007ffe984e7000 	C:\WINDOWS\SYSTEM32\apphelp.dll
0x00007ffe987d0000 - 0x00007ffe987fb000 	C:\WINDOWS\system32\DWMAPI.DLL
0x00007ffe98550000 - 0x00007ffe985fb000 	C:\WINDOWS\system32\uxtheme.dll
0x00007ffe6dba0000 - 0x00007ffe6dca0000 	C:\WINDOWS\system32\opengl32.dll
0x00007ffe88f70000 - 0x00007ffe88f9d000 	C:\WINDOWS\SYSTEM32\GLU32.dll
0x00007ffe98aa0000 - 0x00007ffe98ad9000 	C:\WINDOWS\SYSTEM32\dxcore.dll
0x00007ffe9d590000 - 0x00007ffe9d6e4000 	C:\WINDOWS\System32\MSCTF.dll
0x00007ffe9d3c0000 - 0x00007ffe9d55f000 	C:\WINDOWS\System32\ole32.dll
0x00007ffe53830000 - 0x00007ffe5385e000 	C:\Program Files\Java\jdk-21\bin\javajpeg.dll

dbghelp: loaded successfully - version: 4.0.5 - missing functions: none
symbol engine: initialized successfully - sym options: 0x614 - pdb path: .;C:\Program Files\Java\jdk-21\bin;C:\WINDOWS\SYSTEM32;C:\WINDOWS\WinSxS\amd64_microsoft.windows.common-controls_6595b64144ccf1df_6.0.22621.3235_none_270f74e173860f98;C:\Program Files\Java\jdk-21\bin\server

VM Arguments:
jvm_args: --enable-preview -XX:+ShowCodeDetailsInExceptionMessages 
java_command: AddRoom
java_class_path (initial): C:\Users\itsri\AppData\Roaming\Code\User\workspaceStorage\d5a2d59c3014620bdd5f7d2f23333fe2\redhat.java\jdt_ws\Hotem management system_1a399c48\bin;c:\Program Files (x86)\MySQL\mysql-connector-j-8.0.33\mysql-connector-j-8.0.33.jar
Launcher Type: SUN_STANDARD

[Global flags]
     intx CICompilerCount                          = 4                                         {product} {ergonomic}
     uint ConcGCThreads                            = 3                                         {product} {ergonomic}
     uint G1ConcRefinementThreads                  = 10                                        {product} {ergonomic}
   size_t G1HeapRegionSize                         = 1048576                                   {product} {ergonomic}
    uintx GCDrainStackTargetSize                   = 64                                        {product} {ergonomic}
   size_t InitialHeapSize                          = 132120576                                 {product} {ergonomic}
   size_t MarkStackSize                            = 4194304                                   {product} {ergonomic}
   size_t MaxHeapSize                              = 2113929216                                {product} {ergonomic}
   size_t MaxNewSize                               = 1267728384                                {product} {ergonomic}
   size_t MinHeapDeltaBytes                        = 1048576                                   {product} {ergonomic}
   size_t MinHeapSize                              = 8388608                                   {product} {ergonomic}
    uintx NonNMethodCodeHeapSize                   = 5839372                                {pd product} {ergonomic}
    uintx NonProfiledCodeHeapSize                  = 122909434                              {pd product} {ergonomic}
    uintx ProfiledCodeHeapSize                     = 122909434                              {pd product} {ergonomic}
    uintx ReservedCodeCacheSize                    = 251658240                              {pd product} {ergonomic}
     bool SegmentedCodeCache                       = true                                      {product} {ergonomic}
     bool ShowCodeDetailsInExceptionMessages       = true                                   {manageable} {command line}
   size_t SoftMaxHeapSize                          = 2113929216                             {manageable} {ergonomic}
     bool UseCompressedOops                        = true                           {product lp64_product} {ergonomic}
     bool UseG1GC                                  = true                                      {product} {ergonomic}
     bool UseLargePagesIndividualAllocation        = false                                  {pd product} {ergonomic}

Logging:
Log output configuration:
 #0: stdout all=warning uptime,level,tags foldmultilines=false
 #1: stderr all=off uptime,level,tags foldmultilines=false

Environment Variables:
JAVA_HOME=C:\Program Files\Java\jdk-21
PATH=C:\Program Files\Python312\Scripts\;C:\Program Files\Python312\;C:\Program Files\Common Files\Oracle\Java\javapath;C:\Program Files\Microsoft\jdk-21.0.1.12-hotspot\bin;C:\Windows\system32;C:\Windows;C:\Windows\System32\Wbem;C:\Windows\System32\WindowsPowerShell\v1.0\;C:\Windows\System32\OpenSSH\;C:\Program Files (x86)\NVIDIA Corporation\PhysX\Common;C:\Program Files\NVIDIA Corporation\NVIDIA NvDLISR;C:\WINDOWS\system32;C:\WINDOWS;C:\WINDOWS\System32\Wbem;C:\WINDOWS\System32\WindowsPowerShell\v1.0\;C:\WINDOWS\System32\OpenSSH\;C:\Program Files\MySQL\MySQL Server 8.0\bin;C:\Program Files\Java\jdk-21\bin;C:\Program Files\Common Files\Oracle\Java\javapath;C:\Program Files\MySQL\MySQL Shell 8.0\bin\;C:\Users\itsri\AppData\Local\Microsoft\WindowsApps;C:\Users\itsri\AppData\Local\Programs\Microsoft VS Code\bin;C:\Program Files\JetBrains\IntelliJ IDEA Community Edition 2023.3.2\bin;C:\Program Files\JetBrains\PyCharm 2023.3.3\bin;
USERNAME=itsri
LANG=en_US.UTF-8
OS=Windows_NT
PROCESSOR_IDENTIFIER=Intel64 Family 6 Model 165 Stepping 2, GenuineIntel
TMP=C:\Users\itsri\AppData\Local\Temp
TEMP=C:\Users\itsri\AppData\Local\Temp




Periodic native trim disabled

---------------  S Y S T E M  ---------------

OS:
 Windows 11 , 64 bit Build 22621 (10.0.22621.3235)
OS uptime: 0 days 4:16 hours
Hyper-V role detected

CPU: total 12 (initial active 12) (6 cores per cpu, 2 threads per core) family 6 model 165 stepping 2 microcode 0xea, cx8, cmov, fxsr, ht, mmx, 3dnowpref, sse, sse2, sse3, ssse3, sse4.1, sse4.2, popcnt, lzcnt, tsc, tscinvbit, avx, avx2, aes, erms, clmul, bmi1, bmi2, adx, fma, vzeroupper, clflush, clflushopt, hv, rdtscp, f16c
Processor Information for all 12 processors :
  Max Mhz: 2496, Current Mhz: 2496, Mhz Limit: 2496

Memory: 4k page, system-wide physical 8059M (915M free)
TotalPageFile size 32635M (AvailPageFile size 1M)
current process WorkingSet (physical memory assigned to process): 55M, peak: 55M
current process commit charge ("private bytes"): 220M, peak: 220M

vm_info: Java HotSpot(TM) 64-Bit Server VM (21.0.1+12-LTS-29) for windows-amd64 JRE (21.0.1+12-LTS-29), built on 2023-10-05T13:27:09Z by "mach5one" with MS VC++ 17.1 (VS2022)

END.
