#
# There is insufficient memory for the Java Runtime Environment to continue.
# Native memory allocation (malloc) failed to allocate 966256 bytes for Chunk::new
# Possible reasons:
#   The system is out of physical RAM or swap space
#   The process is running with CompressedOops enabled, and the Java Heap may be blocking the growth of the native heap
# Possible solutions:
#   Reduce memory load on the system
#   Increase physical memory or swap space
#   Check if swap backing store is full
#   Decrease Java heap size (-Xmx/-Xms)
#   Decrease number of Java threads
#   Decrease Java thread stack sizes (-Xss)
#   Set larger code cache with -XX:ReservedCodeCacheSize=
#   JVM is running with Unscaled Compressed Oops mode in which the Java heap is
#     placed in the first 4GB address space. The Java Heap base address is the
#     maximum limit for the native heap growth. Please use -XX:HeapBaseMinAddress
#     to set the Java Heap base and to place the Java Heap above 4GB virtual address.
# This output file may be truncated or incomplete.
#
#  Out of Memory Error (arena.cpp:191), pid=29232, tid=33496
#
# JRE version: OpenJDK Runtime Environment Temurin-17.0.10+7 (17.0.10+7) (build 17.0.10+7)
# Java VM: OpenJDK 64-Bit Server VM Temurin-17.0.10+7 (17.0.10+7, mixed mode, tiered, compressed oops, compressed class ptrs, parallel gc, windows-amd64)
# No core dump will be written. Minidumps are not enabled by default on client versions of Windows
#

---------------  S U M M A R Y ------------

Command Line: --add-modules=ALL-SYSTEM --add-opens=java.base/java.util=ALL-UNNAMED --add-opens=java.base/java.lang=ALL-UNNAMED --add-opens=java.base/sun.nio.fs=ALL-UNNAMED -Declipse.application=org.eclipse.jdt.ls.core.id1 -Dosgi.bundles.defaultStartLevel=4 -Declipse.product=org.eclipse.jdt.ls.core.product -Djava.import.generatesMetadataFilesAtProjectRoot=false -DDetectVMInstallationsJob.disabled=true -Dfile.encoding=utf8 -XX:+UseParallelGC -XX:GCTimeRatio=4 -XX:AdaptiveSizePolicyWeight=90 -Dsun.zip.disableMemoryMapping=true -Xmx1G -Xms100m -Xlog:disable -javaagent:c:\Users\itsri\.vscode\extensions\redhat.java-1.28.1-win32-x64\lombok\lombok-1.18.31.jar -XX:+HeapDumpOnOutOfMemoryError -XX:HeapDumpPath=c:\Users\itsri\AppData\Roaming\Code\User\workspaceStorage\d5a2d59c3014620bdd5f7d2f23333fe2\redhat.java -Daether.dependencyCollector.impl=bf c:\Users\itsri\.vscode\extensions\redhat.java-1.28.1-win32-x64\server\plugins\org.eclipse.equinox.launcher_1.6.700.v20231214-2017.jar -configuration c:\Users\itsri\AppData\Roaming\Code\User\globalStorage\redhat.java\1.28.1\config_win -data c:\Users\itsri\AppData\Roaming\Code\User\workspaceStorage\d5a2d59c3014620bdd5f7d2f23333fe2\redhat.java\jdt_ws --stdio

Host: Intel(R) Core(TM) i5-10500H CPU @ 2.50GHz, 12 cores, 7G,  Windows 11 , 64 bit Build 22621 (10.0.22621.3235)
Time: Tue Mar 26 20:22:59 2024 India Standard Time elapsed time: 9.120537 seconds (0d 0h 0m 9s)

---------------  T H R E A D  ---------------

Current thread (0x0000021120c683d0):  JavaThread "C2 CompilerThread0" daemon [_thread_in_native, id=33496, stack(0x0000004c7cb00000,0x0000004c7cc00000)]


Current CompileTask:
C2:   9120 6289       4       lombok.patcher.PatchScript$MethodPatcher::visitMethod (158 bytes)

Stack: [0x0000004c7cb00000,0x0000004c7cc00000]
Native frames: (J=compiled Java code, j=interpreted, Vv=VM code, C=native code)
V  [jvm.dll+0x67d2c9]
V  [jvm.dll+0x834afa]
V  [jvm.dll+0x8365be]
V  [jvm.dll+0x836c23]
V  [jvm.dll+0x2477ff]
V  [jvm.dll+0xac514]
V  [jvm.dll+0xacb5c]
V  [jvm.dll+0x3667d7]
V  [jvm.dll+0x1bcf72]
V  [jvm.dll+0x21a049]
V  [jvm.dll+0x219311]
V  [jvm.dll+0x1a502d]
V  [jvm.dll+0x2290de]
V  [jvm.dll+0x2272ac]
V  [jvm.dll+0x7e9bb7]
V  [jvm.dll+0x7e3fba]
V  [jvm.dll+0x67c1b5]
C  [ucrtbase.dll+0x29363]
C  [KERNEL32.DLL+0x1257d]
C  [ntdll.dll+0x5aa58]


---------------  P R O C E S S  ---------------

Threads class SMR info:
_java_thread_list=0x000002112410db40, length=31, elements={
0x0000021107c61890, 0x000002111bae1020, 0x000002111bae2380, 0x0000021120c56d40,
0x0000021120c58d20, 0x0000021120c5a080, 0x0000021120c63630, 0x0000021120c683d0,
0x0000021120c6c130, 0x0000021120c6d310, 0x0000021120daae70, 0x0000021120df2d80,
0x00000211223d2fa0, 0x0000021122642b80, 0x0000021122642160, 0x00000211226435a0,
0x0000021122642670, 0x0000021122643ab0, 0x0000021122643090, 0x0000021122641740,
0x0000021122640810, 0x0000021122641c50, 0x0000021123399f10, 0x00000211250e97c0,
0x00000211250e8890, 0x00000211250e9cd0, 0x00000211250ea1e0, 0x00000211250edea0,
0x00000211250e8da0, 0x00000211250ec550, 0x00000211250ea6f0
}

Java Threads: ( => current thread )
  0x0000021107c61890 JavaThread "main" [_thread_blocked, id=26976, stack(0x0000004c7c200000,0x0000004c7c300000)]
  0x000002111bae1020 JavaThread "Reference Handler" daemon [_thread_blocked, id=34712, stack(0x0000004c7c500000,0x0000004c7c600000)]
  0x000002111bae2380 JavaThread "Finalizer" daemon [_thread_blocked, id=29764, stack(0x0000004c7c600000,0x0000004c7c700000)]
  0x0000021120c56d40 JavaThread "Signal Dispatcher" daemon [_thread_blocked, id=31824, stack(0x0000004c7c700000,0x0000004c7c800000)]
  0x0000021120c58d20 JavaThread "Attach Listener" daemon [_thread_blocked, id=28224, stack(0x0000004c7c800000,0x0000004c7c900000)]
  0x0000021120c5a080 JavaThread "Service Thread" daemon [_thread_blocked, id=34660, stack(0x0000004c7c900000,0x0000004c7ca00000)]
  0x0000021120c63630 JavaThread "Monitor Deflation Thread" daemon [_thread_blocked, id=34572, stack(0x0000004c7ca00000,0x0000004c7cb00000)]
=>0x0000021120c683d0 JavaThread "C2 CompilerThread0" daemon [_thread_in_native, id=33496, stack(0x0000004c7cb00000,0x0000004c7cc00000)]
  0x0000021120c6c130 JavaThread "C1 CompilerThread0" daemon [_thread_in_native, id=32824, stack(0x0000004c7cc00000,0x0000004c7cd00000)]
  0x0000021120c6d310 JavaThread "Sweeper thread" daemon [_thread_blocked, id=33464, stack(0x0000004c7cd00000,0x0000004c7ce00000)]
  0x0000021120daae70 JavaThread "Common-Cleaner" daemon [_thread_blocked, id=33152, stack(0x0000004c7ce00000,0x0000004c7cf00000)]
  0x0000021120df2d80 JavaThread "C2 CompilerThread1" daemon [_thread_in_native, id=34244, stack(0x0000004c7cf00000,0x0000004c7d000000)]
  0x00000211223d2fa0 JavaThread "Notification Thread" daemon [_thread_blocked, id=26884, stack(0x0000004c7d000000,0x0000004c7d100000)]
  0x0000021122642b80 JavaThread "Active Thread: Equinox Container: 43fda5fc-cb34-4c88-b3d8-8a770b0a2278" [_thread_blocked, id=33744, stack(0x0000004c7d900000,0x0000004c7da00000)]
  0x0000021122642160 JavaThread "Framework Event Dispatcher: Equinox Container: 43fda5fc-cb34-4c88-b3d8-8a770b0a2278" daemon [_thread_blocked, id=33708, stack(0x0000004c7da00000,0x0000004c7db00000)]
  0x00000211226435a0 JavaThread "Start Level: Equinox Container: 43fda5fc-cb34-4c88-b3d8-8a770b0a2278" daemon [_thread_blocked, id=34216, stack(0x0000004c7db00000,0x0000004c7dc00000)]
  0x0000021122642670 JavaThread "Bundle File Closer" daemon [_thread_blocked, id=12388, stack(0x0000004c7dd00000,0x0000004c7de00000)]
  0x0000021122643ab0 JavaThread "SCR Component Actor" daemon [_thread_blocked, id=25268, stack(0x0000004c7de00000,0x0000004c7df00000)]
  0x0000021122643090 JavaThread "Worker-JM" [_thread_blocked, id=12392, stack(0x0000004c7e200000,0x0000004c7e300000)]
  0x0000021122641740 JavaThread "Worker-0: Building" [_thread_in_native, id=18544, stack(0x0000004c7e300000,0x0000004c7e400000)]
  0x0000021122640810 JavaThread "Worker-1" [_thread_blocked, id=18044, stack(0x0000004c7e400000,0x0000004c7e500000)]
  0x0000021122641c50 JavaThread "Worker-2: Updating Maven Dependencies" [_thread_blocked, id=3164, stack(0x0000004c7d200000,0x0000004c7d300000)]
  0x0000021123399f10 JavaThread "C2 CompilerThread2" daemon [_thread_in_native, id=18276, stack(0x0000004c7e500000,0x0000004c7e600000)]
  0x00000211250e97c0 JavaThread "Java indexing" daemon [_thread_blocked, id=12384, stack(0x0000004c7e600000,0x0000004c7e700000)]
  0x00000211250e8890 JavaThread "Worker-3" [_thread_blocked, id=14560, stack(0x0000004c7e700000,0x0000004c7e800000)]
  0x00000211250e9cd0 JavaThread "JNA Cleaner" daemon [_thread_blocked, id=17400, stack(0x0000004c7e800000,0x0000004c7e900000)]
  0x00000211250ea1e0 JavaThread "pool-2-thread-1" [_thread_blocked, id=17932, stack(0x0000004c7e900000,0x0000004c7ea00000)]
  0x00000211250edea0 JavaThread "WorkspaceEventsHandler" [_thread_blocked, id=22568, stack(0x0000004c7ea00000,0x0000004c7eb00000)]
  0x00000211250e8da0 JavaThread "pool-1-thread-1" [_thread_blocked, id=18280, stack(0x0000004c7eb00000,0x0000004c7ec00000)]
  0x00000211250ec550 JavaThread "Worker-4" [_thread_blocked, id=17088, stack(0x0000004c7ec00000,0x0000004c7ed00000)]
  0x00000211250ea6f0 JavaThread "Worker-5" [_thread_blocked, id=29616, stack(0x0000004c7ed00000,0x0000004c7ee00000)]

Other Threads:
  0x0000021107d0ec50 VMThread "VM Thread" [stack: 0x0000004c7c400000,0x0000004c7c500000] [id=34424]
  0x00000211223dacb0 WatcherThread [stack: 0x0000004c7d100000,0x0000004c7d200000] [id=28452]
  0x0000021107c762c0 GCTaskThread "GC Thread#0" [stack: 0x0000004c7c300000,0x0000004c7c400000] [id=32200]
  0x00000211227ae470 GCTaskThread "GC Thread#1" [stack: 0x0000004c7d300000,0x0000004c7d400000] [id=31084]
  0x0000021122d46030 GCTaskThread "GC Thread#2" [stack: 0x0000004c7d400000,0x0000004c7d500000] [id=33044]
  0x0000021122d462f0 GCTaskThread "GC Thread#3" [stack: 0x0000004c7d500000,0x0000004c7d600000] [id=33536]
  0x0000021122d4b0a0 GCTaskThread "GC Thread#4" [stack: 0x0000004c7d600000,0x0000004c7d700000] [id=32464]
  0x0000021122d4b360 GCTaskThread "GC Thread#5" [stack: 0x0000004c7d700000,0x0000004c7d800000] [id=33128]
  0x0000021122d4b620 GCTaskThread "GC Thread#6" [stack: 0x0000004c7d800000,0x0000004c7d900000] [id=28720]
  0x0000021122b088a0 GCTaskThread "GC Thread#7" [stack: 0x0000004c7dc00000,0x0000004c7dd00000] [id=29592]
  0x0000021123326f10 GCTaskThread "GC Thread#8" [stack: 0x0000004c7df00000,0x0000004c7e000000] [id=17828]
  0x00000211231b09c0 GCTaskThread "GC Thread#9" [stack: 0x0000004c7e000000,0x0000004c7e100000] [id=8720]

Threads with active compile tasks:
C2 CompilerThread0     9141 6289       4       lombok.patcher.PatchScript$MethodPatcher::visitMethod (158 bytes)
C2 CompilerThread1     9141 6241       4       org.lombokweb.asm.ClassReader::readMethod (1066 bytes)
C2 CompilerThread2     9141 6290 %     4       org.lombokweb.asm.ClassReader::readCode @ 92 (5117 bytes)

VM state: not at safepoint (normal execution)

VM Mutex/Monitor currently owned by a thread: None

Heap address: 0x00000000c0000000, size: 1024 MB, Compressed Oops mode: 32-bit

CDS archive(s) not mapped
Compressed class space mapped at: 0x0000000100000000-0x0000000140000000, reserved size: 1073741824
Narrow klass base: 0x0000000000000000, Narrow klass shift: 3, Narrow klass range: 0x140000000

GC Precious Log:
 CPUs: 12 total, 12 available
 Memory: 8059M
 Large Page Support: Disabled
 NUMA Support: Disabled
 Compressed Oops: Enabled (32-bit)
 Alignments: Space 512K, Generation 512K, Heap 2M
 Heap Min Capacity: 100M
 Heap Initial Capacity: 100M
 Heap Max Capacity: 1G
 Pre-touch: Disabled
 Parallel Workers: 10

Heap:
 PSYoungGen      total 22016K, used 21221K [0x00000000eab00000, 0x00000000ec300000, 0x0000000100000000)
  eden space 20992K, 96% used [0x00000000eab00000,0x00000000ebec3a80,0x00000000ebf80000)
  from space 1024K, 95% used [0x00000000ec200000,0x00000000ec2f5a08,0x00000000ec300000)
  to   space 1536K, 0% used [0x00000000ec000000,0x00000000ec000000,0x00000000ec180000)
 ParOldGen       total 68608K, used 33619K [0x00000000c0000000, 0x00000000c4300000, 0x00000000eab00000)
  object space 68608K, 49% used [0x00000000c0000000,0x00000000c20d4ef8,0x00000000c4300000)
 Metaspace       used 57902K, committed 58880K, reserved 1114112K
  class space    used 6168K, committed 6592K, reserved 1048576K

Card table byte_map: [0x0000021107610000,0x0000021107820000] _byte_map_base: 0x0000021107010000

Marking Bits: (ParMarkBitMap*) 0x00007ffefb7ad7d0
 Begin Bits: [0x00000211198f0000, 0x000002111a8f0000)
 End Bits:   [0x000002111a8f0000, 0x000002111b8f0000)

Polling page: 0x0000021105be0000

Metaspace:

Usage:
  Non-class:     50.52 MB used.
      Class:      6.02 MB used.
       Both:     56.55 MB used.

Virtual space:
  Non-class space:       64.00 MB reserved,      51.06 MB ( 80%) committed,  1 nodes.
      Class space:        1.00 GB reserved,       6.44 MB ( <1%) committed,  1 nodes.
             Both:        1.06 GB reserved,      57.50 MB (  5%) committed. 

Chunk freelists:
   Non-Class:  12.53 MB
       Class:  9.51 MB
        Both:  22.04 MB

MaxMetaspaceSize: unlimited
CompressedClassSpaceSize: 1.00 GB
Initial GC threshold: 21.00 MB
Current GC threshold: 58.38 MB
CDS: off
MetaspaceReclaimPolicy: balanced
 - commit_granule_bytes: 65536.
 - commit_granule_words: 8192.
 - virtual_space_node_default_size: 8388608.
 - enlarge_chunks_in_place: 1.
 - new_chunks_are_fully_committed: 0.
 - uncommit_free_chunks: 1.
 - use_allocation_guard: 0.
 - handle_deallocations: 1.


Internal statistics:

num_allocs_failed_limit: 6.
num_arena_births: 494.
num_arena_deaths: 14.
num_vsnodes_births: 2.
num_vsnodes_deaths: 0.
num_space_committed: 920.
num_space_uncommitted: 0.
num_chunks_returned_to_freelist: 20.
num_chunks_taken_from_freelist: 2789.
num_chunk_merges: 11.
num_chunk_splits: 1716.
num_chunks_enlarged: 953.
num_inconsistent_stats: 0.

CodeHeap 'non-profiled nmethods': size=120000Kb used=2985Kb max_used=2985Kb free=117014Kb
 bounds [0x00000211123c0000, 0x00000211126b0000, 0x00000211198f0000]
CodeHeap 'profiled nmethods': size=120000Kb used=11513Kb max_used=11513Kb free=108486Kb
 bounds [0x000002110a8f0000, 0x000002110b440000, 0x0000021111e20000]
CodeHeap 'non-nmethods': size=5760Kb used=1309Kb max_used=1393Kb free=4450Kb
 bounds [0x0000021111e20000, 0x0000021112090000, 0x00000211123c0000]
 total_blobs=6264 nmethods=5618 adapters=559
 compilation: enabled
              stopped_count=0, restarted_count=0
 full_count=0

Compilation events (20 events):
Event: 9.066 Thread 0x0000021120c6c130 nmethod 6489 0x000002110b403590 code [0x000002110b403760, 0x000002110b4039e8]
Event: 9.066 Thread 0x0000021120c6c130 6495       3       org.eclipse.jdt.internal.compiler.util.CharArrayMap::get (38 bytes)
Event: 9.067 Thread 0x0000021120c6c130 nmethod 6495 0x000002110b403b90 code [0x000002110b403d60, 0x000002110b404048]
Event: 9.068 Thread 0x0000021120c6c130 6492       2       org.eclipse.jdt.internal.compiler.lookup.BinaryTypeBinding::getNullDefaultFrom (74 bytes)
Event: 9.069 Thread 0x0000021120c6c130 nmethod 6492 0x000002110b404210 code [0x000002110b4043e0, 0x000002110b4046a8]
Event: 9.069 Thread 0x0000021120c6c130 6497       2       org.eclipse.jdt.internal.compiler.classfmt.MethodInfo::createMethod (713 bytes)
Event: 9.070 Thread 0x0000021120c6c130 nmethod 6497 0x000002110b404890 code [0x000002110b404c40, 0x000002110b4066b8]
Event: 9.071 Thread 0x0000021120c6c130 6500  s    2       org.eclipse.jdt.internal.compiler.classfmt.MethodInfo::readModifierRelatedAttributes (216 bytes)
Event: 9.071 Thread 0x0000021120c6c130 nmethod 6500 0x000002110b407510 code [0x000002110b407720, 0x000002110b407d58]
Event: 9.071 Thread 0x0000021120c6c130 6496       2       org.eclipse.jdt.internal.compiler.classfmt.MethodInfo::<init> (24 bytes)
Event: 9.072 Thread 0x0000021120c6c130 nmethod 6496 0x000002110b408190 code [0x000002110b408320, 0x000002110b408478]
Event: 9.072 Thread 0x0000021120c6c130 6493       2       org.eclipse.jdt.internal.compiler.lookup.BinaryTypeBinding::getTypeAnnotationWalker (128 bytes)
Event: 9.072 Thread 0x0000021120c6c130 nmethod 6493 0x000002110b408510 code [0x000002110b408720, 0x000002110b408c68]
Event: 9.072 Thread 0x0000021120c6c130 6503       3       org.eclipse.jdt.internal.compiler.classfmt.MethodInfo::getSelector (46 bytes)
Event: 9.073 Thread 0x0000021120c6c130 nmethod 6503 0x000002110b408f10 code [0x000002110b4090e0, 0x000002110b4095a8]
Event: 9.073 Thread 0x0000021120c6c130 6502       2       org.eclipse.jdt.internal.compiler.classfmt.MethodInfo::decodeLocalVariableAttribute (155 bytes)
Event: 9.073 Thread 0x0000021120c6c130 nmethod 6502 0x000002110b409790 code [0x000002110b409980, 0x000002110b40a048]
Event: 9.073 Thread 0x0000021120c6c130 6507 % !   3       org.eclipse.jdt.internal.compiler.classfmt.ClassFileReader::<init> @ 1819 (2113 bytes)
Event: 9.103 Thread 0x0000021120c6c130 nmethod 6507% 0x000002110b40a490 code [0x000002110b40ae20, 0x000002110b414178]
Event: 9.103 Thread 0x0000021120c6c130 6523 %     3       org.eclipse.jdt.internal.compiler.lookup.BinaryTypeBinding::createMethod @ 222 (1717 bytes)

GC Heap History (20 events):
Event: 5.483 GC heap before
{Heap before GC invocations=19 (full 2):
 PSYoungGen      total 23040K, used 23040K [0x00000000eab00000, 0x00000000ec780000, 0x0000000100000000)
  eden space 21504K, 100% used [0x00000000eab00000,0x00000000ec000000,0x00000000ec000000)
  from space 1536K, 100% used [0x00000000ec380000,0x00000000ec500000,0x00000000ec500000)
  to   space 3584K, 0% used [0x00000000ec000000,0x00000000ec000000,0x00000000ec380000)
 ParOldGen       total 68608K, used 22707K [0x00000000c0000000, 0x00000000c4300000, 0x00000000eab00000)
  object space 68608K, 33% used [0x00000000c0000000,0x00000000c162cf90,0x00000000c4300000)
 Metaspace       used 42289K, committed 43200K, reserved 1114112K
  class space    used 4370K, committed 4800K, reserved 1048576K
}
Event: 5.490 GC heap after
{Heap after GC invocations=19 (full 2):
 PSYoungGen      total 24064K, used 2080K [0x00000000eab00000, 0x00000000ec500000, 0x0000000100000000)
  eden space 21504K, 0% used [0x00000000eab00000,0x00000000eab00000,0x00000000ec000000)
  from space 2560K, 81% used [0x00000000ec000000,0x00000000ec208010,0x00000000ec280000)
  to   space 2560K, 0% used [0x00000000ec280000,0x00000000ec280000,0x00000000ec500000)
 ParOldGen       total 68608K, used 24259K [0x00000000c0000000, 0x00000000c4300000, 0x00000000eab00000)
  object space 68608K, 35% used [0x00000000c0000000,0x00000000c17b0f90,0x00000000c4300000)
 Metaspace       used 42289K, committed 43200K, reserved 1114112K
  class space    used 4370K, committed 4800K, reserved 1048576K
}
Event: 5.545 GC heap before
{Heap before GC invocations=20 (full 2):
 PSYoungGen      total 24064K, used 23584K [0x00000000eab00000, 0x00000000ec500000, 0x0000000100000000)
  eden space 21504K, 100% used [0x00000000eab00000,0x00000000ec000000,0x00000000ec000000)
  from space 2560K, 81% used [0x00000000ec000000,0x00000000ec208010,0x00000000ec280000)
  to   space 2560K, 0% used [0x00000000ec280000,0x00000000ec280000,0x00000000ec500000)
 ParOldGen       total 68608K, used 24259K [0x00000000c0000000, 0x00000000c4300000, 0x00000000eab00000)
  object space 68608K, 35% used [0x00000000c0000000,0x00000000c17b0f90,0x00000000c4300000)
 Metaspace       used 42696K, committed 43584K, reserved 1114112K
  class space    used 4420K, committed 4864K, reserved 1048576K
}
Event: 5.554 GC heap after
{Heap after GC invocations=20 (full 2):
 PSYoungGen      total 23552K, used 1632K [0x00000000eab00000, 0x00000000ec480000, 0x0000000100000000)
  eden space 21504K, 0% used [0x00000000eab00000,0x00000000eab00000,0x00000000ec000000)
  from space 2048K, 79% used [0x00000000ec280000,0x00000000ec418000,0x00000000ec480000)
  to   space 2048K, 0% used [0x00000000ec080000,0x00000000ec080000,0x00000000ec280000)
 ParOldGen       total 68608K, used 26123K [0x00000000c0000000, 0x00000000c4300000, 0x00000000eab00000)
  object space 68608K, 38% used [0x00000000c0000000,0x00000000c1982fa0,0x00000000c4300000)
 Metaspace       used 42696K, committed 43584K, reserved 1114112K
  class space    used 4420K, committed 4864K, reserved 1048576K
}
Event: 5.665 GC heap before
{Heap before GC invocations=21 (full 2):
 PSYoungGen      total 23552K, used 23102K [0x00000000eab00000, 0x00000000ec480000, 0x0000000100000000)
  eden space 21504K, 99% used [0x00000000eab00000,0x00000000ebff79d0,0x00000000ec000000)
  from space 2048K, 79% used [0x00000000ec280000,0x00000000ec418000,0x00000000ec480000)
  to   space 2048K, 0% used [0x00000000ec080000,0x00000000ec080000,0x00000000ec280000)
 ParOldGen       total 68608K, used 26160K [0x00000000c0000000, 0x00000000c4300000, 0x00000000eab00000)
  object space 68608K, 38% used [0x00000000c0000000,0x00000000c198c370,0x00000000c4300000)
 Metaspace       used 43695K, committed 44608K, reserved 1114112K
  class space    used 4556K, committed 4992K, reserved 1048576K
}
Event: 5.668 GC heap after
{Heap after GC invocations=21 (full 2):
 PSYoungGen      total 23552K, used 1705K [0x00000000eab00000, 0x00000000ec400000, 0x0000000100000000)
  eden space 21504K, 0% used [0x00000000eab00000,0x00000000eab00000,0x00000000ec000000)
  from space 2048K, 83% used [0x00000000ec080000,0x00000000ec22a528,0x00000000ec280000)
  to   space 1536K, 0% used [0x00000000ec280000,0x00000000ec280000,0x00000000ec400000)
 ParOldGen       total 68608K, used 27656K [0x00000000c0000000, 0x00000000c4300000, 0x00000000eab00000)
  object space 68608K, 40% used [0x00000000c0000000,0x00000000c1b02370,0x00000000c4300000)
 Metaspace       used 43695K, committed 44608K, reserved 1114112K
  class space    used 4556K, committed 4992K, reserved 1048576K
}
Event: 5.892 GC heap before
{Heap before GC invocations=22 (full 2):
 PSYoungGen      total 23552K, used 23209K [0x00000000eab00000, 0x00000000ec400000, 0x0000000100000000)
  eden space 21504K, 100% used [0x00000000eab00000,0x00000000ec000000,0x00000000ec000000)
  from space 2048K, 83% used [0x00000000ec080000,0x00000000ec22a528,0x00000000ec280000)
  to   space 1536K, 0% used [0x00000000ec280000,0x00000000ec280000,0x00000000ec400000)
 ParOldGen       total 68608K, used 27665K [0x00000000c0000000, 0x00000000c4300000, 0x00000000eab00000)
  object space 68608K, 40% used [0x00000000c0000000,0x00000000c1b047e0,0x00000000c4300000)
 Metaspace       used 46298K, committed 47232K, reserved 1114112K
  class space    used 4829K, committed 5248K, reserved 1048576K
}
Event: 5.894 GC heap after
{Heap after GC invocations=22 (full 2):
 PSYoungGen      total 22528K, used 672K [0x00000000eab00000, 0x00000000ec380000, 0x0000000100000000)
  eden space 21504K, 0% used [0x00000000eab00000,0x00000000eab00000,0x00000000ec000000)
  from space 1024K, 65% used [0x00000000ec280000,0x00000000ec328000,0x00000000ec380000)
  to   space 1536K, 0% used [0x00000000ec080000,0x00000000ec080000,0x00000000ec200000)
 ParOldGen       total 68608K, used 28701K [0x00000000c0000000, 0x00000000c4300000, 0x00000000eab00000)
  object space 68608K, 41% used [0x00000000c0000000,0x00000000c1c074c0,0x00000000c4300000)
 Metaspace       used 46298K, committed 47232K, reserved 1114112K
  class space    used 4829K, committed 5248K, reserved 1048576K
}
Event: 6.406 GC heap before
{Heap before GC invocations=23 (full 2):
 PSYoungGen      total 22528K, used 22176K [0x00000000eab00000, 0x00000000ec380000, 0x0000000100000000)
  eden space 21504K, 100% used [0x00000000eab00000,0x00000000ec000000,0x00000000ec000000)
  from space 1024K, 65% used [0x00000000ec280000,0x00000000ec328000,0x00000000ec380000)
  to   space 1536K, 0% used [0x00000000ec080000,0x00000000ec080000,0x00000000ec200000)
 ParOldGen       total 68608K, used 28701K [0x00000000c0000000, 0x00000000c4300000, 0x00000000eab00000)
  object space 68608K, 41% used [0x00000000c0000000,0x00000000c1c074c0,0x00000000c4300000)
 Metaspace       used 48628K, committed 49600K, reserved 1114112K
  class space    used 5121K, committed 5568K, reserved 1048576K
}
Event: 6.412 GC heap after
{Heap after GC invocations=23 (full 2):
 PSYoungGen      total 23040K, used 1069K [0x00000000eab00000, 0x00000000ec300000, 0x0000000100000000)
  eden space 21504K, 0% used [0x00000000eab00000,0x00000000eab00000,0x00000000ec000000)
  from space 1536K, 69% used [0x00000000ec080000,0x00000000ec18b458,0x00000000ec200000)
  to   space 1024K, 0% used [0x00000000ec200000,0x00000000ec200000,0x00000000ec300000)
 ParOldGen       total 68608K, used 29258K [0x00000000c0000000, 0x00000000c4300000, 0x00000000eab00000)
  object space 68608K, 42% used [0x00000000c0000000,0x00000000c1c92bf0,0x00000000c4300000)
 Metaspace       used 48628K, committed 49600K, reserved 1114112K
  class space    used 5121K, committed 5568K, reserved 1048576K
}
Event: 7.145 GC heap before
{Heap before GC invocations=24 (full 2):
 PSYoungGen      total 23040K, used 22573K [0x00000000eab00000, 0x00000000ec300000, 0x0000000100000000)
  eden space 21504K, 100% used [0x00000000eab00000,0x00000000ec000000,0x00000000ec000000)
  from space 1536K, 69% used [0x00000000ec080000,0x00000000ec18b458,0x00000000ec200000)
  to   space 1024K, 0% used [0x00000000ec200000,0x00000000ec200000,0x00000000ec300000)
 ParOldGen       total 68608K, used 29258K [0x00000000c0000000, 0x00000000c4300000, 0x00000000eab00000)
  object space 68608K, 42% used [0x00000000c0000000,0x00000000c1c92bf0,0x00000000c4300000)
 Metaspace       used 50971K, committed 51904K, reserved 1114112K
  class space    used 5424K, committed 5888K, reserved 1048576K
}
Event: 7.150 GC heap after
{Heap after GC invocations=24 (full 2):
 PSYoungGen      total 22016K, used 1024K [0x00000000eab00000, 0x00000000ec500000, 0x0000000100000000)
  eden space 20992K, 0% used [0x00000000eab00000,0x00000000eab00000,0x00000000ebf80000)
  from space 1024K, 100% used [0x00000000ec200000,0x00000000ec300000,0x00000000ec300000)
  to   space 2560K, 0% used [0x00000000ebf80000,0x00000000ebf80000,0x00000000ec200000)
 ParOldGen       total 68608K, used 30208K [0x00000000c0000000, 0x00000000c4300000, 0x00000000eab00000)
  object space 68608K, 44% used [0x00000000c0000000,0x00000000c1d80318,0x00000000c4300000)
 Metaspace       used 50971K, committed 51904K, reserved 1114112K
  class space    used 5424K, committed 5888K, reserved 1048576K
}
Event: 7.679 GC heap before
{Heap before GC invocations=25 (full 2):
 PSYoungGen      total 22016K, used 21977K [0x00000000eab00000, 0x00000000ec500000, 0x0000000100000000)
  eden space 20992K, 99% used [0x00000000eab00000,0x00000000ebf76638,0x00000000ebf80000)
  from space 1024K, 100% used [0x00000000ec200000,0x00000000ec300000,0x00000000ec300000)
  to   space 2560K, 0% used [0x00000000ebf80000,0x00000000ebf80000,0x00000000ec200000)
 ParOldGen       total 68608K, used 30208K [0x00000000c0000000, 0x00000000c4300000, 0x00000000eab00000)
  object space 68608K, 44% used [0x00000000c0000000,0x00000000c1d80318,0x00000000c4300000)
 Metaspace       used 53013K, committed 53952K, reserved 1114112K
  class space    used 5698K, committed 6144K, reserved 1048576K
}
Event: 7.686 GC heap after
{Heap after GC invocations=25 (full 2):
 PSYoungGen      total 22016K, used 960K [0x00000000eab00000, 0x00000000ec280000, 0x0000000100000000)
  eden space 20992K, 0% used [0x00000000eab00000,0x00000000eab00000,0x00000000ebf80000)
  from space 1024K, 93% used [0x00000000ebf80000,0x00000000ec070040,0x00000000ec080000)
  to   space 1536K, 0% used [0x00000000ec100000,0x00000000ec100000,0x00000000ec280000)
 ParOldGen       total 68608K, used 31240K [0x00000000c0000000, 0x00000000c4300000, 0x00000000eab00000)
  object space 68608K, 45% used [0x00000000c0000000,0x00000000c1e82038,0x00000000c4300000)
 Metaspace       used 53013K, committed 53952K, reserved 1114112K
  class space    used 5698K, committed 6144K, reserved 1048576K
}
Event: 8.187 GC heap before
{Heap before GC invocations=26 (full 2):
 PSYoungGen      total 22016K, used 21891K [0x00000000eab00000, 0x00000000ec280000, 0x0000000100000000)
  eden space 20992K, 99% used [0x00000000eab00000,0x00000000ebf70fb8,0x00000000ebf80000)
  from space 1024K, 93% used [0x00000000ebf80000,0x00000000ec070040,0x00000000ec080000)
  to   space 1536K, 0% used [0x00000000ec100000,0x00000000ec100000,0x00000000ec280000)
 ParOldGen       total 68608K, used 31240K [0x00000000c0000000, 0x00000000c4300000, 0x00000000eab00000)
  object space 68608K, 45% used [0x00000000c0000000,0x00000000c1e82038,0x00000000c4300000)
 Metaspace       used 54450K, committed 55424K, reserved 1114112K
  class space    used 5873K, committed 6336K, reserved 1048576K
}
Event: 8.194 GC heap after
{Heap after GC invocations=26 (full 2):
 PSYoungGen      total 22016K, used 672K [0x00000000eab00000, 0x00000000ec200000, 0x0000000100000000)
  eden space 20992K, 0% used [0x00000000eab00000,0x00000000eab00000,0x00000000ebf80000)
  from space 1024K, 65% used [0x00000000ec100000,0x00000000ec1a8000,0x00000000ec200000)
  to   space 1024K, 0% used [0x00000000ebf80000,0x00000000ebf80000,0x00000000ec080000)
 ParOldGen       total 68608K, used 32083K [0x00000000c0000000, 0x00000000c4300000, 0x00000000eab00000)
  object space 68608K, 46% used [0x00000000c0000000,0x00000000c1f54c10,0x00000000c4300000)
 Metaspace       used 54450K, committed 55424K, reserved 1114112K
  class space    used 5873K, committed 6336K, reserved 1048576K
}
Event: 8.483 GC heap before
{Heap before GC invocations=27 (full 2):
 PSYoungGen      total 22016K, used 21664K [0x00000000eab00000, 0x00000000ec200000, 0x0000000100000000)
  eden space 20992K, 100% used [0x00000000eab00000,0x00000000ebf80000,0x00000000ebf80000)
  from space 1024K, 65% used [0x00000000ec100000,0x00000000ec1a8000,0x00000000ec200000)
  to   space 1024K, 0% used [0x00000000ebf80000,0x00000000ebf80000,0x00000000ec080000)
 ParOldGen       total 68608K, used 32083K [0x00000000c0000000, 0x00000000c4300000, 0x00000000eab00000)
  object space 68608K, 46% used [0x00000000c0000000,0x00000000c1f54c10,0x00000000c4300000)
 Metaspace       used 55549K, committed 56512K, reserved 1114112K
  class space    used 5953K, committed 6400K, reserved 1048576K
}
Event: 8.486 GC heap after
{Heap after GC invocations=27 (full 2):
 PSYoungGen      total 22016K, used 1023K [0x00000000eab00000, 0x00000000ec480000, 0x0000000100000000)
  eden space 20992K, 0% used [0x00000000eab00000,0x00000000eab00000,0x00000000ebf80000)
  from space 1024K, 99% used [0x00000000ebf80000,0x00000000ec07ff10,0x00000000ec080000)
  to   space 2560K, 0% used [0x00000000ec200000,0x00000000ec200000,0x00000000ec480000)
 ParOldGen       total 68608K, used 32977K [0x00000000c0000000, 0x00000000c4300000, 0x00000000eab00000)
  object space 68608K, 48% used [0x00000000c0000000,0x00000000c2034488,0x00000000c4300000)
 Metaspace       used 55549K, committed 56512K, reserved 1114112K
  class space    used 5953K, committed 6400K, reserved 1048576K
}
Event: 8.587 GC heap before
{Heap before GC invocations=28 (full 2):
 PSYoungGen      total 22016K, used 22015K [0x00000000eab00000, 0x00000000ec480000, 0x0000000100000000)
  eden space 20992K, 100% used [0x00000000eab00000,0x00000000ebf80000,0x00000000ebf80000)
  from space 1024K, 99% used [0x00000000ebf80000,0x00000000ec07ff10,0x00000000ec080000)
  to   space 2560K, 0% used [0x00000000ec200000,0x00000000ec200000,0x00000000ec480000)
 ParOldGen       total 68608K, used 32977K [0x00000000c0000000, 0x00000000c4300000, 0x00000000eab00000)
  object space 68608K, 48% used [0x00000000c0000000,0x00000000c2034488,0x00000000c4300000)
 Metaspace       used 55565K, committed 56576K, reserved 1114112K
  class space    used 5953K, committed 6400K, reserved 1048576K
}
Event: 8.589 GC heap after
{Heap after GC invocations=28 (full 2):
 PSYoungGen      total 22016K, used 982K [0x00000000eab00000, 0x00000000ec300000, 0x0000000100000000)
  eden space 20992K, 0% used [0x00000000eab00000,0x00000000eab00000,0x00000000ebf80000)
  from space 1024K, 95% used [0x00000000ec200000,0x00000000ec2f5a08,0x00000000ec300000)
  to   space 1536K, 0% used [0x00000000ec000000,0x00000000ec000000,0x00000000ec180000)
 ParOldGen       total 68608K, used 33619K [0x00000000c0000000, 0x00000000c4300000, 0x00000000eab00000)
  object space 68608K, 49% used [0x00000000c0000000,0x00000000c20d4ef8,0x00000000c4300000)
 Metaspace       used 55565K, committed 56576K, reserved 1114112K
  class space    used 5953K, committed 6400K, reserved 1048576K
}

Dll operation events (10 events):
Event: 0.017 Loaded shared library c:\Users\itsri\.vscode\extensions\redhat.java-1.28.1-win32-x64\jre\17.0.10-win32-x86_64\bin\java.dll
Event: 0.229 Loaded shared library c:\Users\itsri\.vscode\extensions\redhat.java-1.28.1-win32-x64\jre\17.0.10-win32-x86_64\bin\zip.dll
Event: 0.233 Loaded shared library C:\Users\itsri\.vscode\extensions\redhat.java-1.28.1-win32-x64\jre\17.0.10-win32-x86_64\bin\instrument.dll
Event: 0.256 Loaded shared library C:\Users\itsri\.vscode\extensions\redhat.java-1.28.1-win32-x64\jre\17.0.10-win32-x86_64\bin\net.dll
Event: 0.259 Loaded shared library C:\Users\itsri\.vscode\extensions\redhat.java-1.28.1-win32-x64\jre\17.0.10-win32-x86_64\bin\nio.dll
Event: 0.272 Loaded shared library C:\Users\itsri\.vscode\extensions\redhat.java-1.28.1-win32-x64\jre\17.0.10-win32-x86_64\bin\zip.dll
Event: 0.293 Loaded shared library C:\Users\itsri\.vscode\extensions\redhat.java-1.28.1-win32-x64\jre\17.0.10-win32-x86_64\bin\jimage.dll
Event: 0.415 Loaded shared library c:\Users\itsri\.vscode\extensions\redhat.java-1.28.1-win32-x64\jre\17.0.10-win32-x86_64\bin\verify.dll
Event: 1.626 Loaded shared library C:\Users\itsri\AppData\Roaming\Code\User\globalStorage\redhat.java\1.28.1\config_win\org.eclipse.equinox.launcher\org.eclipse.equinox.launcher.win32.win32.x86_64_1.2.900.v20240129-1338\eclipse_11900.dll
Event: 4.831 Loaded shared library C:\Users\itsri\AppData\Local\Temp\jna-100539615\jna2179607120249807999.dll

Deoptimization events (20 events):
Event: 8.924 Thread 0x0000021122641740 Uncommon trap: trap_request=0xffffff45 fr.pc=0x000002111259a0c4 relative=0x0000000000000284
Event: 8.924 Thread 0x0000021122641740 Uncommon trap: reason=unstable_if action=reinterpret pc=0x000002111259a0c4 method=jdk.internal.jimage.ImageStringsReader.stringFromByteBufferMatches(Ljava/nio/ByteBuffer;ILjava/lang/String;I)I @ 59 c2
Event: 8.924 Thread 0x0000021122641740 DEOPT PACKING pc=0x000002111259a0c4 sp=0x0000004c7e3fd260
Event: 8.924 Thread 0x0000021122641740 DEOPT UNPACKING pc=0x0000021111e766a3 sp=0x0000004c7e3fd1d8 mode 2
Event: 8.924 Thread 0x0000021122641740 Uncommon trap: trap_request=0xffffff45 fr.pc=0x00000211125cb6f0 relative=0x0000000000000310
Event: 8.924 Thread 0x0000021122641740 Uncommon trap: reason=unstable_if action=reinterpret pc=0x00000211125cb6f0 method=jdk.internal.jrtfs.JrtFileSystem.checkNode(Ljdk/internal/jrtfs/JrtPath;)Ljdk/internal/jimage/ImageReader$Node; @ 16 c2
Event: 8.924 Thread 0x0000021122641740 DEOPT PACKING pc=0x00000211125cb6f0 sp=0x0000004c7e3fd580
Event: 8.924 Thread 0x0000021122641740 DEOPT UNPACKING pc=0x0000021111e766a3 sp=0x0000004c7e3fd530 mode 2
Event: 9.056 Thread 0x0000021122641740 Uncommon trap: trap_request=0xffffffde fr.pc=0x0000021112576444 relative=0x00000000000009a4
Event: 9.056 Thread 0x0000021122641740 Uncommon trap: reason=class_check action=maybe_recompile pc=0x0000021112576444 method=java.util.HashMap.putVal(ILjava/lang/Object;Ljava/lang/Object;ZZ)Ljava/lang/Object; @ 203 c2
Event: 9.056 Thread 0x0000021122641740 DEOPT PACKING pc=0x0000021112576444 sp=0x0000004c7e3fd160
Event: 9.056 Thread 0x0000021122641740 DEOPT UNPACKING pc=0x0000021111e766a3 sp=0x0000004c7e3fd050 mode 2
Event: 9.056 Thread 0x0000021122641740 Uncommon trap: trap_request=0xffffffde fr.pc=0x0000021112576444 relative=0x00000000000009a4
Event: 9.056 Thread 0x0000021122641740 Uncommon trap: reason=class_check action=maybe_recompile pc=0x0000021112576444 method=java.util.HashMap.putVal(ILjava/lang/Object;Ljava/lang/Object;ZZ)Ljava/lang/Object; @ 203 c2
Event: 9.056 Thread 0x0000021122641740 DEOPT PACKING pc=0x0000021112576444 sp=0x0000004c7e3fd240
Event: 9.056 Thread 0x0000021122641740 DEOPT UNPACKING pc=0x0000021111e766a3 sp=0x0000004c7e3fd130 mode 2
Event: 9.085 Thread 0x0000021122641740 DEOPT PACKING pc=0x000002110b3e1f2d sp=0x0000004c7e3fd2b0
Event: 9.085 Thread 0x0000021122641740 DEOPT UNPACKING pc=0x0000021111e76e43 sp=0x0000004c7e3fc758 mode 0
Event: 9.104 Thread 0x0000021122641740 DEOPT PACKING pc=0x000002110b3e1f2d sp=0x0000004c7e3fd0e0
Event: 9.104 Thread 0x0000021122641740 DEOPT UNPACKING pc=0x0000021111e76e43 sp=0x0000004c7e3fc588 mode 0

Classes unloaded (7 events):
Event: 4.428 Thread 0x0000021107d0ec50 Unloading class 0x0000000100253400 'java/lang/invoke/LambdaForm$MH+0x0000000100253400'
Event: 4.428 Thread 0x0000021107d0ec50 Unloading class 0x0000000100253000 'java/lang/invoke/LambdaForm$MH+0x0000000100253000'
Event: 4.428 Thread 0x0000021107d0ec50 Unloading class 0x0000000100252c00 'java/lang/invoke/LambdaForm$MH+0x0000000100252c00'
Event: 4.428 Thread 0x0000021107d0ec50 Unloading class 0x0000000100252800 'java/lang/invoke/LambdaForm$MH+0x0000000100252800'
Event: 4.428 Thread 0x0000021107d0ec50 Unloading class 0x0000000100252400 'java/lang/invoke/LambdaForm$BMH+0x0000000100252400'
Event: 4.428 Thread 0x0000021107d0ec50 Unloading class 0x0000000100252000 'java/lang/invoke/LambdaForm$DMH+0x0000000100252000'
Event: 4.428 Thread 0x0000021107d0ec50 Unloading class 0x0000000100249400 'java/lang/invoke/LambdaForm$DMH+0x0000000100249400'

Classes redefined (0 events):
No events

Internal exceptions (20 events):
Event: 7.201 Thread 0x0000021122641740 Exception <a 'sun/nio/fs/WindowsException'{0x00000000eabed410}> (0x00000000eabed410) 
thrown [s\src\hotspot\share\prims\jni.cpp, line 516]
Event: 7.212 Thread 0x0000021122641740 Exception <a 'sun/nio/fs/WindowsException'{0x00000000eac02078}> (0x00000000eac02078) 
thrown [s\src\hotspot\share\prims\jni.cpp, line 516]
Event: 7.214 Thread 0x0000021122641740 Exception <a 'sun/nio/fs/WindowsException'{0x00000000eac3fd90}> (0x00000000eac3fd90) 
thrown [s\src\hotspot\share\prims\jni.cpp, line 516]
Event: 7.215 Thread 0x0000021122641740 Exception <a 'sun/nio/fs/WindowsException'{0x00000000eac43bb0}> (0x00000000eac43bb0) 
thrown [s\src\hotspot\share\prims\jni.cpp, line 516]
Event: 7.273 Thread 0x0000021122641740 Exception <a 'sun/nio/fs/WindowsException'{0x00000000eac58710}> (0x00000000eac58710) 
thrown [s\src\hotspot\share\prims\jni.cpp, line 516]
Event: 7.276 Thread 0x0000021122641740 Exception <a 'sun/nio/fs/WindowsException'{0x00000000eac5cf68}> (0x00000000eac5cf68) 
thrown [s\src\hotspot\share\prims\jni.cpp, line 516]
Event: 7.278 Thread 0x0000021122641740 Exception <a 'sun/nio/fs/WindowsException'{0x00000000eac60cc0}> (0x00000000eac60cc0) 
thrown [s\src\hotspot\share\prims\jni.cpp, line 516]
Event: 7.311 Thread 0x0000021122641740 Exception <a 'sun/nio/fs/WindowsException'{0x00000000eadc8c78}> (0x00000000eadc8c78) 
thrown [s\src\hotspot\share\prims\jni.cpp, line 516]
Event: 7.312 Thread 0x0000021122641740 Exception <a 'sun/nio/fs/WindowsException'{0x00000000eadcd490}> (0x00000000eadcd490) 
thrown [s\src\hotspot\share\prims\jni.cpp, line 516]
Event: 7.314 Thread 0x0000021122641740 Exception <a 'sun/nio/fs/WindowsException'{0x00000000eadd11e8}> (0x00000000eadd11e8) 
thrown [s\src\hotspot\share\prims\jni.cpp, line 516]
Event: 7.345 Thread 0x0000021122641740 Exception <a 'sun/nio/fs/WindowsException'{0x00000000eae8f6d8}> (0x00000000eae8f6d8) 
thrown [s\src\hotspot\share\prims\jni.cpp, line 516]
Event: 7.346 Thread 0x0000021122641740 Exception <a 'sun/nio/fs/WindowsException'{0x00000000eae93ec8}> (0x00000000eae93ec8) 
thrown [s\src\hotspot\share\prims\jni.cpp, line 516]
Event: 7.347 Thread 0x0000021122641740 Exception <a 'sun/nio/fs/WindowsException'{0x00000000eae97bf8}> (0x00000000eae97bf8) 
thrown [s\src\hotspot\share\prims\jni.cpp, line 516]
Event: 7.543 Thread 0x0000021122640810 Exception <a 'java/lang/NoClassDefFoundError'{0x00000000eb5e1638}: com/google/inject/servlet/ServletModuleTargetVisitor> (0x00000000eb5e1638) 
thrown [s\src\hotspot\share\classfile\systemDictionary.cpp, line 245]
Event: 7.640 Thread 0x00000211250e8890 Exception <a 'java/io/FileNotFoundException'{0x00000000ebc7ef98}> (0x00000000ebc7ef98) 
thrown [s\src\hotspot\share\prims\jni.cpp, line 516]
Event: 7.649 Thread 0x00000211250e8890 Exception <a 'java/io/FileNotFoundException'{0x00000000ebd042f8}> (0x00000000ebd042f8) 
thrown [s\src\hotspot\share\prims\jni.cpp, line 516]
Event: 7.650 Thread 0x00000211250e8890 Exception <a 'java/io/FileNotFoundException'{0x00000000ebd05300}> (0x00000000ebd05300) 
thrown [s\src\hotspot\share\prims\jni.cpp, line 516]
Event: 7.651 Thread 0x00000211250e8890 Exception <a 'java/io/FileNotFoundException'{0x00000000ebd06060}> (0x00000000ebd06060) 
thrown [s\src\hotspot\share\prims\jni.cpp, line 516]
Event: 8.826 Thread 0x00000211250e97c0 Exception <a 'java/lang/NoSuchMethodError'{0x00000000eb795210}: 'int java.lang.invoke.DirectMethodHandle$Holder.invokeVirtual(java.lang.Object, java.lang.Object, java.lang.Object)'> (0x00000000eb795210) 
thrown [s\src\hotspot\share\interpreter\linkResolver.cpp, line 759]
Event: 9.016 Thread 0x0000021122641740 Exception <a 'java/lang/NoSuchMethodError'{0x00000000ebb4c038}: 'int java.lang.invoke.DirectMethodHandle$Holder.invokeSpecialIFC(java.lang.Object, java.lang.Object, java.lang.Object)'> (0x00000000ebb4c038) 
thrown [s\src\hotspot\share\interpreter\linkResolver.cpp, line 759]

VM Operations (20 events):
Event: 7.008 Executing VM operation: HandshakeAllThreads
Event: 7.009 Executing VM operation: HandshakeAllThreads done
Event: 7.024 Executing VM operation: ICBufferFull
Event: 7.024 Executing VM operation: ICBufferFull done
Event: 7.145 Executing VM operation: ParallelGCFailedAllocation
Event: 7.150 Executing VM operation: ParallelGCFailedAllocation done
Event: 7.679 Executing VM operation: ParallelGCFailedAllocation
Event: 7.686 Executing VM operation: ParallelGCFailedAllocation done
Event: 7.721 Executing VM operation: HandshakeAllThreads
Event: 7.721 Executing VM operation: HandshakeAllThreads done
Event: 7.723 Executing VM operation: HandshakeAllThreads
Event: 7.723 Executing VM operation: HandshakeAllThreads done
Event: 8.186 Executing VM operation: ParallelGCFailedAllocation
Event: 8.194 Executing VM operation: ParallelGCFailedAllocation done
Event: 8.483 Executing VM operation: ParallelGCFailedAllocation
Event: 8.486 Executing VM operation: ParallelGCFailedAllocation done
Event: 8.587 Executing VM operation: ParallelGCFailedAllocation
Event: 8.589 Executing VM operation: ParallelGCFailedAllocation done
Event: 8.929 Executing VM operation: HandshakeAllThreads
Event: 8.929 Executing VM operation: HandshakeAllThreads done

Events (20 events):
Event: 8.001 loading class java/util/stream/MatchOps done
Event: 8.002 loading class java/util/stream/MatchOps$MatchOp
Event: 8.002 loading class java/util/stream/MatchOps$MatchOp done
Event: 8.003 loading class java/util/stream/MatchOps$BooleanTerminalSink
Event: 8.003 loading class java/util/stream/MatchOps$BooleanTerminalSink done
Event: 8.006 loading class java/util/stream/MatchOps$1MatchSink
Event: 8.007 loading class java/util/stream/MatchOps$1MatchSink done
Event: 8.315 loading class java/util/Collections$UnmodifiableSortedSet
Event: 8.316 loading class java/util/Collections$UnmodifiableSortedSet done
Event: 8.340 loading class jdk/internal/reflect/UnsafeIntegerFieldAccessorImpl
Event: 8.341 loading class jdk/internal/reflect/UnsafeIntegerFieldAccessorImpl done
Event: 8.511 Thread 0x0000021122640d20 Thread exited: 0x0000021122640d20
Event: 8.610 loading class java/util/regex/Pattern$Caret
Event: 8.610 loading class java/util/regex/Pattern$Caret done
Event: 8.927 loading class java/util/stream/ReduceOps$4
Event: 8.927 loading class java/util/stream/ReduceOps$4 done
Event: 8.930 loading class java/util/stream/ReduceOps$4ReducingSink
Event: 8.930 loading class java/util/stream/ReduceOps$4ReducingSink done
Event: 8.936 loading class java/nio/file/Files$2
Event: 8.937 loading class java/nio/file/Files$2 done


Dynamic libraries:
0x00007ff6bbc80000 - 0x00007ff6bbc8e000 	c:\Users\itsri\.vscode\extensions\redhat.java-1.28.1-win32-x64\jre\17.0.10-win32-x86_64\bin\java.exe
0x00007fff5ea90000 - 0x00007fff5eca6000 	C:\WINDOWS\SYSTEM32\ntdll.dll
0x00007fff5d220000 - 0x00007fff5d2e4000 	C:\WINDOWS\System32\KERNEL32.DLL
0x00007fff5c080000 - 0x00007fff5c426000 	C:\WINDOWS\System32\KERNELBASE.dll
0x00007fff5c430000 - 0x00007fff5c541000 	C:\WINDOWS\System32\ucrtbase.dll
0x00007fff407c0000 - 0x00007fff407d7000 	c:\Users\itsri\.vscode\extensions\redhat.java-1.28.1-win32-x64\jre\17.0.10-win32-x86_64\bin\jli.dll
0x00007fff3ac50000 - 0x00007fff3ac6b000 	c:\Users\itsri\.vscode\extensions\redhat.java-1.28.1-win32-x64\jre\17.0.10-win32-x86_64\bin\VCRUNTIME140.dll
0x00007fff5d4c0000 - 0x00007fff5d66d000 	C:\WINDOWS\System32\USER32.dll
0x00007fff3a390000 - 0x00007fff3a623000 	C:\WINDOWS\WinSxS\amd64_microsoft.windows.common-controls_6595b64144ccf1df_6.0.22621.3235_none_270f74e173860f98\COMCTL32.dll
0x00007fff5c6a0000 - 0x00007fff5c6c6000 	C:\WINDOWS\System32\win32u.dll
0x00007fff5dd10000 - 0x00007fff5ddb7000 	C:\WINDOWS\System32\msvcrt.dll
0x00007fff5daf0000 - 0x00007fff5db19000 	C:\WINDOWS\System32\GDI32.dll
0x00007fff5c580000 - 0x00007fff5c698000 	C:\WINDOWS\System32\gdi32full.dll
0x00007fff5c740000 - 0x00007fff5c7da000 	C:\WINDOWS\System32\msvcp_win.dll
0x00007fff5df30000 - 0x00007fff5df61000 	C:\WINDOWS\System32\IMM32.DLL
0x00007fff56de0000 - 0x00007fff56dec000 	c:\Users\itsri\.vscode\extensions\redhat.java-1.28.1-win32-x64\jre\17.0.10-win32-x86_64\bin\vcruntime140_1.dll
0x00007fff213b0000 - 0x00007fff2143d000 	c:\Users\itsri\.vscode\extensions\redhat.java-1.28.1-win32-x64\jre\17.0.10-win32-x86_64\bin\msvcp140.dll
0x00007ffefac10000 - 0x00007ffefb872000 	c:\Users\itsri\.vscode\extensions\redhat.java-1.28.1-win32-x64\jre\17.0.10-win32-x86_64\bin\server\jvm.dll
0x00007fff5c840000 - 0x00007fff5c8f2000 	C:\WINDOWS\System32\ADVAPI32.dll
0x00007fff5d2f0000 - 0x00007fff5d398000 	C:\WINDOWS\System32\sechost.dll
0x00007fff5c550000 - 0x00007fff5c578000 	C:\WINDOWS\System32\bcrypt.dll
0x00007fff5e230000 - 0x00007fff5e345000 	C:\WINDOWS\System32\RPCRT4.dll
0x00007fff38a30000 - 0x00007fff38a39000 	C:\WINDOWS\SYSTEM32\WSOCK32.dll
0x00007fff5ac20000 - 0x00007fff5ac6d000 	C:\WINDOWS\SYSTEM32\POWRPROF.dll
0x00007fff54120000 - 0x00007fff54154000 	C:\WINDOWS\SYSTEM32\WINMM.dll
0x00007fff536a0000 - 0x00007fff536aa000 	C:\WINDOWS\SYSTEM32\VERSION.dll
0x00007fff5d430000 - 0x00007fff5d4a1000 	C:\WINDOWS\System32\WS2_32.dll
0x00007fff5ac00000 - 0x00007fff5ac13000 	C:\WINDOWS\SYSTEM32\UMPDC.dll
0x00007fff5ae60000 - 0x00007fff5ae78000 	C:\WINDOWS\SYSTEM32\kernel.appcore.dll
0x00007fff45330000 - 0x00007fff4533a000 	c:\Users\itsri\.vscode\extensions\redhat.java-1.28.1-win32-x64\jre\17.0.10-win32-x86_64\bin\jimage.dll
0x00007fff59350000 - 0x00007fff59583000 	C:\WINDOWS\SYSTEM32\DBGHELP.DLL
0x00007fff5e6c0000 - 0x00007fff5ea48000 	C:\WINDOWS\System32\combase.dll
0x00007fff5de50000 - 0x00007fff5df27000 	C:\WINDOWS\System32\OLEAUT32.dll
0x00007fff42790000 - 0x00007fff427c2000 	C:\WINDOWS\SYSTEM32\dbgcore.DLL
0x00007fff5be90000 - 0x00007fff5bf0a000 	C:\WINDOWS\System32\bcryptPrimitives.dll
0x00007fff43510000 - 0x00007fff4351e000 	c:\Users\itsri\.vscode\extensions\redhat.java-1.28.1-win32-x64\jre\17.0.10-win32-x86_64\bin\instrument.dll
0x00007fff35060000 - 0x00007fff35085000 	c:\Users\itsri\.vscode\extensions\redhat.java-1.28.1-win32-x64\jre\17.0.10-win32-x86_64\bin\java.dll
0x00007fff35040000 - 0x00007fff35058000 	c:\Users\itsri\.vscode\extensions\redhat.java-1.28.1-win32-x64\jre\17.0.10-win32-x86_64\bin\zip.dll
0x00007fff5c990000 - 0x00007fff5d1ed000 	C:\WINDOWS\System32\SHELL32.dll
0x00007fff59cf0000 - 0x00007fff5a5e8000 	C:\WINDOWS\SYSTEM32\windows.storage.dll
0x00007fff59bb0000 - 0x00007fff59cee000 	C:\WINDOWS\SYSTEM32\wintypes.dll
0x00007fff5df70000 - 0x00007fff5e063000 	C:\WINDOWS\System32\SHCORE.dll
0x00007fff5c900000 - 0x00007fff5c95e000 	C:\WINDOWS\System32\shlwapi.dll
0x00007fff5bd00000 - 0x00007fff5bd26000 	C:\WINDOWS\SYSTEM32\profapi.dll
0x00007fff31e70000 - 0x00007fff31e89000 	C:\Users\itsri\.vscode\extensions\redhat.java-1.28.1-win32-x64\jre\17.0.10-win32-x86_64\bin\net.dll
0x00007fff54d80000 - 0x00007fff54eb7000 	C:\WINDOWS\SYSTEM32\WINHTTP.dll
0x00007fff5b360000 - 0x00007fff5b3c9000 	C:\WINDOWS\system32\mswsock.dll
0x00007fff31d10000 - 0x00007fff31d26000 	C:\Users\itsri\.vscode\extensions\redhat.java-1.28.1-win32-x64\jre\17.0.10-win32-x86_64\bin\nio.dll
0x00007fff43460000 - 0x00007fff43470000 	c:\Users\itsri\.vscode\extensions\redhat.java-1.28.1-win32-x64\jre\17.0.10-win32-x86_64\bin\verify.dll
0x00007fff2e000000 - 0x00007fff2e03e000 	C:\Users\itsri\AppData\Roaming\Code\User\globalStorage\redhat.java\1.28.1\config_win\org.eclipse.equinox.launcher\org.eclipse.equinox.launcher.win32.win32.x86_64_1.2.900.v20240129-1338\eclipse_11900.dll
0x00007fff5db70000 - 0x00007fff5dd0f000 	C:\WINDOWS\System32\ole32.dll
0x00007fff5b5d0000 - 0x00007fff5b5eb000 	C:\WINDOWS\SYSTEM32\CRYPTSP.dll
0x00007fff5ae20000 - 0x00007fff5ae55000 	C:\WINDOWS\system32\rsaenh.dll
0x00007fff5b470000 - 0x00007fff5b49c000 	C:\WINDOWS\SYSTEM32\USERENV.dll
0x00007fff5b5f0000 - 0x00007fff5b5fc000 	C:\WINDOWS\SYSTEM32\CRYPTBASE.dll
0x00007fff5a8c0000 - 0x00007fff5a8ed000 	C:\WINDOWS\SYSTEM32\IPHLPAPI.DLL
0x00007fff5d4b0000 - 0x00007fff5d4b9000 	C:\WINDOWS\System32\NSI.dll
0x00007fff55270000 - 0x00007fff55289000 	C:\WINDOWS\SYSTEM32\dhcpcsvc6.DLL
0x00007fff54b20000 - 0x00007fff54b3f000 	C:\WINDOWS\SYSTEM32\dhcpcsvc.DLL
0x00007fff5a930000 - 0x00007fff5aa29000 	C:\WINDOWS\SYSTEM32\DNSAPI.dll
0x00007fff2dd20000 - 0x00007fff2dd65000 	C:\Users\itsri\AppData\Local\Temp\jna-100539615\jna2179607120249807999.dll
0x00007fff5d3a0000 - 0x00007fff5d3a8000 	C:\WINDOWS\System32\PSAPI.DLL

dbghelp: loaded successfully - version: 4.0.5 - missing functions: none
symbol engine: initialized successfully - sym options: 0x614 - pdb path: .;c:\Users\itsri\.vscode\extensions\redhat.java-1.28.1-win32-x64\jre\17.0.10-win32-x86_64\bin;C:\WINDOWS\SYSTEM32;C:\WINDOWS\WinSxS\amd64_microsoft.windows.common-controls_6595b64144ccf1df_6.0.22621.3235_none_270f74e173860f98;c:\Users\itsri\.vscode\extensions\redhat.java-1.28.1-win32-x64\jre\17.0.10-win32-x86_64\bin\server;C:\Users\itsri\AppData\Roaming\Code\User\globalStorage\redhat.java\1.28.1\config_win\org.eclipse.equinox.launcher\org.eclipse.equinox.launcher.win32.win32.x86_64_1.2.900.v20240129-1338;C:\Users\itsri\AppData\Local\Temp\jna-100539615

VM Arguments:
jvm_args: --add-modules=ALL-SYSTEM --add-opens=java.base/java.util=ALL-UNNAMED --add-opens=java.base/java.lang=ALL-UNNAMED --add-opens=java.base/sun.nio.fs=ALL-UNNAMED -Declipse.application=org.eclipse.jdt.ls.core.id1 -Dosgi.bundles.defaultStartLevel=4 -Declipse.product=org.eclipse.jdt.ls.core.product -Djava.import.generatesMetadataFilesAtProjectRoot=false -DDetectVMInstallationsJob.disabled=true -Dfile.encoding=utf8 -XX:+UseParallelGC -XX:GCTimeRatio=4 -XX:AdaptiveSizePolicyWeight=90 -Dsun.zip.disableMemoryMapping=true -Xmx1G -Xms100m -Xlog:disable -javaagent:c:\Users\itsri\.vscode\extensions\redhat.java-1.28.1-win32-x64\lombok\lombok-1.18.31.jar -XX:+HeapDumpOnOutOfMemoryError -XX:HeapDumpPath=c:\Users\itsri\AppData\Roaming\Code\User\workspaceStorage\d5a2d59c3014620bdd5f7d2f23333fe2\redhat.java -Daether.dependencyCollector.impl=bf 
java_command: c:\Users\itsri\.vscode\extensions\redhat.java-1.28.1-win32-x64\server\plugins\org.eclipse.equinox.launcher_1.6.700.v20231214-2017.jar -configuration c:\Users\itsri\AppData\Roaming\Code\User\globalStorage\redhat.java\1.28.1\config_win -data c:\Users\itsri\AppData\Roaming\Code\User\workspaceStorage\d5a2d59c3014620bdd5f7d2f23333fe2\redhat.java\jdt_ws --stdio
java_class_path (initial): c:\Users\itsri\.vscode\extensions\redhat.java-1.28.1-win32-x64\server\plugins\org.eclipse.equinox.launcher_1.6.700.v20231214-2017.jar
Launcher Type: SUN_STANDARD

[Global flags]
    uintx AdaptiveSizePolicyWeight                 = 90                                        {product} {command line}
     intx CICompilerCount                          = 4                                         {product} {ergonomic}
    uintx GCTimeRatio                              = 4                                         {product} {command line}
     bool HeapDumpOnOutOfMemoryError               = true                                   {manageable} {command line}
    ccstr HeapDumpPath                             = c:\Users\itsri\AppData\Roaming\Code\User\workspaceStorage\d5a2d59c3014620bdd5f7d2f23333fe2\redhat.java         {manageable} {command line}
   size_t InitialHeapSize                          = 104857600                                 {product} {command line}
   size_t MaxHeapSize                              = 1073741824                                {product} {command line}
   size_t MaxNewSize                               = 357564416                                 {product} {ergonomic}
   size_t MinHeapDeltaBytes                        = 524288                                    {product} {ergonomic}
   size_t MinHeapSize                              = 104857600                                 {product} {command line}
   size_t NewSize                                  = 34603008                                  {product} {ergonomic}
    uintx NonNMethodCodeHeapSize                   = 5839372                                {pd product} {ergonomic}
    uintx NonProfiledCodeHeapSize                  = 122909434                              {pd product} {ergonomic}
   size_t OldSize                                  = 70254592                                  {product} {ergonomic}
    uintx ProfiledCodeHeapSize                     = 122909434                              {pd product} {ergonomic}
    uintx ReservedCodeCacheSize                    = 251658240                              {pd product} {ergonomic}
     bool SegmentedCodeCache                       = true                                      {product} {ergonomic}
   size_t SoftMaxHeapSize                          = 1073741824                             {manageable} {ergonomic}
     bool UseCompressedClassPointers               = true                           {product lp64_product} {ergonomic}
     bool UseCompressedOops                        = true                           {product lp64_product} {ergonomic}
     bool UseLargePagesIndividualAllocation        = false                                  {pd product} {ergonomic}
     bool UseParallelGC                            = true                                      {product} {command line}

Logging:
Log output configuration:
 #0: stdout all=off uptime,level,tags
 #1: stderr all=off uptime,level,tags

Environment Variables:
JAVA_HOME=C:\Program Files\Java\jdk-21
PATH=C:\Program Files\Python312\Scripts\;C:\Program Files\Python312\;C:\Program Files\Common Files\Oracle\Java\javapath;C:\Program Files\Microsoft\jdk-21.0.1.12-hotspot\bin;C:\Windows\system32;C:\Windows;C:\Windows\System32\Wbem;C:\Windows\System32\WindowsPowerShell\v1.0\;C:\Windows\System32\OpenSSH\;C:\Program Files (x86)\NVIDIA Corporation\PhysX\Common;C:\Program Files\NVIDIA Corporation\NVIDIA NvDLISR;C:\WINDOWS\system32;C:\WINDOWS;C:\WINDOWS\System32\Wbem;C:\WINDOWS\System32\WindowsPowerShell\v1.0\;C:\WINDOWS\System32\OpenSSH\;C:\Program Files\MySQL\MySQL Server 8.0\bin;C:\Program Files\Java\jdk-21\bin;C:\Program Files\Common Files\Oracle\Java\javapath;C:\Program Files\MySQL\MySQL Shell 8.0\bin\;C:\Users\itsri\AppData\Local\Microsoft\WindowsApps;C:\Users\itsri\AppData\Local\Programs\Microsoft VS Code\bin;C:\Program Files\JetBrains\IntelliJ IDEA Community Edition 2023.3.2\bin;C:\Program Files\JetBrains\PyCharm 2023.3.3\bin;
USERNAME=itsri
OS=Windows_NT
PROCESSOR_IDENTIFIER=Intel64 Family 6 Model 165 Stepping 2, GenuineIntel
TMP=C:\Users\itsri\AppData\Local\Temp
TEMP=C:\Users\itsri\AppData\Local\Temp



Periodic native trim disabled


---------------  S Y S T E M  ---------------

OS:
 Windows 11 , 64 bit Build 22621 (10.0.22621.3235)
OS uptime: 0 days 1:32 hours
Hyper-V role detected

CPU: total 12 (initial active 12) (6 cores per cpu, 2 threads per core) family 6 model 165 stepping 2 microcode 0xea, cx8, cmov, fxsr, ht, mmx, 3dnowpref, sse, sse2, sse3, ssse3, sse4.1, sse4.2, popcnt, lzcnt, tsc, tscinvbit, avx, avx2, aes, erms, clmul, bmi1, bmi2, adx, fma, vzeroupper, clflush, clflushopt, hv
Processor Information for all 12 processors :
  Max Mhz: 2496, Current Mhz: 2496, Mhz Limit: 2496

Memory: 4k page, system-wide physical 8059M (604M free)
TotalPageFile size 32635M (AvailPageFile size 6M)
current process WorkingSet (physical memory assigned to process): 234M, peak: 237M
current process commit charge ("private bytes"): 316M, peak: 320M

vm_info: OpenJDK 64-Bit Server VM (17.0.10+7) for windows-amd64 JRE (17.0.10+7), built on Jan 16 2024 23:25:11 by "admin" with MS VC++ 16.10 / 16.11 (VS2019)

END.
