#
# There is insufficient memory for the Java Runtime Environment to continue.
# Native memory allocation (mmap) failed to map 132120576 bytes for G1 virtual space
# Possible reasons:
#   The system is out of physical RAM or swap space
#   The process is running with CompressedOops enabled, and the Java Heap may be blocking the growth of the native heap
# Possible solutions:
#   Reduce memory load on the system
#   Increase physical memory or swap space
#   Check if swap backing store is full
#   Decrease Java heap size (-Xmx/-Xms)
#   Decrease number of Java threads
#   Decrease Java thread stack sizes (-Xss)
#   Set larger code cache with -XX:ReservedCodeCacheSize=
#   JVM is running with Unscaled Compressed Oops mode in which the Java heap is
#     placed in the first 4GB address space. The Java Heap base address is the
#     maximum limit for the native heap growth. Please use -XX:HeapBaseMinAddress
#     to set the Java Heap base and to place the Java Heap above 4GB virtual address.
# This output file may be truncated or incomplete.
#
#  Out of Memory Error (os_windows.cpp:3600), pid=9260, tid=26116
#
# JRE version:  (21.0.1+12) (build )
# Java VM: Java HotSpot(TM) 64-Bit Server VM (21.0.1+12-LTS-29, mixed mode, sharing, tiered, compressed oops, compressed class ptrs, g1 gc, windows-amd64)
# No core dump will be written. Minidumps are not enabled by default on client versions of Windows
#

---------------  S U M M A R Y ------------

Command Line: --enable-preview -XX:+ShowCodeDetailsInExceptionMessages searchRoom

Host: Intel(R) Core(TM) i5-10500H CPU @ 2.50GHz, 12 cores, 7G,  Windows 11 , 64 bit Build 22621 (10.0.22621.3235)
Time: Wed Mar 27 16:15:10 2024 India Standard Time elapsed time: 0.009575 seconds (0d 0h 0m 0s)

---------------  T H R E A D  ---------------

Current thread (0x00000294186876f0):  JavaThread "Unknown thread" [_thread_in_vm, id=26116, stack(0x000000b4f0200000,0x000000b4f0300000) (1024K)]

Stack: [0x000000b4f0200000,0x000000b4f0300000]
Native frames: (J=compiled Java code, j=interpreted, Vv=VM code, C=native code)
V  [jvm.dll+0x6c9029]
V  [jvm.dll+0x854b81]
V  [jvm.dll+0x856e5e]
V  [jvm.dll+0x857543]
V  [jvm.dll+0x280c06]
V  [jvm.dll+0x6c5715]
V  [jvm.dll+0x6ba10a]
V  [jvm.dll+0x3557ea]
V  [jvm.dll+0x35d436]
V  [jvm.dll+0x3ae1be]
V  [jvm.dll+0x3ae468]
V  [jvm.dll+0x3291fc]
V  [jvm.dll+0x329d8b]
V  [jvm.dll+0x81d179]
V  [jvm.dll+0x3bb4f1]
V  [jvm.dll+0x805ae8]
V  [jvm.dll+0x44effe]
V  [jvm.dll+0x450901]
C  [jli.dll+0x52a3]
C  [ucrtbase.dll+0x29363]
C  [KERNEL32.DLL+0x1257d]
C  [ntdll.dll+0x5aa58]


---------------  P R O C E S S  ---------------

Threads class SMR info:
_java_thread_list=0x00007ffee53b9b88, length=0, elements={
}

Java Threads: ( => current thread )
Total: 0

Other Threads:
  0x000002941a96e080 WorkerThread "GC Thread#0"                     [id=2420, stack(0x000000b4f0300000,0x000000b4f0400000) (1024K)]
  0x000002941a97f9a0 ConcurrentGCThread "G1 Main Marker"            [id=34452, stack(0x000000b4f0400000,0x000000b4f0500000) (1024K)]
  0x000002941a980b40 WorkerThread "G1 Conc#0"                       [id=7784, stack(0x000000b4f0500000,0x000000b4f0600000) (1024K)]

[error occurred during error reporting (printing all threads), id 0xc0000005, EXCEPTION_ACCESS_VIOLATION (0xc0000005) at pc=0x00007ffee4b2c2c7]
VM state: not at safepoint (not fully initialized)

VM Mutex/Monitor currently owned by a thread:  ([mutex/lock_event])
[0x00007ffee542a6f8] Heap_lock - owner thread: 0x00000294186876f0

Heap address: 0x0000000082000000, size: 2016 MB, Compressed Oops mode: 32-bit

CDS archive(s) mapped at: [0x0000000000000000-0x0000000000000000-0x0000000000000000), size 0, SharedBaseAddress: 0x0000000800000000, ArchiveRelocationMode: 1.
Narrow klass base: 0x0000000000000000, Narrow klass shift: 0, Narrow klass range: 0x0

GC Precious Log:
 CardTable entry size: 512
 Card Set container configuration: InlinePtr #cards 5 size 8 Array Of Cards #cards 12 size 40 Howl #buckets 4 coarsen threshold 1843 Howl Bitmap #cards 512 size 80 coarsen threshold 460 Card regions per heap region 1 cards per card region 2048

Heap:
 garbage-first heap   total 0K, used 0K [0x0000000082000000, 0x0000000100000000)
  region size 1024K, 0 young (0K), 0 survivors (0K)

[error occurred during error reporting (printing heap information), id 0xc0000005, EXCEPTION_ACCESS_VIOLATION (0xc0000005) at pc=0x00007ffee4f11be9]
GC Heap History (0 events):
No events

Dll operation events (1 events):
Event: 0.005 Loaded shared library C:\Program Files\Java\jdk-21\bin\java.dll

Deoptimization events (0 events):
No events

Classes loaded (0 events):
No events

Classes unloaded (0 events):
No events

Classes redefined (0 events):
No events

Internal exceptions (0 events):
No events

ZGC Phase Switch (0 events):
No events

VM Operations (0 events):
No events

Events (0 events):
No events


Dynamic libraries:
0x00007ff79f490000 - 0x00007ff79f4a0000 	C:\Program Files\Java\jdk-21\bin\java.exe
0x00007fff5ea90000 - 0x00007fff5eca6000 	C:\WINDOWS\SYSTEM32\ntdll.dll
0x00007fff5d220000 - 0x00007fff5d2e4000 	C:\WINDOWS\System32\KERNEL32.DLL
0x00007fff5c080000 - 0x00007fff5c426000 	C:\WINDOWS\System32\KERNELBASE.dll
0x00007fff5c430000 - 0x00007fff5c541000 	C:\WINDOWS\System32\ucrtbase.dll
0x00007fff54ee0000 - 0x00007fff54efb000 	C:\Program Files\Java\jdk-21\bin\VCRUNTIME140.dll
0x00007ffef14f0000 - 0x00007ffef1509000 	C:\Program Files\Java\jdk-21\bin\jli.dll
0x00007fff5c840000 - 0x00007fff5c8f2000 	C:\WINDOWS\System32\ADVAPI32.dll
0x00007fff5dd10000 - 0x00007fff5ddb7000 	C:\WINDOWS\System32\msvcrt.dll
0x00007fff5d2f0000 - 0x00007fff5d398000 	C:\WINDOWS\System32\sechost.dll
0x00007fff5c550000 - 0x00007fff5c578000 	C:\WINDOWS\System32\bcrypt.dll
0x00007fff5e230000 - 0x00007fff5e345000 	C:\WINDOWS\System32\RPCRT4.dll
0x00007fff5d4c0000 - 0x00007fff5d66d000 	C:\WINDOWS\System32\USER32.dll
0x00007fff5c6a0000 - 0x00007fff5c6c6000 	C:\WINDOWS\System32\win32u.dll
0x00007fff3a390000 - 0x00007fff3a623000 	C:\WINDOWS\WinSxS\amd64_microsoft.windows.common-controls_6595b64144ccf1df_6.0.22621.3235_none_270f74e173860f98\COMCTL32.dll
0x00007fff5daf0000 - 0x00007fff5db19000 	C:\WINDOWS\System32\GDI32.dll
0x00007fff5c580000 - 0x00007fff5c698000 	C:\WINDOWS\System32\gdi32full.dll
0x00007fff5c740000 - 0x00007fff5c7da000 	C:\WINDOWS\System32\msvcp_win.dll
0x00007fff536a0000 - 0x00007fff536aa000 	C:\WINDOWS\SYSTEM32\VERSION.dll
0x00007fff5df30000 - 0x00007fff5df61000 	C:\WINDOWS\System32\IMM32.DLL
0x00007fff56e70000 - 0x00007fff56e7c000 	C:\Program Files\Java\jdk-21\bin\vcruntime140_1.dll
0x00007ffeec8a0000 - 0x00007ffeec92e000 	C:\Program Files\Java\jdk-21\bin\msvcp140.dll
0x00007ffee47f0000 - 0x00007ffee5505000 	C:\Program Files\Java\jdk-21\bin\server\jvm.dll
0x00007fff5d430000 - 0x00007fff5d4a1000 	C:\WINDOWS\System32\WS2_32.dll
0x00007fff5ac20000 - 0x00007fff5ac6d000 	C:\WINDOWS\SYSTEM32\POWRPROF.dll
0x00007fff54120000 - 0x00007fff54154000 	C:\WINDOWS\SYSTEM32\WINMM.dll
0x00007fff5ac00000 - 0x00007fff5ac13000 	C:\WINDOWS\SYSTEM32\UMPDC.dll
0x00007fff5ae60000 - 0x00007fff5ae78000 	C:\WINDOWS\SYSTEM32\kernel.appcore.dll
0x00007fff54ed0000 - 0x00007fff54eda000 	C:\Program Files\Java\jdk-21\bin\jimage.dll
0x00007fff59350000 - 0x00007fff59583000 	C:\WINDOWS\SYSTEM32\DBGHELP.DLL
0x00007fff5e6c0000 - 0x00007fff5ea48000 	C:\WINDOWS\System32\combase.dll
0x00007fff5de50000 - 0x00007fff5df27000 	C:\WINDOWS\System32\OLEAUT32.dll
0x00007fff42790000 - 0x00007fff427c2000 	C:\WINDOWS\SYSTEM32\dbgcore.DLL
0x00007fff5be90000 - 0x00007fff5bf0a000 	C:\WINDOWS\System32\bcryptPrimitives.dll
0x00007ffef0f40000 - 0x00007ffef0f5f000 	C:\Program Files\Java\jdk-21\bin\java.dll

dbghelp: loaded successfully - version: 4.0.5 - missing functions: none
symbol engine: initialized successfully - sym options: 0x614 - pdb path: .;C:\Program Files\Java\jdk-21\bin;C:\WINDOWS\SYSTEM32;C:\WINDOWS\WinSxS\amd64_microsoft.windows.common-controls_6595b64144ccf1df_6.0.22621.3235_none_270f74e173860f98;C:\Program Files\Java\jdk-21\bin\server

VM Arguments:
jvm_args: --enable-preview -XX:+ShowCodeDetailsInExceptionMessages 
java_command: searchRoom
java_class_path (initial): C:\Users\itsri\AppData\Roaming\Code\User\workspaceStorage\d5a2d59c3014620bdd5f7d2f23333fe2\redhat.java\jdt_ws\Hotem management system_1a399c48\bin;c:\Program Files (x86)\MySQL\mysql-connector-j-8.0.33\mysql-connector-j-8.0.33.jar;c:\Users\itsri\Downloads\rs2xml.jar
Launcher Type: SUN_STANDARD

[Global flags]
     intx CICompilerCount                          = 4                                         {product} {ergonomic}
     uint ConcGCThreads                            = 3                                         {product} {ergonomic}
     uint G1ConcRefinementThreads                  = 10                                        {product} {ergonomic}
   size_t G1HeapRegionSize                         = 1048576                                   {product} {ergonomic}
    uintx GCDrainStackTargetSize                   = 64                                        {product} {ergonomic}
   size_t InitialHeapSize                          = 132120576                                 {product} {ergonomic}
   size_t MarkStackSize                            = 4194304                                   {product} {ergonomic}
   size_t MaxHeapSize                              = 2113929216                                {product} {ergonomic}
   size_t MinHeapDeltaBytes                        = 1048576                                   {product} {ergonomic}
   size_t MinHeapSize                              = 8388608                                   {product} {ergonomic}
    uintx NonNMethodCodeHeapSize                   = 5839372                                {pd product} {ergonomic}
    uintx NonProfiledCodeHeapSize                  = 122909434                              {pd product} {ergonomic}
    uintx ProfiledCodeHeapSize                     = 122909434                              {pd product} {ergonomic}
    uintx ReservedCodeCacheSize                    = 251658240                              {pd product} {ergonomic}
     bool SegmentedCodeCache                       = true                                      {product} {ergonomic}
     bool ShowCodeDetailsInExceptionMessages       = true                                   {manageable} {command line}
   size_t SoftMaxHeapSize                          = 2113929216                             {manageable} {ergonomic}
     bool UseCompressedOops                        = true                           {product lp64_product} {ergonomic}
     bool UseG1GC                                  = true                                      {product} {ergonomic}
     bool UseLargePagesIndividualAllocation        = false                                  {pd product} {ergonomic}

Logging:
Log output configuration:
 #0: stdout all=warning uptime,level,tags foldmultilines=false
 #1: stderr all=off uptime,level,tags foldmultilines=false

Environment Variables:
JAVA_HOME=C:\Program Files\Java\jdk-21
PATH=C:\Program Files\Python312\Scripts\;C:\Program Files\Python312\;C:\Program Files\Common Files\Oracle\Java\javapath;C:\Program Files\Microsoft\jdk-21.0.1.12-hotspot\bin;C:\Windows\system32;C:\Windows;C:\Windows\System32\Wbem;C:\Windows\System32\WindowsPowerShell\v1.0\;C:\Windows\System32\OpenSSH\;C:\Program Files (x86)\NVIDIA Corporation\PhysX\Common;C:\Program Files\NVIDIA Corporation\NVIDIA NvDLISR;C:\WINDOWS\system32;C:\WINDOWS;C:\WINDOWS\System32\Wbem;C:\WINDOWS\System32\WindowsPowerShell\v1.0\;C:\WINDOWS\System32\OpenSSH\;C:\Program Files\MySQL\MySQL Server 8.0\bin;C:\Program Files\Java\jdk-21\bin;C:\Program Files\Common Files\Oracle\Java\javapath;C:\Program Files\MySQL\MySQL Shell 8.0\bin\;C:\Users\itsri\AppData\Local\Microsoft\WindowsApps;C:\Users\itsri\AppData\Local\Programs\Microsoft VS Code\bin;C:\Program Files\JetBrains\IntelliJ IDEA Community Edition 2023.3.2\bin;C:\Program Files\JetBrains\PyCharm 2023.3.3\bin;
USERNAME=itsri
LANG=en_US.UTF-8
OS=Windows_NT
PROCESSOR_IDENTIFIER=Intel64 Family 6 Model 165 Stepping 2, GenuineIntel
TMP=C:\Users\itsri\AppData\Local\Temp
TEMP=C:\Users\itsri\AppData\Local\Temp




Periodic native trim disabled

---------------  S Y S T E M  ---------------

OS:
 Windows 11 , 64 bit Build 22621 (10.0.22621.3235)
OS uptime: 0 days 21:25 hours
Hyper-V role detected

CPU: total 12 (initial active 12) (6 cores per cpu, 2 threads per core) family 6 model 165 stepping 2 microcode 0xea, cx8, cmov, fxsr, ht, mmx, 3dnowpref, sse, sse2, sse3, ssse3, sse4.1, sse4.2, popcnt, lzcnt, tsc, tscinvbit, avx, avx2, aes, erms, clmul, bmi1, bmi2, adx, fma, vzeroupper, clflush, clflushopt, hv, rdtscp, f16c
Processor Information for all 12 processors :
  Max Mhz: 2496, Current Mhz: 2496, Mhz Limit: 2496

Memory: 4k page, system-wide physical 8059M (309M free)
TotalPageFile size 32635M (AvailPageFile size 57M)
current process WorkingSet (physical memory assigned to process): 11M, peak: 11M
current process commit charge ("private bytes"): 64M, peak: 190M

vm_info: Java HotSpot(TM) 64-Bit Server VM (21.0.1+12-LTS-29) for windows-amd64 JRE (21.0.1+12-LTS-29), built on 2023-10-05T13:27:09Z by "mach5one" with MS VC++ 17.1 (VS2022)

END.
